[2020-07-18 20:00:59,042] {taskinstance.py:670} INFO - Dependencies all met for <TaskInstance: etl_preprocessing.raw-to-db_web 2020-07-18T00:00:00+00:00 [queued]>
[2020-07-18 20:00:59,051] {taskinstance.py:670} INFO - Dependencies all met for <TaskInstance: etl_preprocessing.raw-to-db_web 2020-07-18T00:00:00+00:00 [queued]>
[2020-07-18 20:00:59,051] {taskinstance.py:880} INFO - 
--------------------------------------------------------------------------------
[2020-07-18 20:00:59,051] {taskinstance.py:881} INFO - Starting attempt 1 of 1
[2020-07-18 20:00:59,051] {taskinstance.py:882} INFO - 
--------------------------------------------------------------------------------
[2020-07-18 20:00:59,057] {taskinstance.py:901} INFO - Executing <Task(DockerOperator): raw-to-db_web> on 2020-07-18T00:00:00+00:00
[2020-07-18 20:00:59,059] {standard_task_runner.py:54} INFO - Started process 58388 to run task
[2020-07-18 20:00:59,087] {standard_task_runner.py:77} INFO - Running: ['airflow', 'run', 'etl_preprocessing', 'raw-to-db_web', '2020-07-18T00:00:00+00:00', '--job_id', '81', '--pool', 'default_pool', '--raw', '-sd', 'DAGS_FOLDER/elt_preprocessing.py', '--cfg_path', '/var/folders/00/80wjhvv115lcj4bckmhhb8x40000gn/T/tmpdnd_jrdu']
[2020-07-18 20:00:59,088] {standard_task_runner.py:78} INFO - Job 81: Subtask raw-to-db_web
[2020-07-18 20:00:59,114] {logging_mixin.py:112} INFO - Running %s on host %s <TaskInstance: etl_preprocessing.raw-to-db_web 2020-07-18T00:00:00+00:00 [running]> 1.0.0.0.0.0.0.0.0.0.0.0.0.0.0.0.0.0.0.0.0.0.0.0.0.0.0.0.0.0.0.0.ip6.arpa
[2020-07-18 20:00:59,252] {docker_operator.py:210} INFO - Starting docker container from image raw_to_db_web:latest
[2020-07-18 20:00:59,907] {docker_operator.py:243} INFO - Input Notebook:  notebooks/raw_to_sql.ipynb
Output Notebook: notebooks/output/raw_to_sql_exec_111111.ipynb
[2020-07-18 20:01:01,044] {docker_operator.py:243} INFO - Executing notebook with kernel: venv-kensho-raw-to-db
Executing Cell 1---------------------------------------
[2020-07-18 20:01:01,057] {docker_operator.py:243} INFO - Ending Cell 1------------------------------------------
[2020-07-18 20:01:01,068] {docker_operator.py:243} INFO - Executing Cell 2---------------------------------------
[2020-07-18 20:01:01,079] {docker_operator.py:243} INFO - Ending Cell 2------------------------------------------
[2020-07-18 20:01:01,094] {docker_operator.py:243} INFO - Executing Cell 3---------------------------------------
[2020-07-18 20:01:01,105] {docker_operator.py:243} INFO - Ending Cell 3------------------------------------------
[2020-07-18 20:01:01,124] {docker_operator.py:243} INFO - Executing Cell 4---------------------------------------
[2020-07-18 20:01:01,473] {docker_operator.py:243} INFO - Ending Cell 4------------------------------------------
[2020-07-18 20:01:01,485] {docker_operator.py:243} INFO - Executing Cell 5---------------------------------------
[2020-07-18 20:01:01,496] {docker_operator.py:243} INFO - Ending Cell 5------------------------------------------
[2020-07-18 20:01:01,509] {docker_operator.py:243} INFO - Executing Cell 6---------------------------------------
[2020-07-18 20:01:01,521] {docker_operator.py:243} INFO - Ending Cell 6------------------------------------------
[2020-07-18 20:01:01,534] {docker_operator.py:243} INFO - Executing Cell 7---------------------------------------
[2020-07-18 20:01:01,545] {docker_operator.py:243} INFO - Ending Cell 7------------------------------------------
[2020-07-18 20:01:01,558] {docker_operator.py:243} INFO - Executing Cell 8---------------------------------------
[2020-07-18 20:01:01,578] {docker_operator.py:243} INFO - Ending Cell 8------------------------------------------
[2020-07-18 20:01:01,589] {docker_operator.py:243} INFO - Executing Cell 9---------------------------------------
[2020-07-18 20:01:01,600] {docker_operator.py:243} INFO - Ending Cell 9------------------------------------------
[2020-07-18 20:01:01,613] {docker_operator.py:243} INFO - Executing Cell 10--------------------------------------
[2020-07-18 20:01:01,654] {docker_operator.py:243} INFO - sepal_length  sepal_width  petal_length  petal_width species  \
0           5.1          3.5           1.4          0.2  setosa   
1           4.9          3.0           1.4          0.2  setosa   
2           4.7          3.2           1.3          0.2  setosa   
3           4.6          3.1           1.5          0.2  setosa   
4           5.0          3.6           1.4          0.2  setosa   

                   timestamp  
0 2020-07-19 00:01:01.641900  
1 2020-07-19 00:01:01.641900  
2 2020-07-19 00:01:01.641900  
3 2020-07-19 00:01:01.641900  
4 2020-07-19 00:01:01.641900
[2020-07-18 20:01:01,656] {docker_operator.py:243} INFO - Ending Cell 10-----------------------------------------
[2020-07-18 20:01:01,669] {docker_operator.py:243} INFO - Executing Cell 11--------------------------------------
[2020-07-18 20:01:01,682] {docker_operator.py:243} INFO - Ending Cell 11-----------------------------------------
[2020-07-18 20:01:01,694] {docker_operator.py:243} INFO - Executing Cell 12--------------------------------------
[2020-07-18 20:01:01,707] {docker_operator.py:243} INFO - Ending Cell 12-----------------------------------------
[2020-07-18 20:01:01,719] {docker_operator.py:243} INFO - Executing Cell 13--------------------------------------
[2020-07-18 20:01:01,743] {docker_operator.py:243} INFO - Ending Cell 13-----------------------------------------
[2020-07-18 20:01:01,755] {docker_operator.py:243} INFO - Executing Cell 14--------------------------------------
[2020-07-18 20:01:01,776] {docker_operator.py:243} INFO - docker.for.mac.host.internal
[2020-07-18 20:01:01,780] {docker_operator.py:243} INFO - Ending Cell 14-----------------------------------------
[2020-07-18 20:01:01,794] {docker_operator.py:243} INFO - Executing Cell 15--------------------------------------
[2020-07-18 20:01:01,922] {docker_operator.py:243} INFO - Ending Cell 15-----------------------------------------
[2020-07-18 20:01:01,934] {docker_operator.py:243} INFO - Executing Cell 16--------------------------------------
[2020-07-18 20:01:01,957] {docker_operator.py:243} INFO - docker.for.mac.host.internal
[2020-07-18 20:01:01,959] {docker_operator.py:243} INFO - Ending Cell 16-----------------------------------------
[2020-07-18 20:01:01,973] {docker_operator.py:243} INFO - Executing Cell 17--------------------------------------
[2020-07-18 20:01:01,987] {docker_operator.py:243} INFO - Ending Cell 17-----------------------------------------
[2020-07-18 20:01:02,002] {docker_operator.py:243} INFO - Executing Cell 18--------------------------------------
[2020-07-18 20:01:02,115] {docker_operator.py:243} INFO - worked on run 3
[2020-07-18 20:01:02,117] {docker_operator.py:243} INFO - Ending Cell 18-----------------------------------------
[2020-07-18 20:01:02,130] {docker_operator.py:243} INFO - Executing Cell 19--------------------------------------
[2020-07-18 20:01:02,151] {docker_operator.py:243} INFO - {'host': 'docker.for.mac.host.internal',
 'port': 3306,
 'user': 'mendes',
 'password': 'test',
 'database': 'test_db'}
[2020-07-18 20:01:02,156] {docker_operator.py:243} INFO - Ending Cell 19-----------------------------------------
[2020-07-18 20:01:02,180] {docker_operator.py:243} INFO - Executing Cell 20--------------------------------------
[2020-07-18 20:01:02,200] {docker_operator.py:243} INFO - Ending Cell 20-----------------------------------------
[2020-07-18 20:01:02,841] {taskinstance.py:1070} INFO - Marking task as SUCCESS.dag_id=etl_preprocessing, task_id=raw-to-db_web, execution_date=20200718T000000, start_date=20200719T000059, end_date=20200719T000102
[2020-07-18 20:01:04,037] {local_task_job.py:102} INFO - Task exited with return code 0
