[2020-07-18 17:25:04,320] {taskinstance.py:670} INFO - Dependencies all met for <TaskInstance: etl_preprocessing.raw-to-db_web 2020-07-18T21:24:15.783945+00:00 [queued]>
[2020-07-18 17:25:04,325] {taskinstance.py:670} INFO - Dependencies all met for <TaskInstance: etl_preprocessing.raw-to-db_web 2020-07-18T21:24:15.783945+00:00 [queued]>
[2020-07-18 17:25:04,326] {taskinstance.py:880} INFO - 
--------------------------------------------------------------------------------
[2020-07-18 17:25:04,326] {taskinstance.py:881} INFO - Starting attempt 1 of 1
[2020-07-18 17:25:04,326] {taskinstance.py:882} INFO - 
--------------------------------------------------------------------------------
[2020-07-18 17:25:04,331] {taskinstance.py:901} INFO - Executing <Task(DockerOperator): raw-to-db_web> on 2020-07-18T21:24:15.783945+00:00
[2020-07-18 17:25:04,333] {standard_task_runner.py:54} INFO - Started process 45252 to run task
[2020-07-18 17:25:04,358] {standard_task_runner.py:77} INFO - Running: ['airflow', 'run', 'etl_preprocessing', 'raw-to-db_web', '2020-07-18T21:24:15.783945+00:00', '--job_id', '67', '--pool', 'default_pool', '--raw', '-sd', 'DAGS_FOLDER/elt_preprocessing.py', '--cfg_path', '/var/folders/00/80wjhvv115lcj4bckmhhb8x40000gn/T/tmplfb5t9qi']
[2020-07-18 17:25:04,359] {standard_task_runner.py:78} INFO - Job 67: Subtask raw-to-db_web
[2020-07-18 17:25:04,382] {logging_mixin.py:112} INFO - Running %s on host %s <TaskInstance: etl_preprocessing.raw-to-db_web 2020-07-18T21:24:15.783945+00:00 [running]> 1.0.0.0.0.0.0.0.0.0.0.0.0.0.0.0.0.0.0.0.0.0.0.0.0.0.0.0.0.0.0.0.ip6.arpa
[2020-07-18 17:25:04,503] {docker_operator.py:210} INFO - Starting docker container from image raw_to_db_web:latest
[2020-07-18 17:25:05,052] {docker_operator.py:243} INFO - Input Notebook:  notebooks/raw_to_sql.ipynb
Output Notebook: notebooks/output/raw_to_sql_exec_111111.ipynb
[2020-07-18 17:25:05,929] {docker_operator.py:243} INFO - Executing notebook with kernel: venv-kensho-raw-to-db
Executing Cell 1---------------------------------------
[2020-07-18 17:25:05,942] {docker_operator.py:243} INFO - Ending Cell 1------------------------------------------
[2020-07-18 17:25:05,953] {docker_operator.py:243} INFO - Executing Cell 2---------------------------------------
[2020-07-18 17:25:05,963] {docker_operator.py:243} INFO - Ending Cell 2------------------------------------------
[2020-07-18 17:25:05,974] {docker_operator.py:243} INFO - Executing Cell 3---------------------------------------
[2020-07-18 17:25:05,985] {docker_operator.py:243} INFO - Ending Cell 3------------------------------------------
[2020-07-18 17:25:05,995] {docker_operator.py:243} INFO - Executing Cell 4---------------------------------------
[2020-07-18 17:25:06,294] {docker_operator.py:243} INFO - Ending Cell 4------------------------------------------
[2020-07-18 17:25:06,305] {docker_operator.py:243} INFO - Executing Cell 5---------------------------------------
[2020-07-18 17:25:06,317] {docker_operator.py:243} INFO - Ending Cell 5------------------------------------------
[2020-07-18 17:25:06,328] {docker_operator.py:243} INFO - Executing Cell 6---------------------------------------
[2020-07-18 17:25:06,338] {docker_operator.py:243} INFO - Ending Cell 6------------------------------------------
[2020-07-18 17:25:06,349] {docker_operator.py:243} INFO - Executing Cell 7---------------------------------------
[2020-07-18 17:25:06,359] {docker_operator.py:243} INFO - Ending Cell 7------------------------------------------
[2020-07-18 17:25:06,369] {docker_operator.py:243} INFO - Executing Cell 8---------------------------------------
[2020-07-18 17:25:06,388] {docker_operator.py:243} INFO - Ending Cell 8------------------------------------------
[2020-07-18 17:25:06,399] {docker_operator.py:243} INFO - Executing Cell 9---------------------------------------
[2020-07-18 17:25:06,409] {docker_operator.py:243} INFO - Ending Cell 9------------------------------------------
[2020-07-18 17:25:06,420] {docker_operator.py:243} INFO - Executing Cell 10--------------------------------------
[2020-07-18 17:25:06,458] {docker_operator.py:243} INFO - sepal_length  sepal_width  petal_length  petal_width species  \
0           5.1          3.5           1.4          0.2  setosa   
1           4.9          3.0           1.4          0.2  setosa   
2           4.7          3.2           1.3          0.2  setosa   
3           4.6          3.1           1.5          0.2  setosa   
4           5.0          3.6           1.4          0.2  setosa   

                   timestamp  
0 2020-07-18 21:25:06.446218  
1 2020-07-18 21:25:06.446218  
2 2020-07-18 21:25:06.446218  
3 2020-07-18 21:25:06.446218  
4 2020-07-18 21:25:06.446218
[2020-07-18 17:25:06,461] {docker_operator.py:243} INFO - Ending Cell 10-----------------------------------------
[2020-07-18 17:25:06,472] {docker_operator.py:243} INFO - Executing Cell 11--------------------------------------
[2020-07-18 17:25:06,484] {docker_operator.py:243} INFO - Ending Cell 11-----------------------------------------
[2020-07-18 17:25:06,495] {docker_operator.py:243} INFO - Executing Cell 12--------------------------------------
[2020-07-18 17:25:06,506] {docker_operator.py:243} INFO - Ending Cell 12-----------------------------------------
[2020-07-18 17:25:06,518] {docker_operator.py:243} INFO - Executing Cell 13--------------------------------------
[2020-07-18 17:25:06,536] {docker_operator.py:243} INFO - Ending Cell 13-----------------------------------------
[2020-07-18 17:25:06,547] {docker_operator.py:243} INFO - Executing Cell 14--------------------------------------
[2020-07-18 17:25:06,563] {docker_operator.py:243} INFO - docker.for.mac.host.internal
[2020-07-18 17:25:06,567] {docker_operator.py:243} INFO - Ending Cell 14-----------------------------------------
[2020-07-18 17:25:06,579] {docker_operator.py:243} INFO - Executing Cell 15--------------------------------------
[2020-07-18 17:25:06,695] {docker_operator.py:243} INFO - Ending Cell 15-----------------------------------------
[2020-07-18 17:25:06,707] {docker_operator.py:243} INFO - Executing Cell 16--------------------------------------
[2020-07-18 17:25:06,725] {docker_operator.py:243} INFO - docker.for.mac.host.internal
[2020-07-18 17:25:06,728] {docker_operator.py:243} INFO - Ending Cell 16-----------------------------------------
[2020-07-18 17:25:06,740] {docker_operator.py:243} INFO - Executing Cell 17--------------------------------------
[2020-07-18 17:25:06,753] {docker_operator.py:243} INFO - Ending Cell 17-----------------------------------------
[2020-07-18 17:25:06,764] {docker_operator.py:243} INFO - Executing Cell 18--------------------------------------
[2020-07-18 17:25:06,866] {docker_operator.py:243} INFO - worked on run 3
[2020-07-18 17:25:06,868] {docker_operator.py:243} INFO - Ending Cell 18-----------------------------------------
[2020-07-18 17:25:06,881] {docker_operator.py:243} INFO - Executing Cell 19--------------------------------------
[2020-07-18 17:25:06,900] {docker_operator.py:243} INFO - {'host': 'docker.for.mac.host.internal',
 'port': 3306,
 'user': 'mendes',
 'password': 'test',
 'database': 'test_db'}
[2020-07-18 17:25:06,903] {docker_operator.py:243} INFO - Ending Cell 19-----------------------------------------
[2020-07-18 17:25:06,917] {docker_operator.py:243} INFO - Executing Cell 20--------------------------------------
[2020-07-18 17:25:06,930] {docker_operator.py:243} INFO - Ending Cell 20-----------------------------------------
[2020-07-18 17:25:07,508] {taskinstance.py:1070} INFO - Marking task as SUCCESS.dag_id=etl_preprocessing, task_id=raw-to-db_web, execution_date=20200718T212415, start_date=20200718T212504, end_date=20200718T212507
[2020-07-18 17:25:09,323] {local_task_job.py:102} INFO - Task exited with return code 0
