[2020-07-18 18:34:35,115] {taskinstance.py:670} INFO - Dependencies all met for <TaskInstance: etl_preprocessing.train 2020-07-18T22:33:02.048616+00:00 [queued]>
[2020-07-18 18:34:35,123] {taskinstance.py:670} INFO - Dependencies all met for <TaskInstance: etl_preprocessing.train 2020-07-18T22:33:02.048616+00:00 [queued]>
[2020-07-18 18:34:35,123] {taskinstance.py:880} INFO - 
--------------------------------------------------------------------------------
[2020-07-18 18:34:35,123] {taskinstance.py:881} INFO - Starting attempt 1 of 1
[2020-07-18 18:34:35,124] {taskinstance.py:882} INFO - 
--------------------------------------------------------------------------------
[2020-07-18 18:34:35,129] {taskinstance.py:901} INFO - Executing <Task(DockerOperator): train> on 2020-07-18T22:33:02.048616+00:00
[2020-07-18 18:34:35,131] {standard_task_runner.py:54} INFO - Started process 51623 to run task
[2020-07-18 18:34:35,157] {standard_task_runner.py:77} INFO - Running: ['airflow', 'run', 'etl_preprocessing', 'train', '2020-07-18T22:33:02.048616+00:00', '--job_id', '75', '--pool', 'default_pool', '--raw', '-sd', 'DAGS_FOLDER/elt_preprocessing.py', '--cfg_path', '/var/folders/00/80wjhvv115lcj4bckmhhb8x40000gn/T/tmpqistrzt_']
[2020-07-18 18:34:35,158] {standard_task_runner.py:78} INFO - Job 75: Subtask train
[2020-07-18 18:34:35,184] {logging_mixin.py:112} INFO - Running %s on host %s <TaskInstance: etl_preprocessing.train 2020-07-18T22:33:02.048616+00:00 [running]> 1.0.0.0.0.0.0.0.0.0.0.0.0.0.0.0.0.0.0.0.0.0.0.0.0.0.0.0.0.0.0.0.ip6.arpa
[2020-07-18 18:34:35,320] {docker_operator.py:210} INFO - Starting docker container from image train_web:latest
[2020-07-18 18:34:35,861] {docker_operator.py:243} INFO - Input Notebook:  notebooks/train.ipynb
Output Notebook: notebooks/output/code_exec_111111.ipynb
[2020-07-18 18:34:36,795] {docker_operator.py:243} INFO - Executing notebook with kernel: venv-kensho-train
Executing Cell 1---------------------------------------
[2020-07-18 18:34:36,806] {docker_operator.py:243} INFO - Ending Cell 1------------------------------------------
[2020-07-18 18:34:36,817] {docker_operator.py:243} INFO - Executing Cell 2---------------------------------------
[2020-07-18 18:34:36,826] {docker_operator.py:243} INFO - Ending Cell 2------------------------------------------
[2020-07-18 18:34:36,836] {docker_operator.py:243} INFO - Executing Cell 3---------------------------------------
[2020-07-18 18:34:36,846] {docker_operator.py:243} INFO - Ending Cell 3------------------------------------------
[2020-07-18 18:34:36,856] {docker_operator.py:243} INFO - Executing Cell 4---------------------------------------
[2020-07-18 18:34:37,597] {docker_operator.py:243} INFO - Ending Cell 4------------------------------------------
[2020-07-18 18:34:37,606] {docker_operator.py:243} INFO - Executing Cell 5---------------------------------------
[2020-07-18 18:34:37,617] {docker_operator.py:243} INFO - Ending Cell 5------------------------------------------
[2020-07-18 18:34:37,626] {docker_operator.py:243} INFO - Executing Cell 6---------------------------------------
[2020-07-18 18:34:37,649] {docker_operator.py:243} INFO - Ending Cell 6------------------------------------------
[2020-07-18 18:34:37,658] {docker_operator.py:243} INFO - Executing Cell 7---------------------------------------
[2020-07-18 18:34:37,669] {docker_operator.py:243} INFO - Ending Cell 7------------------------------------------
[2020-07-18 18:34:37,679] {docker_operator.py:243} INFO - Executing Cell 8---------------------------------------
[2020-07-18 18:34:37,693] {docker_operator.py:243} INFO - Ending Cell 8------------------------------------------
[2020-07-18 18:34:37,704] {docker_operator.py:243} INFO - Executing Cell 9---------------------------------------
[2020-07-18 18:34:37,715] {docker_operator.py:243} INFO - Ending Cell 9------------------------------------------
[2020-07-18 18:34:37,726] {docker_operator.py:243} INFO - Executing Cell 10--------------------------------------
[2020-07-18 18:34:37,765] {docker_operator.py:243} INFO - docker.for.mac.host.internal
[2020-07-18 18:34:37,768] {docker_operator.py:243} INFO - Ending Cell 10-----------------------------------------
[2020-07-18 18:34:37,778] {docker_operator.py:243} INFO - Executing Cell 11--------------------------------------
[2020-07-18 18:34:37,788] {docker_operator.py:243} INFO - Ending Cell 11-----------------------------------------
[2020-07-18 18:34:37,799] {docker_operator.py:243} INFO - Executing Cell 12--------------------------------------
[2020-07-18 18:34:37,906] {docker_operator.py:243} INFO - Ending Cell 12-----------------------------------------
[2020-07-18 18:34:37,916] {docker_operator.py:243} INFO - Executing Cell 13--------------------------------------
[2020-07-18 18:34:37,937] {docker_operator.py:243} INFO - Ending Cell 13-----------------------------------------
[2020-07-18 18:34:37,948] {docker_operator.py:243} INFO - Executing Cell 14--------------------------------------
[2020-07-18 18:34:38,129] {docker_operator.py:243} INFO - THIS IS THE:///notebooks/
[2020-07-18 18:34:38,133] {docker_operator.py:243} INFO - Ending Cell 14-----------------------------------------
[2020-07-18 18:34:38,143] {docker_operator.py:243} INFO - Executing Cell 15--------------------------------------
[2020-07-18 18:34:38,190] {docker_operator.py:243} INFO - 1.0
[2020-07-18 18:34:38,193] {docker_operator.py:243} INFO - Ending Cell 15-----------------------------------------
[2020-07-18 18:34:38,204] {docker_operator.py:243} INFO - Executing Cell 16--------------------------------------
[2020-07-18 18:34:38,359] {docker_operator.py:243} INFO - precision    recall  f1-score   support

           0       1.00      1.00      1.00       450
           1       1.00      1.00      1.00       450
           2       1.00      1.00      1.00       450

    accuracy                           1.00      1350
   macro avg       1.00      1.00      1.00      1350
weighted avg       1.00      1.00      1.00      1350
[2020-07-18 18:34:38,362] {docker_operator.py:243} INFO - Ending Cell 16-----------------------------------------
[2020-07-18 18:34:38,375] {docker_operator.py:243} INFO - Executing Cell 17--------------------------------------
[2020-07-18 18:34:38,389] {docker_operator.py:243} INFO - Ending Cell 17-----------------------------------------
[2020-07-18 18:34:39,154] {taskinstance.py:1070} INFO - Marking task as SUCCESS.dag_id=etl_preprocessing, task_id=train, execution_date=20200718T223302, start_date=20200718T223435, end_date=20200718T223439
[2020-07-18 18:34:40,112] {local_task_job.py:102} INFO - Task exited with return code 0
