[2020-07-18 15:54:04,943] {taskinstance.py:670} INFO - Dependencies all met for <TaskInstance: Helloworld.task_1 2016-04-19T00:00:00+00:00 [queued]>
[2020-07-18 15:54:04,949] {taskinstance.py:670} INFO - Dependencies all met for <TaskInstance: Helloworld.task_1 2016-04-19T00:00:00+00:00 [queued]>
[2020-07-18 15:54:04,949] {taskinstance.py:880} INFO - 
--------------------------------------------------------------------------------
[2020-07-18 15:54:04,949] {taskinstance.py:881} INFO - Starting attempt 1 of 2
[2020-07-18 15:54:04,949] {taskinstance.py:882} INFO - 
--------------------------------------------------------------------------------
[2020-07-18 15:54:04,956] {taskinstance.py:901} INFO - Executing <Task(BashOperator): task_1> on 2016-04-19T00:00:00+00:00
[2020-07-18 15:54:04,958] {standard_task_runner.py:54} INFO - Started process 38133 to run task
[2020-07-18 15:54:04,983] {standard_task_runner.py:77} INFO - Running: ['airflow', 'run', 'Helloworld', 'task_1', '2016-04-19T00:00:00+00:00', '--job_id', '19', '--pool', 'default_pool', '--raw', '-sd', 'DAGS_FOLDER/helloworld.py', '--cfg_path', '/var/folders/00/80wjhvv115lcj4bckmhhb8x40000gn/T/tmpquvf3l0q']
[2020-07-18 15:54:04,984] {standard_task_runner.py:78} INFO - Job 19: Subtask task_1
[2020-07-18 15:54:05,008] {logging_mixin.py:112} INFO - Running %s on host %s <TaskInstance: Helloworld.task_1 2016-04-19T00:00:00+00:00 [running]> 1.0.0.0.0.0.0.0.0.0.0.0.0.0.0.0.0.0.0.0.0.0.0.0.0.0.0.0.0.0.0.0.ip6.arpa
[2020-07-18 15:54:05,022] {bash_operator.py:113} INFO - Tmp dir root location: 
 /var/folders/00/80wjhvv115lcj4bckmhhb8x40000gn/T
[2020-07-18 15:54:05,023] {bash_operator.py:136} INFO - Temporary script location: /var/folders/00/80wjhvv115lcj4bckmhhb8x40000gn/T/airflowtmp30co_q4x/task_1ymtrzcpk
[2020-07-18 15:54:05,024] {bash_operator.py:146} INFO - Running command: echo "Hello World from Task 1"
[2020-07-18 15:54:05,029] {bash_operator.py:153} INFO - Output:
[2020-07-18 15:54:05,031] {bash_operator.py:157} INFO - Hello World from Task 1
[2020-07-18 15:54:05,032] {bash_operator.py:161} INFO - Command exited with return code 0
[2020-07-18 15:54:05,038] {taskinstance.py:1070} INFO - Marking task as SUCCESS.dag_id=Helloworld, task_id=task_1, execution_date=20160419T000000, start_date=20200718T195404, end_date=20200718T195405
[2020-07-18 15:54:09,941] {local_task_job.py:102} INFO - Task exited with return code 0
