[2020-07-18 17:25:10,634] {taskinstance.py:670} INFO - Dependencies all met for <TaskInstance: etl_preprocessing.split-data_web 2020-07-18T21:24:15.783945+00:00 [queued]>
[2020-07-18 17:25:10,640] {taskinstance.py:670} INFO - Dependencies all met for <TaskInstance: etl_preprocessing.split-data_web 2020-07-18T21:24:15.783945+00:00 [queued]>
[2020-07-18 17:25:10,640] {taskinstance.py:880} INFO - 
--------------------------------------------------------------------------------
[2020-07-18 17:25:10,640] {taskinstance.py:881} INFO - Starting attempt 1 of 1
[2020-07-18 17:25:10,640] {taskinstance.py:882} INFO - 
--------------------------------------------------------------------------------
[2020-07-18 17:25:10,646] {taskinstance.py:901} INFO - Executing <Task(DockerOperator): split-data_web> on 2020-07-18T21:24:15.783945+00:00
[2020-07-18 17:25:10,648] {standard_task_runner.py:54} INFO - Started process 45265 to run task
[2020-07-18 17:25:10,673] {standard_task_runner.py:77} INFO - Running: ['airflow', 'run', 'etl_preprocessing', 'split-data_web', '2020-07-18T21:24:15.783945+00:00', '--job_id', '68', '--pool', 'default_pool', '--raw', '-sd', 'DAGS_FOLDER/elt_preprocessing.py', '--cfg_path', '/var/folders/00/80wjhvv115lcj4bckmhhb8x40000gn/T/tmpcq2vp6vd']
[2020-07-18 17:25:10,674] {standard_task_runner.py:78} INFO - Job 68: Subtask split-data_web
[2020-07-18 17:25:10,698] {logging_mixin.py:112} INFO - Running %s on host %s <TaskInstance: etl_preprocessing.split-data_web 2020-07-18T21:24:15.783945+00:00 [running]> 1.0.0.0.0.0.0.0.0.0.0.0.0.0.0.0.0.0.0.0.0.0.0.0.0.0.0.0.0.0.0.0.ip6.arpa
[2020-07-18 17:25:10,824] {docker_operator.py:210} INFO - Starting docker container from image split_data_web:latest
[2020-07-18 17:25:11,421] {docker_operator.py:243} INFO - Input Notebook:  notebooks/split_data.ipynb
Output Notebook: notebooks/output/code_exec_111111.ipynb
[2020-07-18 17:25:12,308] {docker_operator.py:243} INFO - Executing notebook with kernel: venv-kensho-split-data
Executing Cell 1---------------------------------------
[2020-07-18 17:25:12,319] {docker_operator.py:243} INFO - Ending Cell 1------------------------------------------
[2020-07-18 17:25:12,332] {docker_operator.py:243} INFO - Executing Cell 2---------------------------------------
[2020-07-18 17:25:12,341] {docker_operator.py:243} INFO - Ending Cell 2------------------------------------------
[2020-07-18 17:25:12,349] {docker_operator.py:243} INFO - Executing Cell 3---------------------------------------
[2020-07-18 17:25:12,357] {docker_operator.py:243} INFO - Ending Cell 3------------------------------------------
[2020-07-18 17:25:12,365] {docker_operator.py:243} INFO - Executing Cell 4---------------------------------------
[2020-07-18 17:25:12,729] {docker_operator.py:243} INFO - Ending Cell 4------------------------------------------
[2020-07-18 17:25:12,737] {docker_operator.py:243} INFO - Executing Cell 5---------------------------------------
[2020-07-18 17:25:12,745] {docker_operator.py:243} INFO - Ending Cell 5------------------------------------------
[2020-07-18 17:25:12,753] {docker_operator.py:243} INFO - Executing Cell 6---------------------------------------
[2020-07-18 17:25:12,761] {docker_operator.py:243} INFO - Ending Cell 6------------------------------------------
[2020-07-18 17:25:12,769] {docker_operator.py:243} INFO - Executing Cell 7---------------------------------------
[2020-07-18 17:25:12,777] {docker_operator.py:243} INFO - Ending Cell 7------------------------------------------
[2020-07-18 17:25:12,785] {docker_operator.py:243} INFO - Executing Cell 8---------------------------------------
[2020-07-18 17:25:12,793] {docker_operator.py:243} INFO - Ending Cell 8------------------------------------------
[2020-07-18 17:25:12,801] {docker_operator.py:243} INFO - Executing Cell 9---------------------------------------
[2020-07-18 17:25:12,809] {docker_operator.py:243} INFO - Ending Cell 9------------------------------------------
[2020-07-18 17:25:12,818] {docker_operator.py:243} INFO - Executing Cell 10--------------------------------------
[2020-07-18 17:25:12,825] {docker_operator.py:243} INFO - Ending Cell 10-----------------------------------------
[2020-07-18 17:25:12,833] {docker_operator.py:243} INFO - Executing Cell 11--------------------------------------
[2020-07-18 17:25:12,872] {docker_operator.py:243} INFO - Ending Cell 11-----------------------------------------
[2020-07-18 17:25:12,881] {docker_operator.py:243} INFO - Executing Cell 12--------------------------------------
[2020-07-18 17:25:12,889] {docker_operator.py:243} INFO - Ending Cell 12-----------------------------------------
[2020-07-18 17:25:12,897] {docker_operator.py:243} INFO - Executing Cell 13--------------------------------------
[2020-07-18 17:25:12,961] {docker_operator.py:243} INFO - Ending Cell 13-----------------------------------------
[2020-07-18 17:25:12,970] {docker_operator.py:243} INFO - Executing Cell 14--------------------------------------
[2020-07-18 17:25:12,987] {docker_operator.py:243} INFO - worked sql_data
[2020-07-18 17:25:12,989] {docker_operator.py:243} INFO - Ending Cell 14-----------------------------------------
[2020-07-18 17:25:12,999] {docker_operator.py:243} INFO - Executing Cell 15--------------------------------------
[2020-07-18 17:25:13,007] {docker_operator.py:243} INFO - Ending Cell 15-----------------------------------------
[2020-07-18 17:25:13,590] {taskinstance.py:1070} INFO - Marking task as SUCCESS.dag_id=etl_preprocessing, task_id=split-data_web, execution_date=20200718T212415, start_date=20200718T212510, end_date=20200718T212513
[2020-07-18 17:25:15,632] {local_task_job.py:102} INFO - Task exited with return code 0
