[2020-07-18 18:40:05,274] {taskinstance.py:670} INFO - Dependencies all met for <TaskInstance: etl_preprocessing.raw-to-db_web 2020-07-18T22:38:27.479628+00:00 [queued]>
[2020-07-18 18:40:05,283] {taskinstance.py:670} INFO - Dependencies all met for <TaskInstance: etl_preprocessing.raw-to-db_web 2020-07-18T22:38:27.479628+00:00 [queued]>
[2020-07-18 18:40:05,283] {taskinstance.py:880} INFO - 
--------------------------------------------------------------------------------
[2020-07-18 18:40:05,283] {taskinstance.py:881} INFO - Starting attempt 1 of 1
[2020-07-18 18:40:05,283] {taskinstance.py:882} INFO - 
--------------------------------------------------------------------------------
[2020-07-18 18:40:05,288] {taskinstance.py:901} INFO - Executing <Task(DockerOperator): raw-to-db_web> on 2020-07-18T22:38:27.479628+00:00
[2020-07-18 18:40:05,290] {standard_task_runner.py:54} INFO - Started process 52018 to run task
[2020-07-18 18:40:05,315] {standard_task_runner.py:77} INFO - Running: ['airflow', 'run', 'etl_preprocessing', 'raw-to-db_web', '2020-07-18T22:38:27.479628+00:00', '--job_id', '76', '--pool', 'default_pool', '--raw', '-sd', 'DAGS_FOLDER/elt_preprocessing.py', '--cfg_path', '/var/folders/00/80wjhvv115lcj4bckmhhb8x40000gn/T/tmpdse5jg6b']
[2020-07-18 18:40:05,317] {standard_task_runner.py:78} INFO - Job 76: Subtask raw-to-db_web
[2020-07-18 18:40:05,339] {logging_mixin.py:112} INFO - Running %s on host %s <TaskInstance: etl_preprocessing.raw-to-db_web 2020-07-18T22:38:27.479628+00:00 [running]> 1.0.0.0.0.0.0.0.0.0.0.0.0.0.0.0.0.0.0.0.0.0.0.0.0.0.0.0.0.0.0.0.ip6.arpa
[2020-07-18 18:40:05,468] {docker_operator.py:210} INFO - Starting docker container from image raw_to_db_web:latest
[2020-07-18 18:40:06,029] {docker_operator.py:243} INFO - Input Notebook:  notebooks/raw_to_sql.ipynb
Output Notebook: notebooks/output/raw_to_sql_exec_111111.ipynb
[2020-07-18 18:40:06,905] {docker_operator.py:243} INFO - Executing notebook with kernel: venv-kensho-raw-to-db
Executing Cell 1---------------------------------------
[2020-07-18 18:40:06,920] {docker_operator.py:243} INFO - Ending Cell 1------------------------------------------
[2020-07-18 18:40:06,931] {docker_operator.py:243} INFO - Executing Cell 2---------------------------------------
[2020-07-18 18:40:06,942] {docker_operator.py:243} INFO - Ending Cell 2------------------------------------------
[2020-07-18 18:40:06,953] {docker_operator.py:243} INFO - Executing Cell 3---------------------------------------
[2020-07-18 18:40:06,964] {docker_operator.py:243} INFO - Ending Cell 3------------------------------------------
[2020-07-18 18:40:06,974] {docker_operator.py:243} INFO - Executing Cell 4---------------------------------------
[2020-07-18 18:40:07,265] {docker_operator.py:243} INFO - Ending Cell 4------------------------------------------
[2020-07-18 18:40:07,276] {docker_operator.py:243} INFO - Executing Cell 5---------------------------------------
[2020-07-18 18:40:07,287] {docker_operator.py:243} INFO - Ending Cell 5------------------------------------------
[2020-07-18 18:40:07,297] {docker_operator.py:243} INFO - Executing Cell 6---------------------------------------
[2020-07-18 18:40:07,308] {docker_operator.py:243} INFO - Ending Cell 6------------------------------------------
[2020-07-18 18:40:07,319] {docker_operator.py:243} INFO - Executing Cell 7---------------------------------------
[2020-07-18 18:40:07,329] {docker_operator.py:243} INFO - Ending Cell 7------------------------------------------
[2020-07-18 18:40:07,339] {docker_operator.py:243} INFO - Executing Cell 8---------------------------------------
[2020-07-18 18:40:07,358] {docker_operator.py:243} INFO - Ending Cell 8------------------------------------------
[2020-07-18 18:40:07,368] {docker_operator.py:243} INFO - Executing Cell 9---------------------------------------
[2020-07-18 18:40:07,379] {docker_operator.py:243} INFO - Ending Cell 9------------------------------------------
[2020-07-18 18:40:07,390] {docker_operator.py:243} INFO - Executing Cell 10--------------------------------------
[2020-07-18 18:40:07,429] {docker_operator.py:243} INFO - sepal_length  sepal_width  petal_length  petal_width species  \
0           5.1          3.5           1.4          0.2  setosa   
1           4.9          3.0           1.4          0.2  setosa   
2           4.7          3.2           1.3          0.2  setosa   
3           4.6          3.1           1.5          0.2  setosa   
4           5.0          3.6           1.4          0.2  setosa   

                   timestamp  
0 2020-07-18 22:40:07.418786  
1 2020-07-18 22:40:07.418786  
2 2020-07-18 22:40:07.418786  
3 2020-07-18 22:40:07.418786  
4 2020-07-18 22:40:07.418786
[2020-07-18 18:40:07,431] {docker_operator.py:243} INFO - Ending Cell 10-----------------------------------------
[2020-07-18 18:40:07,443] {docker_operator.py:243} INFO - Executing Cell 11--------------------------------------
[2020-07-18 18:40:07,454] {docker_operator.py:243} INFO - Ending Cell 11-----------------------------------------
[2020-07-18 18:40:07,466] {docker_operator.py:243} INFO - Executing Cell 12--------------------------------------
[2020-07-18 18:40:07,477] {docker_operator.py:243} INFO - Ending Cell 12-----------------------------------------
[2020-07-18 18:40:07,488] {docker_operator.py:243} INFO - Executing Cell 13--------------------------------------
[2020-07-18 18:40:07,507] {docker_operator.py:243} INFO - Ending Cell 13-----------------------------------------
[2020-07-18 18:40:07,519] {docker_operator.py:243} INFO - Executing Cell 14--------------------------------------
[2020-07-18 18:40:07,537] {docker_operator.py:243} INFO - docker.for.mac.host.internal
[2020-07-18 18:40:07,538] {docker_operator.py:243} INFO - Ending Cell 14-----------------------------------------
[2020-07-18 18:40:07,551] {docker_operator.py:243} INFO - Executing Cell 15--------------------------------------
[2020-07-18 18:40:07,660] {docker_operator.py:243} INFO - Ending Cell 15-----------------------------------------
[2020-07-18 18:40:07,672] {docker_operator.py:243} INFO - Executing Cell 16--------------------------------------
[2020-07-18 18:40:07,690] {docker_operator.py:243} INFO - docker.for.mac.host.internal
[2020-07-18 18:40:07,693] {docker_operator.py:243} INFO - Ending Cell 16-----------------------------------------
[2020-07-18 18:40:07,705] {docker_operator.py:243} INFO - Executing Cell 17--------------------------------------
[2020-07-18 18:40:07,718] {docker_operator.py:243} INFO - Ending Cell 17-----------------------------------------
[2020-07-18 18:40:07,730] {docker_operator.py:243} INFO - Executing Cell 18--------------------------------------
[2020-07-18 18:40:07,832] {docker_operator.py:243} INFO - worked on run 3
[2020-07-18 18:40:07,836] {docker_operator.py:243} INFO - Ending Cell 18-----------------------------------------
[2020-07-18 18:40:07,849] {docker_operator.py:243} INFO - Executing Cell 19--------------------------------------
[2020-07-18 18:40:07,868] {docker_operator.py:243} INFO - {'host': 'docker.for.mac.host.internal',
 'port': 3306,
 'user': 'mendes',
 'password': 'test',
 'database': 'test_db'}
[2020-07-18 18:40:07,872] {docker_operator.py:243} INFO - Ending Cell 19-----------------------------------------
[2020-07-18 18:40:07,885] {docker_operator.py:243} INFO - Executing Cell 20--------------------------------------
[2020-07-18 18:40:07,898] {docker_operator.py:243} INFO - Ending Cell 20-----------------------------------------
[2020-07-18 18:40:08,487] {taskinstance.py:1070} INFO - Marking task as SUCCESS.dag_id=etl_preprocessing, task_id=raw-to-db_web, execution_date=20200718T223827, start_date=20200718T224005, end_date=20200718T224008
[2020-07-18 18:40:10,275] {local_task_job.py:102} INFO - Task exited with return code 0
