[2020-07-18 16:56:55,928] {taskinstance.py:670} INFO - Dependencies all met for <TaskInstance: etl_preprocessing.raw-to-db_web 2020-07-18T20:55:22.285237+00:00 [queued]>
[2020-07-18 16:56:55,936] {taskinstance.py:670} INFO - Dependencies all met for <TaskInstance: etl_preprocessing.raw-to-db_web 2020-07-18T20:55:22.285237+00:00 [queued]>
[2020-07-18 16:56:55,936] {taskinstance.py:880} INFO - 
--------------------------------------------------------------------------------
[2020-07-18 16:56:55,936] {taskinstance.py:881} INFO - Starting attempt 1 of 1
[2020-07-18 16:56:55,937] {taskinstance.py:882} INFO - 
--------------------------------------------------------------------------------
[2020-07-18 16:56:55,942] {taskinstance.py:901} INFO - Executing <Task(DockerOperator): raw-to-db_web> on 2020-07-18T20:55:22.285237+00:00
[2020-07-18 16:56:55,944] {standard_task_runner.py:54} INFO - Started process 43060 to run task
[2020-07-18 16:56:55,971] {standard_task_runner.py:77} INFO - Running: ['airflow', 'run', 'etl_preprocessing', 'raw-to-db_web', '2020-07-18T20:55:22.285237+00:00', '--job_id', '56', '--pool', 'default_pool', '--raw', '-sd', 'DAGS_FOLDER/elt_preprocessing.py', '--cfg_path', '/var/folders/00/80wjhvv115lcj4bckmhhb8x40000gn/T/tmpjzny326h']
[2020-07-18 16:56:55,972] {standard_task_runner.py:78} INFO - Job 56: Subtask raw-to-db_web
[2020-07-18 16:56:55,996] {logging_mixin.py:112} INFO - Running %s on host %s <TaskInstance: etl_preprocessing.raw-to-db_web 2020-07-18T20:55:22.285237+00:00 [running]> 1.0.0.0.0.0.0.0.0.0.0.0.0.0.0.0.0.0.0.0.0.0.0.0.0.0.0.0.0.0.0.0.ip6.arpa
[2020-07-18 16:56:56,111] {docker_operator.py:210} INFO - Starting docker container from image raw_to_db_web:latest
[2020-07-18 16:56:56,680] {docker_operator.py:243} INFO - Input Notebook:  notebooks/raw_to_sql.ipynb
Output Notebook: notebooks/output/raw_to_sql_exec_111111.ipynb
[2020-07-18 16:56:57,751] {docker_operator.py:243} INFO - Executing notebook with kernel: venv-kensho-raw-to-db
[2020-07-18 16:56:57,752] {docker_operator.py:243} INFO - Executing Cell 1---------------------------------------
[2020-07-18 16:56:57,766] {docker_operator.py:243} INFO - Ending Cell 1------------------------------------------
[2020-07-18 16:56:57,777] {docker_operator.py:243} INFO - Executing Cell 2---------------------------------------
[2020-07-18 16:56:57,789] {docker_operator.py:243} INFO - Ending Cell 2------------------------------------------
[2020-07-18 16:56:57,799] {docker_operator.py:243} INFO - Executing Cell 3---------------------------------------
[2020-07-18 16:56:57,809] {docker_operator.py:243} INFO - Ending Cell 3------------------------------------------
[2020-07-18 16:56:57,820] {docker_operator.py:243} INFO - Executing Cell 4---------------------------------------
[2020-07-18 16:56:58,129] {docker_operator.py:243} INFO - Ending Cell 4------------------------------------------
[2020-07-18 16:56:58,140] {docker_operator.py:243} INFO - Executing Cell 5---------------------------------------
[2020-07-18 16:56:58,151] {docker_operator.py:243} INFO - Ending Cell 5------------------------------------------
[2020-07-18 16:56:58,162] {docker_operator.py:243} INFO - Executing Cell 6---------------------------------------
[2020-07-18 16:56:58,172] {docker_operator.py:243} INFO - Ending Cell 6------------------------------------------
[2020-07-18 16:56:58,182] {docker_operator.py:243} INFO - Executing Cell 7---------------------------------------
[2020-07-18 16:56:58,194] {docker_operator.py:243} INFO - Ending Cell 7------------------------------------------
[2020-07-18 16:56:58,204] {docker_operator.py:243} INFO - Executing Cell 8---------------------------------------
[2020-07-18 16:56:58,222] {docker_operator.py:243} INFO - Ending Cell 8------------------------------------------
[2020-07-18 16:56:58,233] {docker_operator.py:243} INFO - Executing Cell 9---------------------------------------
[2020-07-18 16:56:58,243] {docker_operator.py:243} INFO - Ending Cell 9------------------------------------------
[2020-07-18 16:56:58,254] {docker_operator.py:243} INFO - Executing Cell 10--------------------------------------
[2020-07-18 16:56:58,292] {docker_operator.py:243} INFO - sepal_length  sepal_width  petal_length  petal_width species  \
0           5.1          3.5           1.4          0.2  setosa   
1           4.9          3.0           1.4          0.2  setosa   
2           4.7          3.2           1.3          0.2  setosa   
3           4.6          3.1           1.5          0.2  setosa   
4           5.0          3.6           1.4          0.2  setosa   

                   timestamp  
0 2020-07-18 20:56:58.273877  
1 2020-07-18 20:56:58.273877  
2 2020-07-18 20:56:58.273877  
3 2020-07-18 20:56:58.273877  
4 2020-07-18 20:56:58.273877
[2020-07-18 16:56:58,294] {docker_operator.py:243} INFO - Ending Cell 10-----------------------------------------
[2020-07-18 16:56:58,308] {docker_operator.py:243} INFO - Executing Cell 11--------------------------------------
[2020-07-18 16:56:58,321] {docker_operator.py:243} INFO - Ending Cell 11-----------------------------------------
[2020-07-18 16:56:58,333] {docker_operator.py:243} INFO - Executing Cell 12--------------------------------------
[2020-07-18 16:56:58,346] {docker_operator.py:243} INFO - Ending Cell 12-----------------------------------------
[2020-07-18 16:56:58,359] {docker_operator.py:243} INFO - Executing Cell 13--------------------------------------
[2020-07-18 16:56:58,380] {docker_operator.py:243} INFO - Ending Cell 13-----------------------------------------
[2020-07-18 16:56:58,394] {docker_operator.py:243} INFO - Executing Cell 14--------------------------------------
[2020-07-18 16:56:58,413] {docker_operator.py:243} INFO - docker.for.mac.host.internal
[2020-07-18 16:56:58,415] {docker_operator.py:243} INFO - Ending Cell 14-----------------------------------------
[2020-07-18 16:56:58,429] {docker_operator.py:243} INFO - Executing Cell 15--------------------------------------
[2020-07-18 16:56:58,557] {docker_operator.py:243} INFO - Ending Cell 15-----------------------------------------
[2020-07-18 16:56:58,570] {docker_operator.py:243} INFO - Executing Cell 16--------------------------------------
[2020-07-18 16:56:58,591] {docker_operator.py:243} INFO - docker.for.mac.host.internal
[2020-07-18 16:56:58,593] {docker_operator.py:243} INFO - Ending Cell 16-----------------------------------------
[2020-07-18 16:56:58,606] {docker_operator.py:243} INFO - Executing Cell 17--------------------------------------
[2020-07-18 16:56:58,619] {docker_operator.py:243} INFO - Ending Cell 17-----------------------------------------
[2020-07-18 16:56:58,631] {docker_operator.py:243} INFO - Executing Cell 18--------------------------------------
[2020-07-18 16:56:58,744] {docker_operator.py:243} INFO - worked on run 3
[2020-07-18 16:56:58,747] {docker_operator.py:243} INFO - Ending Cell 18-----------------------------------------
[2020-07-18 16:56:58,761] {docker_operator.py:243} INFO - Executing Cell 19--------------------------------------
[2020-07-18 16:56:58,781] {docker_operator.py:243} INFO - {'host': 'docker.for.mac.host.internal',
 'port': 3306,
 'user': 'mendes',
 'password': 'test',
 'database': 'test_db'}
[2020-07-18 16:56:58,785] {docker_operator.py:243} INFO - Ending Cell 19-----------------------------------------
[2020-07-18 16:56:58,798] {docker_operator.py:243} INFO - Executing Cell 20--------------------------------------
[2020-07-18 16:56:58,812] {docker_operator.py:243} INFO - Ending Cell 20-----------------------------------------
[2020-07-18 16:57:01,214] {taskinstance.py:1070} INFO - Marking task as SUCCESS.dag_id=etl_preprocessing, task_id=raw-to-db_web, execution_date=20200718T205522, start_date=20200718T205655, end_date=20200718T205701
[2020-07-18 16:57:05,926] {local_task_job.py:102} INFO - Task exited with return code 0
