[2020-07-18 16:50:21,655] {taskinstance.py:670} INFO - Dependencies all met for <TaskInstance: etl_preprocessing.raw-to-db_web 2020-07-18T20:49:12.053031+00:00 [queued]>
[2020-07-18 16:50:21,664] {taskinstance.py:670} INFO - Dependencies all met for <TaskInstance: etl_preprocessing.raw-to-db_web 2020-07-18T20:49:12.053031+00:00 [queued]>
[2020-07-18 16:50:21,664] {taskinstance.py:880} INFO - 
--------------------------------------------------------------------------------
[2020-07-18 16:50:21,664] {taskinstance.py:881} INFO - Starting attempt 1 of 1
[2020-07-18 16:50:21,664] {taskinstance.py:882} INFO - 
--------------------------------------------------------------------------------
[2020-07-18 16:50:21,669] {taskinstance.py:901} INFO - Executing <Task(DockerOperator): raw-to-db_web> on 2020-07-18T20:49:12.053031+00:00
[2020-07-18 16:50:21,671] {standard_task_runner.py:54} INFO - Started process 42545 to run task
[2020-07-18 16:50:21,696] {standard_task_runner.py:77} INFO - Running: ['airflow', 'run', 'etl_preprocessing', 'raw-to-db_web', '2020-07-18T20:49:12.053031+00:00', '--job_id', '54', '--pool', 'default_pool', '--raw', '-sd', 'DAGS_FOLDER/elt_preprocessing.py', '--cfg_path', '/var/folders/00/80wjhvv115lcj4bckmhhb8x40000gn/T/tmpqqoai1_v']
[2020-07-18 16:50:21,697] {standard_task_runner.py:78} INFO - Job 54: Subtask raw-to-db_web
[2020-07-18 16:50:21,721] {logging_mixin.py:112} INFO - Running %s on host %s <TaskInstance: etl_preprocessing.raw-to-db_web 2020-07-18T20:49:12.053031+00:00 [running]> 1.0.0.0.0.0.0.0.0.0.0.0.0.0.0.0.0.0.0.0.0.0.0.0.0.0.0.0.0.0.0.0.ip6.arpa
[2020-07-18 16:50:21,838] {docker_operator.py:210} INFO - Starting docker container from image raw_to_db_web:latest
[2020-07-18 16:50:22,429] {docker_operator.py:243} INFO - Input Notebook:  notebooks/raw_to_sql.ipynb
Output Notebook: notebooks/output/raw_to_sql_exec_111111.ipynb
[2020-07-18 16:50:23,322] {docker_operator.py:243} INFO - Executing notebook with kernel: venv-kensho-raw-to-db
Executing Cell 1---------------------------------------
[2020-07-18 16:50:23,346] {docker_operator.py:243} INFO - Ending Cell 1------------------------------------------
[2020-07-18 16:50:23,363] {docker_operator.py:243} INFO - Executing Cell 2---------------------------------------
[2020-07-18 16:50:23,375] {docker_operator.py:243} INFO - Ending Cell 2------------------------------------------
[2020-07-18 16:50:23,387] {docker_operator.py:243} INFO - Executing Cell 3---------------------------------------
[2020-07-18 16:50:23,398] {docker_operator.py:243} INFO - Ending Cell 3------------------------------------------
[2020-07-18 16:50:23,408] {docker_operator.py:243} INFO - Executing Cell 4---------------------------------------
[2020-07-18 16:50:23,709] {docker_operator.py:243} INFO - Ending Cell 4------------------------------------------
[2020-07-18 16:50:23,720] {docker_operator.py:243} INFO - Executing Cell 5---------------------------------------
[2020-07-18 16:50:23,731] {docker_operator.py:243} INFO - Ending Cell 5------------------------------------------
[2020-07-18 16:50:23,742] {docker_operator.py:243} INFO - Executing Cell 6---------------------------------------
[2020-07-18 16:50:23,753] {docker_operator.py:243} INFO - Ending Cell 6------------------------------------------
[2020-07-18 16:50:23,764] {docker_operator.py:243} INFO - Executing Cell 7---------------------------------------
[2020-07-18 16:50:23,775] {docker_operator.py:243} INFO - Ending Cell 7------------------------------------------
[2020-07-18 16:50:23,787] {docker_operator.py:243} INFO - Executing Cell 8---------------------------------------
[2020-07-18 16:50:23,806] {docker_operator.py:243} INFO - Ending Cell 8------------------------------------------
[2020-07-18 16:50:23,817] {docker_operator.py:243} INFO - Executing Cell 9---------------------------------------
[2020-07-18 16:50:23,828] {docker_operator.py:243} INFO - Ending Cell 9------------------------------------------
[2020-07-18 16:50:23,839] {docker_operator.py:243} INFO - Executing Cell 10--------------------------------------
[2020-07-18 16:50:23,880] {docker_operator.py:243} INFO - sepal_length  sepal_width  petal_length  petal_width species  \
0           5.1          3.5           1.4          0.2  setosa   
1           4.9          3.0           1.4          0.2  setosa   
2           4.7          3.2           1.3          0.2  setosa   
3           4.6          3.1           1.5          0.2  setosa   
4           5.0          3.6           1.4          0.2  setosa   

                   timestamp  
0 2020-07-18 20:50:23.880062  
1 2020-07-18 20:50:23.880062  
2 2020-07-18 20:50:23.880062  
3 2020-07-18 20:50:23.880062  
4 2020-07-18 20:50:23.880062
[2020-07-18 16:50:23,885] {docker_operator.py:243} INFO - Ending Cell 10-----------------------------------------
[2020-07-18 16:50:23,896] {docker_operator.py:243} INFO - Executing Cell 11--------------------------------------
[2020-07-18 16:50:23,907] {docker_operator.py:243} INFO - Ending Cell 11-----------------------------------------
[2020-07-18 16:50:23,919] {docker_operator.py:243} INFO - Executing Cell 12--------------------------------------
[2020-07-18 16:50:23,930] {docker_operator.py:243} INFO - Ending Cell 12-----------------------------------------
[2020-07-18 16:50:23,943] {docker_operator.py:243} INFO - Executing Cell 13--------------------------------------
[2020-07-18 16:50:23,964] {docker_operator.py:243} INFO - Ending Cell 13-----------------------------------------
[2020-07-18 16:50:23,975] {docker_operator.py:243} INFO - Executing Cell 14--------------------------------------
[2020-07-18 16:50:23,993] {docker_operator.py:243} INFO - docker.for.mac.host.internal
[2020-07-18 16:50:23,995] {docker_operator.py:243} INFO - Ending Cell 14-----------------------------------------
[2020-07-18 16:50:24,007] {docker_operator.py:243} INFO - Executing Cell 15--------------------------------------
[2020-07-18 16:50:24,126] {docker_operator.py:243} INFO - Ending Cell 15-----------------------------------------
[2020-07-18 16:50:24,138] {docker_operator.py:243} INFO - Executing Cell 16--------------------------------------
[2020-07-18 16:50:24,157] {docker_operator.py:243} INFO - docker.for.mac.host.internal
[2020-07-18 16:50:24,161] {docker_operator.py:243} INFO - Ending Cell 16-----------------------------------------
[2020-07-18 16:50:24,174] {docker_operator.py:243} INFO - Executing Cell 17--------------------------------------
[2020-07-18 16:50:24,186] {docker_operator.py:243} INFO - Ending Cell 17-----------------------------------------
[2020-07-18 16:50:24,200] {docker_operator.py:243} INFO - Executing Cell 18--------------------------------------
[2020-07-18 16:50:24,312] {docker_operator.py:243} INFO - worked on run 3
[2020-07-18 16:50:24,315] {docker_operator.py:243} INFO - Ending Cell 18-----------------------------------------
[2020-07-18 16:50:24,329] {docker_operator.py:243} INFO - Executing Cell 19--------------------------------------
[2020-07-18 16:50:24,350] {docker_operator.py:243} INFO - {'host': 'docker.for.mac.host.internal',
 'port': 3306,
 'user': 'mendes',
 'password': 'test',
 'database': 'test_db'}
[2020-07-18 16:50:24,353] {docker_operator.py:243} INFO - Ending Cell 19-----------------------------------------
[2020-07-18 16:50:24,367] {docker_operator.py:243} INFO - Executing Cell 20--------------------------------------
[2020-07-18 16:50:24,380] {docker_operator.py:243} INFO - Ending Cell 20-----------------------------------------
[2020-07-18 16:50:24,981] {taskinstance.py:1070} INFO - Marking task as SUCCESS.dag_id=etl_preprocessing, task_id=raw-to-db_web, execution_date=20200718T204912, start_date=20200718T205021, end_date=20200718T205024
[2020-07-18 16:50:26,651] {local_task_job.py:102} INFO - Task exited with return code 0
