[2020-07-18 15:50:22,789] {taskinstance.py:670} INFO - Dependencies all met for <TaskInstance: Helloworld.task_3 2016-04-15T00:00:00+00:00 [queued]>
[2020-07-18 15:50:22,800] {taskinstance.py:670} INFO - Dependencies all met for <TaskInstance: Helloworld.task_3 2016-04-15T00:00:00+00:00 [queued]>
[2020-07-18 15:50:22,801] {taskinstance.py:880} INFO - 
--------------------------------------------------------------------------------
[2020-07-18 15:50:22,801] {taskinstance.py:881} INFO - Starting attempt 1 of 2
[2020-07-18 15:50:22,801] {taskinstance.py:882} INFO - 
--------------------------------------------------------------------------------
[2020-07-18 15:50:22,806] {taskinstance.py:901} INFO - Executing <Task(BashOperator): task_3> on 2016-04-15T00:00:00+00:00
[2020-07-18 15:50:22,808] {standard_task_runner.py:54} INFO - Started process 37823 to run task
[2020-07-18 15:50:22,833] {standard_task_runner.py:77} INFO - Running: ['airflow', 'run', 'Helloworld', 'task_3', '2016-04-15T00:00:00+00:00', '--job_id', '9', '--pool', 'default_pool', '--raw', '-sd', 'DAGS_FOLDER/helloworld.py', '--cfg_path', '/var/folders/00/80wjhvv115lcj4bckmhhb8x40000gn/T/tmp_g4ej01d']
[2020-07-18 15:50:22,835] {standard_task_runner.py:78} INFO - Job 9: Subtask task_3
[2020-07-18 15:50:22,859] {logging_mixin.py:112} INFO - Running %s on host %s <TaskInstance: Helloworld.task_3 2016-04-15T00:00:00+00:00 [running]> 1.0.0.0.0.0.0.0.0.0.0.0.0.0.0.0.0.0.0.0.0.0.0.0.0.0.0.0.0.0.0.0.ip6.arpa
[2020-07-18 15:50:22,874] {bash_operator.py:113} INFO - Tmp dir root location: 
 /var/folders/00/80wjhvv115lcj4bckmhhb8x40000gn/T
[2020-07-18 15:50:22,875] {bash_operator.py:136} INFO - Temporary script location: /var/folders/00/80wjhvv115lcj4bckmhhb8x40000gn/T/airflowtmpz1_fz33k/task_3ue18110f
[2020-07-18 15:50:22,876] {bash_operator.py:146} INFO - Running command: echo "Hello World from Task 3"
[2020-07-18 15:50:22,881] {bash_operator.py:153} INFO - Output:
[2020-07-18 15:50:22,884] {bash_operator.py:157} INFO - Hello World from Task 3
[2020-07-18 15:50:22,884] {bash_operator.py:161} INFO - Command exited with return code 0
[2020-07-18 15:50:22,890] {taskinstance.py:1070} INFO - Marking task as SUCCESS.dag_id=Helloworld, task_id=task_3, execution_date=20160415T000000, start_date=20200718T195022, end_date=20200718T195022
[2020-07-18 15:50:27,789] {local_task_job.py:102} INFO - Task exited with return code 0
