[2020-07-18 15:50:10,310] {taskinstance.py:670} INFO - Dependencies all met for <TaskInstance: Helloworld.task_3 2020-07-18T19:48:44.349772+00:00 [queued]>
[2020-07-18 15:50:10,321] {taskinstance.py:670} INFO - Dependencies all met for <TaskInstance: Helloworld.task_3 2020-07-18T19:48:44.349772+00:00 [queued]>
[2020-07-18 15:50:10,321] {taskinstance.py:880} INFO - 
--------------------------------------------------------------------------------
[2020-07-18 15:50:10,321] {taskinstance.py:881} INFO - Starting attempt 1 of 2
[2020-07-18 15:50:10,321] {taskinstance.py:882} INFO - 
--------------------------------------------------------------------------------
[2020-07-18 15:50:10,327] {taskinstance.py:901} INFO - Executing <Task(BashOperator): task_3> on 2020-07-18T19:48:44.349772+00:00
[2020-07-18 15:50:10,329] {standard_task_runner.py:54} INFO - Started process 37804 to run task
[2020-07-18 15:50:10,351] {standard_task_runner.py:77} INFO - Running: ['airflow', 'run', 'Helloworld', 'task_3', '2020-07-18T19:48:44.349772+00:00', '--job_id', '7', '--pool', 'default_pool', '--raw', '-sd', 'DAGS_FOLDER/helloworld.py', '--cfg_path', '/var/folders/00/80wjhvv115lcj4bckmhhb8x40000gn/T/tmpm65n4dn1']
[2020-07-18 15:50:10,353] {standard_task_runner.py:78} INFO - Job 7: Subtask task_3
[2020-07-18 15:50:10,377] {logging_mixin.py:112} INFO - Running %s on host %s <TaskInstance: Helloworld.task_3 2020-07-18T19:48:44.349772+00:00 [running]> 1.0.0.0.0.0.0.0.0.0.0.0.0.0.0.0.0.0.0.0.0.0.0.0.0.0.0.0.0.0.0.0.ip6.arpa
[2020-07-18 15:50:10,391] {bash_operator.py:113} INFO - Tmp dir root location: 
 /var/folders/00/80wjhvv115lcj4bckmhhb8x40000gn/T
[2020-07-18 15:50:10,392] {bash_operator.py:136} INFO - Temporary script location: /var/folders/00/80wjhvv115lcj4bckmhhb8x40000gn/T/airflowtmpxc090h44/task_3sne4qnpr
[2020-07-18 15:50:10,393] {bash_operator.py:146} INFO - Running command: echo "Hello World from Task 3"
[2020-07-18 15:50:10,398] {bash_operator.py:153} INFO - Output:
[2020-07-18 15:50:10,400] {bash_operator.py:157} INFO - Hello World from Task 3
[2020-07-18 15:50:10,400] {bash_operator.py:161} INFO - Command exited with return code 0
[2020-07-18 15:50:10,406] {taskinstance.py:1070} INFO - Marking task as SUCCESS.dag_id=Helloworld, task_id=task_3, execution_date=20200718T194844, start_date=20200718T195010, end_date=20200718T195010
[2020-07-18 15:50:15,306] {local_task_job.py:102} INFO - Task exited with return code 0
