[2020-07-18 17:19:22,658] {taskinstance.py:670} INFO - Dependencies all met for <TaskInstance: etl_preprocessing.raw-to-db_web 2020-07-18T21:18:32.850422+00:00 [queued]>
[2020-07-18 17:19:22,664] {taskinstance.py:670} INFO - Dependencies all met for <TaskInstance: etl_preprocessing.raw-to-db_web 2020-07-18T21:18:32.850422+00:00 [queued]>
[2020-07-18 17:19:22,664] {taskinstance.py:880} INFO - 
--------------------------------------------------------------------------------
[2020-07-18 17:19:22,664] {taskinstance.py:881} INFO - Starting attempt 1 of 1
[2020-07-18 17:19:22,664] {taskinstance.py:882} INFO - 
--------------------------------------------------------------------------------
[2020-07-18 17:19:22,669] {taskinstance.py:901} INFO - Executing <Task(DockerOperator): raw-to-db_web> on 2020-07-18T21:18:32.850422+00:00
[2020-07-18 17:19:22,671] {standard_task_runner.py:54} INFO - Started process 44814 to run task
[2020-07-18 17:19:22,697] {standard_task_runner.py:77} INFO - Running: ['airflow', 'run', 'etl_preprocessing', 'raw-to-db_web', '2020-07-18T21:18:32.850422+00:00', '--job_id', '64', '--pool', 'default_pool', '--raw', '-sd', 'DAGS_FOLDER/elt_preprocessing.py', '--cfg_path', '/var/folders/00/80wjhvv115lcj4bckmhhb8x40000gn/T/tmpjp3uw5_q']
[2020-07-18 17:19:22,699] {standard_task_runner.py:78} INFO - Job 64: Subtask raw-to-db_web
[2020-07-18 17:19:22,723] {logging_mixin.py:112} INFO - Running %s on host %s <TaskInstance: etl_preprocessing.raw-to-db_web 2020-07-18T21:18:32.850422+00:00 [running]> 1.0.0.0.0.0.0.0.0.0.0.0.0.0.0.0.0.0.0.0.0.0.0.0.0.0.0.0.0.0.0.0.ip6.arpa
[2020-07-18 17:19:22,850] {docker_operator.py:210} INFO - Starting docker container from image raw_to_db_web:latest
[2020-07-18 17:19:23,430] {docker_operator.py:243} INFO - Input Notebook:  notebooks/raw_to_sql.ipynb
Output Notebook: notebooks/output/raw_to_sql_exec_111111.ipynb
[2020-07-18 17:19:24,339] {docker_operator.py:243} INFO - Executing notebook with kernel: venv-kensho-raw-to-db
Executing Cell 1---------------------------------------
[2020-07-18 17:19:24,353] {docker_operator.py:243} INFO - Ending Cell 1------------------------------------------
[2020-07-18 17:19:24,364] {docker_operator.py:243} INFO - Executing Cell 2---------------------------------------
[2020-07-18 17:19:24,375] {docker_operator.py:243} INFO - Ending Cell 2------------------------------------------
[2020-07-18 17:19:24,385] {docker_operator.py:243} INFO - Executing Cell 3---------------------------------------
[2020-07-18 17:19:24,397] {docker_operator.py:243} INFO - Ending Cell 3------------------------------------------
[2020-07-18 17:19:24,407] {docker_operator.py:243} INFO - Executing Cell 4---------------------------------------
[2020-07-18 17:19:24,711] {docker_operator.py:243} INFO - Ending Cell 4------------------------------------------
[2020-07-18 17:19:24,723] {docker_operator.py:243} INFO - Executing Cell 5---------------------------------------
[2020-07-18 17:19:24,734] {docker_operator.py:243} INFO - Ending Cell 5------------------------------------------
[2020-07-18 17:19:24,744] {docker_operator.py:243} INFO - Executing Cell 6---------------------------------------
[2020-07-18 17:19:24,756] {docker_operator.py:243} INFO - Ending Cell 6------------------------------------------
[2020-07-18 17:19:24,767] {docker_operator.py:243} INFO - Executing Cell 7---------------------------------------
[2020-07-18 17:19:24,777] {docker_operator.py:243} INFO - Ending Cell 7------------------------------------------
[2020-07-18 17:19:24,789] {docker_operator.py:243} INFO - Executing Cell 8---------------------------------------
[2020-07-18 17:19:24,808] {docker_operator.py:243} INFO - Ending Cell 8------------------------------------------
[2020-07-18 17:19:24,820] {docker_operator.py:243} INFO - Executing Cell 9---------------------------------------
[2020-07-18 17:19:24,832] {docker_operator.py:243} INFO - Ending Cell 9------------------------------------------
[2020-07-18 17:19:24,842] {docker_operator.py:243} INFO - Executing Cell 10--------------------------------------
[2020-07-18 17:19:24,885] {docker_operator.py:243} INFO - sepal_length  sepal_width  petal_length  petal_width species  \
0           5.1          3.5           1.4          0.2  setosa   
1           4.9          3.0           1.4          0.2  setosa   
2           4.7          3.2           1.3          0.2  setosa   
3           4.6          3.1           1.5          0.2  setosa   
4           5.0          3.6           1.4          0.2  setosa   

                   timestamp  
0 2020-07-18 21:19:24.863403  
1 2020-07-18 21:19:24.863403  
2 2020-07-18 21:19:24.863403  
3 2020-07-18 21:19:24.863403  
4 2020-07-18 21:19:24.863403
[2020-07-18 17:19:24,887] {docker_operator.py:243} INFO - Ending Cell 10-----------------------------------------
[2020-07-18 17:19:24,900] {docker_operator.py:243} INFO - Executing Cell 11--------------------------------------
[2020-07-18 17:19:24,913] {docker_operator.py:243} INFO - Ending Cell 11-----------------------------------------
[2020-07-18 17:19:24,924] {docker_operator.py:243} INFO - Executing Cell 12--------------------------------------
[2020-07-18 17:19:24,935] {docker_operator.py:243} INFO - Ending Cell 12-----------------------------------------
[2020-07-18 17:19:24,947] {docker_operator.py:243} INFO - Executing Cell 13--------------------------------------
[2020-07-18 17:19:24,968] {docker_operator.py:243} INFO - Ending Cell 13-----------------------------------------
[2020-07-18 17:19:24,980] {docker_operator.py:243} INFO - Executing Cell 14--------------------------------------
[2020-07-18 17:19:24,999] {docker_operator.py:243} INFO - docker.for.mac.host.internal
[2020-07-18 17:19:25,000] {docker_operator.py:243} INFO - Ending Cell 14-----------------------------------------
[2020-07-18 17:19:25,013] {docker_operator.py:243} INFO - Executing Cell 15--------------------------------------
[2020-07-18 17:19:25,128] {docker_operator.py:243} INFO - Ending Cell 15-----------------------------------------
[2020-07-18 17:19:25,140] {docker_operator.py:243} INFO - Executing Cell 16--------------------------------------
[2020-07-18 17:19:25,158] {docker_operator.py:243} INFO - docker.for.mac.host.internal
[2020-07-18 17:19:25,162] {docker_operator.py:243} INFO - Ending Cell 16-----------------------------------------
[2020-07-18 17:19:25,174] {docker_operator.py:243} INFO - Executing Cell 17--------------------------------------
[2020-07-18 17:19:25,187] {docker_operator.py:243} INFO - Ending Cell 17-----------------------------------------
[2020-07-18 17:19:25,200] {docker_operator.py:243} INFO - Executing Cell 18--------------------------------------
[2020-07-18 17:19:25,305] {docker_operator.py:243} INFO - worked on run 3
[2020-07-18 17:19:25,309] {docker_operator.py:243} INFO - Ending Cell 18-----------------------------------------
[2020-07-18 17:19:25,330] {docker_operator.py:243} INFO - Executing Cell 19--------------------------------------
[2020-07-18 17:19:25,351] {docker_operator.py:243} INFO - {'host': 'docker.for.mac.host.internal',
 'port': 3306,
 'user': 'mendes',
 'password': 'test',
 'database': 'test_db'}
[2020-07-18 17:19:25,353] {docker_operator.py:243} INFO - Ending Cell 19-----------------------------------------
[2020-07-18 17:19:25,366] {docker_operator.py:243} INFO - Executing Cell 20--------------------------------------
[2020-07-18 17:19:25,380] {docker_operator.py:243} INFO - Ending Cell 20-----------------------------------------
[2020-07-18 17:19:25,963] {taskinstance.py:1070} INFO - Marking task as SUCCESS.dag_id=etl_preprocessing, task_id=raw-to-db_web, execution_date=20200718T211832, start_date=20200718T211922, end_date=20200718T211925
[2020-07-18 17:19:27,658] {local_task_job.py:102} INFO - Task exited with return code 0
