[2020-07-18 18:44:12,647] {taskinstance.py:670} INFO - Dependencies all met for <TaskInstance: etl_preprocessing.train 2020-07-18T22:38:27.479628+00:00 [queued]>
[2020-07-18 18:44:12,655] {taskinstance.py:670} INFO - Dependencies all met for <TaskInstance: etl_preprocessing.train 2020-07-18T22:38:27.479628+00:00 [queued]>
[2020-07-18 18:44:12,655] {taskinstance.py:880} INFO - 
--------------------------------------------------------------------------------
[2020-07-18 18:44:12,655] {taskinstance.py:881} INFO - Starting attempt 1 of 1
[2020-07-18 18:44:12,655] {taskinstance.py:882} INFO - 
--------------------------------------------------------------------------------
[2020-07-18 18:44:12,661] {taskinstance.py:901} INFO - Executing <Task(DockerOperator): train> on 2020-07-18T22:38:27.479628+00:00
[2020-07-18 18:44:12,663] {standard_task_runner.py:54} INFO - Started process 52325 to run task
[2020-07-18 18:44:12,687] {standard_task_runner.py:77} INFO - Running: ['airflow', 'run', 'etl_preprocessing', 'train', '2020-07-18T22:38:27.479628+00:00', '--job_id', '80', '--pool', 'default_pool', '--raw', '-sd', 'DAGS_FOLDER/elt_preprocessing.py', '--cfg_path', '/var/folders/00/80wjhvv115lcj4bckmhhb8x40000gn/T/tmpf9xmqki8']
[2020-07-18 18:44:12,689] {standard_task_runner.py:78} INFO - Job 80: Subtask train
[2020-07-18 18:44:12,713] {logging_mixin.py:112} INFO - Running %s on host %s <TaskInstance: etl_preprocessing.train 2020-07-18T22:38:27.479628+00:00 [running]> 1.0.0.0.0.0.0.0.0.0.0.0.0.0.0.0.0.0.0.0.0.0.0.0.0.0.0.0.0.0.0.0.ip6.arpa
[2020-07-18 18:44:12,841] {docker_operator.py:210} INFO - Starting docker container from image train_web:latest
[2020-07-18 18:44:13,401] {docker_operator.py:243} INFO - Input Notebook:  notebooks/train.ipynb
Output Notebook: notebooks/output/code_exec_111111.ipynb
[2020-07-18 18:44:14,274] {docker_operator.py:243} INFO - Executing notebook with kernel: venv-kensho-train
[2020-07-18 18:44:14,275] {docker_operator.py:243} INFO - Executing Cell 1---------------------------------------
[2020-07-18 18:44:14,285] {docker_operator.py:243} INFO - Ending Cell 1------------------------------------------
[2020-07-18 18:44:14,296] {docker_operator.py:243} INFO - Executing Cell 2---------------------------------------
[2020-07-18 18:44:14,304] {docker_operator.py:243} INFO - Ending Cell 2------------------------------------------
[2020-07-18 18:44:14,314] {docker_operator.py:243} INFO - Executing Cell 3---------------------------------------
[2020-07-18 18:44:14,322] {docker_operator.py:243} INFO - Ending Cell 3------------------------------------------
[2020-07-18 18:44:14,332] {docker_operator.py:243} INFO - Executing Cell 4---------------------------------------
[2020-07-18 18:44:15,060] {docker_operator.py:243} INFO - Ending Cell 4------------------------------------------
[2020-07-18 18:44:15,069] {docker_operator.py:243} INFO - Executing Cell 5---------------------------------------
[2020-07-18 18:44:15,078] {docker_operator.py:243} INFO - Ending Cell 5------------------------------------------
[2020-07-18 18:44:15,087] {docker_operator.py:243} INFO - Executing Cell 6---------------------------------------
[2020-07-18 18:44:15,109] {docker_operator.py:243} INFO - Ending Cell 6------------------------------------------
[2020-07-18 18:44:15,118] {docker_operator.py:243} INFO - Executing Cell 7---------------------------------------
[2020-07-18 18:44:15,128] {docker_operator.py:243} INFO - Ending Cell 7------------------------------------------
[2020-07-18 18:44:15,137] {docker_operator.py:243} INFO - Executing Cell 8---------------------------------------
[2020-07-18 18:44:15,146] {docker_operator.py:243} INFO - Ending Cell 8------------------------------------------
[2020-07-18 18:44:15,156] {docker_operator.py:243} INFO - Executing Cell 9---------------------------------------
[2020-07-18 18:44:15,166] {docker_operator.py:243} INFO - Ending Cell 9------------------------------------------
[2020-07-18 18:44:15,175] {docker_operator.py:243} INFO - Executing Cell 10--------------------------------------
[2020-07-18 18:44:15,209] {docker_operator.py:243} INFO - docker.for.mac.host.internal
[2020-07-18 18:44:15,212] {docker_operator.py:243} INFO - Ending Cell 10-----------------------------------------
[2020-07-18 18:44:15,222] {docker_operator.py:243} INFO - Executing Cell 11--------------------------------------
[2020-07-18 18:44:15,232] {docker_operator.py:243} INFO - Ending Cell 11-----------------------------------------
[2020-07-18 18:44:15,241] {docker_operator.py:243} INFO - Executing Cell 12--------------------------------------
[2020-07-18 18:44:15,343] {docker_operator.py:243} INFO - Ending Cell 12-----------------------------------------
[2020-07-18 18:44:15,353] {docker_operator.py:243} INFO - Executing Cell 13--------------------------------------
[2020-07-18 18:44:15,375] {docker_operator.py:243} INFO - Ending Cell 13-----------------------------------------
[2020-07-18 18:44:15,386] {docker_operator.py:243} INFO - Executing Cell 14--------------------------------------
[2020-07-18 18:44:15,563] {docker_operator.py:243} INFO - THIS IS THE:///notebooks/
[2020-07-18 18:44:15,566] {docker_operator.py:243} INFO - Ending Cell 14-----------------------------------------
[2020-07-18 18:44:15,577] {docker_operator.py:243} INFO - Executing Cell 15--------------------------------------
[2020-07-18 18:44:15,619] {docker_operator.py:243} INFO - 1.0
[2020-07-18 18:44:15,622] {docker_operator.py:243} INFO - Ending Cell 15-----------------------------------------
[2020-07-18 18:44:15,634] {docker_operator.py:243} INFO - Executing Cell 16--------------------------------------
[2020-07-18 18:44:15,797] {docker_operator.py:243} INFO - precision    recall  f1-score   support

           0       1.00      1.00      1.00       450
           1       1.00      1.00      1.00       450
           2       1.00      1.00      1.00       450

    accuracy                           1.00      1350
   macro avg       1.00      1.00      1.00      1350
weighted avg       1.00      1.00      1.00      1350
[2020-07-18 18:44:15,800] {docker_operator.py:243} INFO - Ending Cell 16-----------------------------------------
[2020-07-18 18:44:15,812] {docker_operator.py:243} INFO - Executing Cell 17--------------------------------------
[2020-07-18 18:44:15,825] {docker_operator.py:243} INFO - Ending Cell 17-----------------------------------------
[2020-07-18 18:44:16,409] {taskinstance.py:1070} INFO - Marking task as SUCCESS.dag_id=etl_preprocessing, task_id=train, execution_date=20200718T223827, start_date=20200718T224412, end_date=20200718T224416
[2020-07-18 18:44:17,646] {local_task_job.py:102} INFO - Task exited with return code 0
