[2020-07-18 15:56:51,099] {taskinstance.py:670} INFO - Dependencies all met for <TaskInstance: Helloworld.task_1 2016-04-21T00:00:00+00:00 [queued]>
[2020-07-18 15:56:51,106] {taskinstance.py:670} INFO - Dependencies all met for <TaskInstance: Helloworld.task_1 2016-04-21T00:00:00+00:00 [queued]>
[2020-07-18 15:56:51,106] {taskinstance.py:880} INFO - 
--------------------------------------------------------------------------------
[2020-07-18 15:56:51,106] {taskinstance.py:881} INFO - Starting attempt 1 of 2
[2020-07-18 15:56:51,106] {taskinstance.py:882} INFO - 
--------------------------------------------------------------------------------
[2020-07-18 15:56:51,112] {taskinstance.py:901} INFO - Executing <Task(BashOperator): task_1> on 2016-04-21T00:00:00+00:00
[2020-07-18 15:56:51,114] {standard_task_runner.py:54} INFO - Started process 38354 to run task
[2020-07-18 15:56:51,139] {standard_task_runner.py:77} INFO - Running: ['airflow', 'run', 'Helloworld', 'task_1', '2016-04-21T00:00:00+00:00', '--job_id', '28', '--pool', 'default_pool', '--raw', '-sd', 'DAGS_FOLDER/helloworld.py', '--cfg_path', '/var/folders/00/80wjhvv115lcj4bckmhhb8x40000gn/T/tmp4bnq9efq']
[2020-07-18 15:56:51,140] {standard_task_runner.py:78} INFO - Job 28: Subtask task_1
[2020-07-18 15:56:51,164] {logging_mixin.py:112} INFO - Running %s on host %s <TaskInstance: Helloworld.task_1 2016-04-21T00:00:00+00:00 [running]> 1.0.0.0.0.0.0.0.0.0.0.0.0.0.0.0.0.0.0.0.0.0.0.0.0.0.0.0.0.0.0.0.ip6.arpa
[2020-07-18 15:56:51,179] {bash_operator.py:113} INFO - Tmp dir root location: 
 /var/folders/00/80wjhvv115lcj4bckmhhb8x40000gn/T
[2020-07-18 15:56:51,180] {bash_operator.py:136} INFO - Temporary script location: /var/folders/00/80wjhvv115lcj4bckmhhb8x40000gn/T/airflowtmpjkdb5626/task_1scqb113e
[2020-07-18 15:56:51,180] {bash_operator.py:146} INFO - Running command: echo "Hello World from Task 1"
[2020-07-18 15:56:51,185] {bash_operator.py:153} INFO - Output:
[2020-07-18 15:56:51,188] {bash_operator.py:157} INFO - Hello World from Task 1
[2020-07-18 15:56:51,188] {bash_operator.py:161} INFO - Command exited with return code 0
[2020-07-18 15:56:51,195] {taskinstance.py:1070} INFO - Marking task as SUCCESS.dag_id=Helloworld, task_id=task_1, execution_date=20160421T000000, start_date=20200718T195651, end_date=20200718T195651
[2020-07-18 15:56:56,102] {local_task_job.py:102} INFO - Task exited with return code 0
