[2020-07-18 15:54:23,425] {taskinstance.py:670} INFO - Dependencies all met for <TaskInstance: Helloworld.task_4 2016-04-17T00:00:00+00:00 [queued]>
[2020-07-18 15:54:23,435] {taskinstance.py:670} INFO - Dependencies all met for <TaskInstance: Helloworld.task_4 2016-04-17T00:00:00+00:00 [queued]>
[2020-07-18 15:54:23,435] {taskinstance.py:880} INFO - 
--------------------------------------------------------------------------------
[2020-07-18 15:54:23,435] {taskinstance.py:881} INFO - Starting attempt 1 of 2
[2020-07-18 15:54:23,435] {taskinstance.py:882} INFO - 
--------------------------------------------------------------------------------
[2020-07-18 15:54:23,440] {taskinstance.py:901} INFO - Executing <Task(BashOperator): task_4> on 2016-04-17T00:00:00+00:00
[2020-07-18 15:54:23,442] {standard_task_runner.py:54} INFO - Started process 38167 to run task
[2020-07-18 15:54:23,464] {standard_task_runner.py:77} INFO - Running: ['airflow', 'run', 'Helloworld', 'task_4', '2016-04-17T00:00:00+00:00', '--job_id', '22', '--pool', 'default_pool', '--raw', '-sd', 'DAGS_FOLDER/helloworld.py', '--cfg_path', '/var/folders/00/80wjhvv115lcj4bckmhhb8x40000gn/T/tmpoym90z77']
[2020-07-18 15:54:23,466] {standard_task_runner.py:78} INFO - Job 22: Subtask task_4
[2020-07-18 15:54:23,490] {logging_mixin.py:112} INFO - Running %s on host %s <TaskInstance: Helloworld.task_4 2016-04-17T00:00:00+00:00 [running]> 1.0.0.0.0.0.0.0.0.0.0.0.0.0.0.0.0.0.0.0.0.0.0.0.0.0.0.0.0.0.0.0.ip6.arpa
[2020-07-18 15:54:23,504] {bash_operator.py:113} INFO - Tmp dir root location: 
 /var/folders/00/80wjhvv115lcj4bckmhhb8x40000gn/T
[2020-07-18 15:54:23,505] {bash_operator.py:136} INFO - Temporary script location: /var/folders/00/80wjhvv115lcj4bckmhhb8x40000gn/T/airflowtmp08mgk9te/task_4feuqqe2y
[2020-07-18 15:54:23,505] {bash_operator.py:146} INFO - Running command: echo "Hello World from Task 4"
[2020-07-18 15:54:23,510] {bash_operator.py:153} INFO - Output:
[2020-07-18 15:54:23,513] {bash_operator.py:157} INFO - Hello World from Task 4
[2020-07-18 15:54:23,513] {bash_operator.py:161} INFO - Command exited with return code 0
[2020-07-18 15:54:23,520] {taskinstance.py:1070} INFO - Marking task as SUCCESS.dag_id=Helloworld, task_id=task_4, execution_date=20160417T000000, start_date=20200718T195423, end_date=20200718T195423
[2020-07-18 15:54:28,425] {local_task_job.py:102} INFO - Task exited with return code 0
