[2020-07-18 15:52:52,868] {taskinstance.py:670} INFO - Dependencies all met for <TaskInstance: Helloworld.task_2 2016-04-17T00:00:00+00:00 [queued]>
[2020-07-18 15:52:52,878] {taskinstance.py:670} INFO - Dependencies all met for <TaskInstance: Helloworld.task_2 2016-04-17T00:00:00+00:00 [queued]>
[2020-07-18 15:52:52,878] {taskinstance.py:880} INFO - 
--------------------------------------------------------------------------------
[2020-07-18 15:52:52,878] {taskinstance.py:881} INFO - Starting attempt 1 of 2
[2020-07-18 15:52:52,878] {taskinstance.py:882} INFO - 
--------------------------------------------------------------------------------
[2020-07-18 15:52:52,883] {taskinstance.py:901} INFO - Executing <Task(BashOperator): task_2> on 2016-04-17T00:00:00+00:00
[2020-07-18 15:52:52,886] {standard_task_runner.py:54} INFO - Started process 38042 to run task
[2020-07-18 15:52:52,908] {standard_task_runner.py:77} INFO - Running: ['airflow', 'run', 'Helloworld', 'task_2', '2016-04-17T00:00:00+00:00', '--job_id', '16', '--pool', 'default_pool', '--raw', '-sd', 'DAGS_FOLDER/helloworld.py', '--cfg_path', '/var/folders/00/80wjhvv115lcj4bckmhhb8x40000gn/T/tmpjcy70v6s']
[2020-07-18 15:52:52,909] {standard_task_runner.py:78} INFO - Job 16: Subtask task_2
[2020-07-18 15:52:52,933] {logging_mixin.py:112} INFO - Running %s on host %s <TaskInstance: Helloworld.task_2 2016-04-17T00:00:00+00:00 [running]> 1.0.0.0.0.0.0.0.0.0.0.0.0.0.0.0.0.0.0.0.0.0.0.0.0.0.0.0.0.0.0.0.ip6.arpa
[2020-07-18 15:52:52,946] {bash_operator.py:113} INFO - Tmp dir root location: 
 /var/folders/00/80wjhvv115lcj4bckmhhb8x40000gn/T
[2020-07-18 15:52:52,947] {bash_operator.py:136} INFO - Temporary script location: /var/folders/00/80wjhvv115lcj4bckmhhb8x40000gn/T/airflowtmpf2sukh0m/task_28iob089c
[2020-07-18 15:52:52,947] {bash_operator.py:146} INFO - Running command: echo "Hello World from Task 2"
[2020-07-18 15:52:52,953] {bash_operator.py:153} INFO - Output:
[2020-07-18 15:52:52,956] {bash_operator.py:157} INFO - Hello World from Task 2
[2020-07-18 15:52:52,956] {bash_operator.py:161} INFO - Command exited with return code 0
[2020-07-18 15:52:52,964] {taskinstance.py:1070} INFO - Marking task as SUCCESS.dag_id=Helloworld, task_id=task_2, execution_date=20160417T000000, start_date=20200718T195252, end_date=20200718T195252
[2020-07-18 15:52:57,867] {local_task_job.py:102} INFO - Task exited with return code 0
