[2020-07-18 15:57:09,796] {taskinstance.py:670} INFO - Dependencies all met for <TaskInstance: Helloworld.task_4 2016-04-19T00:00:00+00:00 [queued]>
[2020-07-18 15:57:09,807] {taskinstance.py:670} INFO - Dependencies all met for <TaskInstance: Helloworld.task_4 2016-04-19T00:00:00+00:00 [queued]>
[2020-07-18 15:57:09,807] {taskinstance.py:880} INFO - 
--------------------------------------------------------------------------------
[2020-07-18 15:57:09,807] {taskinstance.py:881} INFO - Starting attempt 1 of 2
[2020-07-18 15:57:09,807] {taskinstance.py:882} INFO - 
--------------------------------------------------------------------------------
[2020-07-18 15:57:09,812] {taskinstance.py:901} INFO - Executing <Task(BashOperator): task_4> on 2016-04-19T00:00:00+00:00
[2020-07-18 15:57:09,814] {standard_task_runner.py:54} INFO - Started process 38393 to run task
[2020-07-18 15:57:09,835] {standard_task_runner.py:77} INFO - Running: ['airflow', 'run', 'Helloworld', 'task_4', '2016-04-19T00:00:00+00:00', '--job_id', '31', '--pool', 'default_pool', '--raw', '-sd', 'DAGS_FOLDER/helloworld.py', '--cfg_path', '/var/folders/00/80wjhvv115lcj4bckmhhb8x40000gn/T/tmp5_zed817']
[2020-07-18 15:57:09,837] {standard_task_runner.py:78} INFO - Job 31: Subtask task_4
[2020-07-18 15:57:09,860] {logging_mixin.py:112} INFO - Running %s on host %s <TaskInstance: Helloworld.task_4 2016-04-19T00:00:00+00:00 [running]> 1.0.0.0.0.0.0.0.0.0.0.0.0.0.0.0.0.0.0.0.0.0.0.0.0.0.0.0.0.0.0.0.ip6.arpa
[2020-07-18 15:57:09,875] {bash_operator.py:113} INFO - Tmp dir root location: 
 /var/folders/00/80wjhvv115lcj4bckmhhb8x40000gn/T
[2020-07-18 15:57:09,876] {bash_operator.py:136} INFO - Temporary script location: /var/folders/00/80wjhvv115lcj4bckmhhb8x40000gn/T/airflowtmpqw5456z4/task_46tj93j8q
[2020-07-18 15:57:09,876] {bash_operator.py:146} INFO - Running command: echo "Hello World from Task 4"
[2020-07-18 15:57:09,881] {bash_operator.py:153} INFO - Output:
[2020-07-18 15:57:09,884] {bash_operator.py:157} INFO - Hello World from Task 4
[2020-07-18 15:57:09,884] {bash_operator.py:161} INFO - Command exited with return code 0
[2020-07-18 15:57:09,891] {taskinstance.py:1070} INFO - Marking task as SUCCESS.dag_id=Helloworld, task_id=task_4, execution_date=20160419T000000, start_date=20200718T195709, end_date=20200718T195709
[2020-07-18 15:57:14,796] {local_task_job.py:102} INFO - Task exited with return code 0
