[2020-07-18 15:51:47,086] {taskinstance.py:670} INFO - Dependencies all met for <TaskInstance: Helloworld.task_4 2016-04-15T00:00:00+00:00 [queued]>
[2020-07-18 15:51:47,095] {taskinstance.py:670} INFO - Dependencies all met for <TaskInstance: Helloworld.task_4 2016-04-15T00:00:00+00:00 [queued]>
[2020-07-18 15:51:47,095] {taskinstance.py:880} INFO - 
--------------------------------------------------------------------------------
[2020-07-18 15:51:47,095] {taskinstance.py:881} INFO - Starting attempt 1 of 2
[2020-07-18 15:51:47,095] {taskinstance.py:882} INFO - 
--------------------------------------------------------------------------------
[2020-07-18 15:51:47,101] {taskinstance.py:901} INFO - Executing <Task(BashOperator): task_4> on 2016-04-15T00:00:00+00:00
[2020-07-18 15:51:47,104] {standard_task_runner.py:54} INFO - Started process 37938 to run task
[2020-07-18 15:51:47,125] {standard_task_runner.py:77} INFO - Running: ['airflow', 'run', 'Helloworld', 'task_4', '2016-04-15T00:00:00+00:00', '--job_id', '14', '--pool', 'default_pool', '--raw', '-sd', 'DAGS_FOLDER/helloworld.py', '--cfg_path', '/var/folders/00/80wjhvv115lcj4bckmhhb8x40000gn/T/tmpexiz8gk9']
[2020-07-18 15:51:47,127] {standard_task_runner.py:78} INFO - Job 14: Subtask task_4
[2020-07-18 15:51:47,151] {logging_mixin.py:112} INFO - Running %s on host %s <TaskInstance: Helloworld.task_4 2016-04-15T00:00:00+00:00 [running]> 1.0.0.0.0.0.0.0.0.0.0.0.0.0.0.0.0.0.0.0.0.0.0.0.0.0.0.0.0.0.0.0.ip6.arpa
[2020-07-18 15:51:47,165] {bash_operator.py:113} INFO - Tmp dir root location: 
 /var/folders/00/80wjhvv115lcj4bckmhhb8x40000gn/T
[2020-07-18 15:51:47,166] {bash_operator.py:136} INFO - Temporary script location: /var/folders/00/80wjhvv115lcj4bckmhhb8x40000gn/T/airflowtmp94l8c0y_/task_4920jum0n
[2020-07-18 15:51:47,166] {bash_operator.py:146} INFO - Running command: echo "Hello World from Task 4"
[2020-07-18 15:51:47,171] {bash_operator.py:153} INFO - Output:
[2020-07-18 15:51:47,173] {bash_operator.py:157} INFO - Hello World from Task 4
[2020-07-18 15:51:47,174] {bash_operator.py:161} INFO - Command exited with return code 0
[2020-07-18 15:51:47,181] {taskinstance.py:1070} INFO - Marking task as SUCCESS.dag_id=Helloworld, task_id=task_4, execution_date=20160415T000000, start_date=20200718T195147, end_date=20200718T195147
[2020-07-18 15:51:52,086] {local_task_job.py:102} INFO - Task exited with return code 0
