[2020-07-18 15:57:03,589] {taskinstance.py:670} INFO - Dependencies all met for <TaskInstance: Helloworld.task_3 2016-04-20T00:00:00+00:00 [queued]>
[2020-07-18 15:57:03,599] {taskinstance.py:670} INFO - Dependencies all met for <TaskInstance: Helloworld.task_3 2016-04-20T00:00:00+00:00 [queued]>
[2020-07-18 15:57:03,600] {taskinstance.py:880} INFO - 
--------------------------------------------------------------------------------
[2020-07-18 15:57:03,600] {taskinstance.py:881} INFO - Starting attempt 1 of 2
[2020-07-18 15:57:03,600] {taskinstance.py:882} INFO - 
--------------------------------------------------------------------------------
[2020-07-18 15:57:03,605] {taskinstance.py:901} INFO - Executing <Task(BashOperator): task_3> on 2016-04-20T00:00:00+00:00
[2020-07-18 15:57:03,607] {standard_task_runner.py:54} INFO - Started process 38379 to run task
[2020-07-18 15:57:03,629] {standard_task_runner.py:77} INFO - Running: ['airflow', 'run', 'Helloworld', 'task_3', '2016-04-20T00:00:00+00:00', '--job_id', '30', '--pool', 'default_pool', '--raw', '-sd', 'DAGS_FOLDER/helloworld.py', '--cfg_path', '/var/folders/00/80wjhvv115lcj4bckmhhb8x40000gn/T/tmpqr_jojic']
[2020-07-18 15:57:03,631] {standard_task_runner.py:78} INFO - Job 30: Subtask task_3
[2020-07-18 15:57:03,654] {logging_mixin.py:112} INFO - Running %s on host %s <TaskInstance: Helloworld.task_3 2016-04-20T00:00:00+00:00 [running]> 1.0.0.0.0.0.0.0.0.0.0.0.0.0.0.0.0.0.0.0.0.0.0.0.0.0.0.0.0.0.0.0.ip6.arpa
[2020-07-18 15:57:03,668] {bash_operator.py:113} INFO - Tmp dir root location: 
 /var/folders/00/80wjhvv115lcj4bckmhhb8x40000gn/T
[2020-07-18 15:57:03,669] {bash_operator.py:136} INFO - Temporary script location: /var/folders/00/80wjhvv115lcj4bckmhhb8x40000gn/T/airflowtmpxast4opv/task_3g42rlplr
[2020-07-18 15:57:03,669] {bash_operator.py:146} INFO - Running command: echo "Hello World from Task 3"
[2020-07-18 15:57:03,674] {bash_operator.py:153} INFO - Output:
[2020-07-18 15:57:03,677] {bash_operator.py:157} INFO - Hello World from Task 3
[2020-07-18 15:57:03,677] {bash_operator.py:161} INFO - Command exited with return code 0
[2020-07-18 15:57:03,684] {taskinstance.py:1070} INFO - Marking task as SUCCESS.dag_id=Helloworld, task_id=task_3, execution_date=20160420T000000, start_date=20200718T195703, end_date=20200718T195703
[2020-07-18 15:57:08,589] {local_task_job.py:102} INFO - Task exited with return code 0
