[2020-07-18 15:55:45,510] {taskinstance.py:670} INFO - Dependencies all met for <TaskInstance: Helloworld.task_3 2016-04-19T00:00:00+00:00 [queued]>
[2020-07-18 15:55:45,521] {taskinstance.py:670} INFO - Dependencies all met for <TaskInstance: Helloworld.task_3 2016-04-19T00:00:00+00:00 [queued]>
[2020-07-18 15:55:45,521] {taskinstance.py:880} INFO - 
--------------------------------------------------------------------------------
[2020-07-18 15:55:45,521] {taskinstance.py:881} INFO - Starting attempt 1 of 2
[2020-07-18 15:55:45,521] {taskinstance.py:882} INFO - 
--------------------------------------------------------------------------------
[2020-07-18 15:55:45,525] {taskinstance.py:901} INFO - Executing <Task(BashOperator): task_3> on 2016-04-19T00:00:00+00:00
[2020-07-18 15:55:45,528] {standard_task_runner.py:54} INFO - Started process 38271 to run task
[2020-07-18 15:55:45,549] {standard_task_runner.py:77} INFO - Running: ['airflow', 'run', 'Helloworld', 'task_3', '2016-04-19T00:00:00+00:00', '--job_id', '26', '--pool', 'default_pool', '--raw', '-sd', 'DAGS_FOLDER/helloworld.py', '--cfg_path', '/var/folders/00/80wjhvv115lcj4bckmhhb8x40000gn/T/tmp46qpa3iu']
[2020-07-18 15:55:45,550] {standard_task_runner.py:78} INFO - Job 26: Subtask task_3
[2020-07-18 15:55:45,573] {logging_mixin.py:112} INFO - Running %s on host %s <TaskInstance: Helloworld.task_3 2016-04-19T00:00:00+00:00 [running]> 1.0.0.0.0.0.0.0.0.0.0.0.0.0.0.0.0.0.0.0.0.0.0.0.0.0.0.0.0.0.0.0.ip6.arpa
[2020-07-18 15:55:45,588] {bash_operator.py:113} INFO - Tmp dir root location: 
 /var/folders/00/80wjhvv115lcj4bckmhhb8x40000gn/T
[2020-07-18 15:55:45,589] {bash_operator.py:136} INFO - Temporary script location: /var/folders/00/80wjhvv115lcj4bckmhhb8x40000gn/T/airflowtmpjuvklbuf/task_3zvxo7wt6
[2020-07-18 15:55:45,589] {bash_operator.py:146} INFO - Running command: echo "Hello World from Task 3"
[2020-07-18 15:55:45,595] {bash_operator.py:153} INFO - Output:
[2020-07-18 15:55:45,597] {bash_operator.py:157} INFO - Hello World from Task 3
[2020-07-18 15:55:45,598] {bash_operator.py:161} INFO - Command exited with return code 0
[2020-07-18 15:55:45,604] {taskinstance.py:1070} INFO - Marking task as SUCCESS.dag_id=Helloworld, task_id=task_3, execution_date=20160419T000000, start_date=20200718T195545, end_date=20200718T195545
[2020-07-18 15:55:50,510] {local_task_job.py:102} INFO - Task exited with return code 0
