[2020-07-18 16:00:50,624] {taskinstance.py:670} INFO - Dependencies all met for <TaskInstance: Helloworld.task_1 2016-04-24T00:00:00+00:00 [queued]>
[2020-07-18 16:00:50,629] {taskinstance.py:670} INFO - Dependencies all met for <TaskInstance: Helloworld.task_1 2016-04-24T00:00:00+00:00 [queued]>
[2020-07-18 16:00:50,629] {taskinstance.py:880} INFO - 
--------------------------------------------------------------------------------
[2020-07-18 16:00:50,629] {taskinstance.py:881} INFO - Starting attempt 1 of 2
[2020-07-18 16:00:50,630] {taskinstance.py:882} INFO - 
--------------------------------------------------------------------------------
[2020-07-18 16:00:50,636] {taskinstance.py:901} INFO - Executing <Task(BashOperator): task_1> on 2016-04-24T00:00:00+00:00
[2020-07-18 16:00:50,638] {standard_task_runner.py:54} INFO - Started process 38674 to run task
[2020-07-18 16:00:50,662] {standard_task_runner.py:77} INFO - Running: ['airflow', 'run', 'Helloworld', 'task_1', '2016-04-24T00:00:00+00:00', '--job_id', '41', '--pool', 'default_pool', '--raw', '-sd', 'DAGS_FOLDER/helloworld.py', '--cfg_path', '/var/folders/00/80wjhvv115lcj4bckmhhb8x40000gn/T/tmpbhe_bfhi']
[2020-07-18 16:00:50,663] {standard_task_runner.py:78} INFO - Job 41: Subtask task_1
[2020-07-18 16:00:50,687] {logging_mixin.py:112} INFO - Running %s on host %s <TaskInstance: Helloworld.task_1 2016-04-24T00:00:00+00:00 [running]> 1.0.0.0.0.0.0.0.0.0.0.0.0.0.0.0.0.0.0.0.0.0.0.0.0.0.0.0.0.0.0.0.ip6.arpa
[2020-07-18 16:00:50,700] {bash_operator.py:113} INFO - Tmp dir root location: 
 /var/folders/00/80wjhvv115lcj4bckmhhb8x40000gn/T
[2020-07-18 16:00:50,701] {bash_operator.py:136} INFO - Temporary script location: /var/folders/00/80wjhvv115lcj4bckmhhb8x40000gn/T/airflowtmp06l1iygm/task_10c7uz63k
[2020-07-18 16:00:50,702] {bash_operator.py:146} INFO - Running command: echo "Hello World from Task 1"
[2020-07-18 16:00:50,707] {bash_operator.py:153} INFO - Output:
[2020-07-18 16:00:50,709] {bash_operator.py:157} INFO - Hello World from Task 1
[2020-07-18 16:00:50,710] {bash_operator.py:161} INFO - Command exited with return code 0
[2020-07-18 16:00:50,718] {taskinstance.py:1070} INFO - Marking task as SUCCESS.dag_id=Helloworld, task_id=task_1, execution_date=20160424T000000, start_date=20200718T200050, end_date=20200718T200050
[2020-07-18 16:00:55,626] {local_task_job.py:102} INFO - Task exited with return code 0
