[2020-07-18 15:51:34,697] {taskinstance.py:670} INFO - Dependencies all met for <TaskInstance: Helloworld.task_3 2016-04-16T00:00:00+00:00 [queued]>
[2020-07-18 15:51:34,706] {taskinstance.py:670} INFO - Dependencies all met for <TaskInstance: Helloworld.task_3 2016-04-16T00:00:00+00:00 [queued]>
[2020-07-18 15:51:34,707] {taskinstance.py:880} INFO - 
--------------------------------------------------------------------------------
[2020-07-18 15:51:34,707] {taskinstance.py:881} INFO - Starting attempt 1 of 2
[2020-07-18 15:51:34,707] {taskinstance.py:882} INFO - 
--------------------------------------------------------------------------------
[2020-07-18 15:51:34,713] {taskinstance.py:901} INFO - Executing <Task(BashOperator): task_3> on 2016-04-16T00:00:00+00:00
[2020-07-18 15:51:34,714] {standard_task_runner.py:54} INFO - Started process 37918 to run task
[2020-07-18 15:51:34,736] {standard_task_runner.py:77} INFO - Running: ['airflow', 'run', 'Helloworld', 'task_3', '2016-04-16T00:00:00+00:00', '--job_id', '12', '--pool', 'default_pool', '--raw', '-sd', 'DAGS_FOLDER/helloworld.py', '--cfg_path', '/var/folders/00/80wjhvv115lcj4bckmhhb8x40000gn/T/tmpsg1jrfla']
[2020-07-18 15:51:34,738] {standard_task_runner.py:78} INFO - Job 12: Subtask task_3
[2020-07-18 15:51:34,762] {logging_mixin.py:112} INFO - Running %s on host %s <TaskInstance: Helloworld.task_3 2016-04-16T00:00:00+00:00 [running]> 1.0.0.0.0.0.0.0.0.0.0.0.0.0.0.0.0.0.0.0.0.0.0.0.0.0.0.0.0.0.0.0.ip6.arpa
[2020-07-18 15:51:34,777] {bash_operator.py:113} INFO - Tmp dir root location: 
 /var/folders/00/80wjhvv115lcj4bckmhhb8x40000gn/T
[2020-07-18 15:51:34,778] {bash_operator.py:136} INFO - Temporary script location: /var/folders/00/80wjhvv115lcj4bckmhhb8x40000gn/T/airflowtmpelhw40rx/task_3xjkqs9ao
[2020-07-18 15:51:34,778] {bash_operator.py:146} INFO - Running command: echo "Hello World from Task 3"
[2020-07-18 15:51:34,783] {bash_operator.py:153} INFO - Output:
[2020-07-18 15:51:34,786] {bash_operator.py:157} INFO - Hello World from Task 3
[2020-07-18 15:51:34,787] {bash_operator.py:161} INFO - Command exited with return code 0
[2020-07-18 15:51:34,793] {taskinstance.py:1070} INFO - Marking task as SUCCESS.dag_id=Helloworld, task_id=task_3, execution_date=20160416T000000, start_date=20200718T195134, end_date=20200718T195134
[2020-07-18 15:51:39,692] {local_task_job.py:102} INFO - Task exited with return code 0
