[2020-07-18 15:56:57,325] {taskinstance.py:670} INFO - Dependencies all met for <TaskInstance: Helloworld.task_2 2016-04-20T00:00:00+00:00 [queued]>
[2020-07-18 15:56:57,336] {taskinstance.py:670} INFO - Dependencies all met for <TaskInstance: Helloworld.task_2 2016-04-20T00:00:00+00:00 [queued]>
[2020-07-18 15:56:57,336] {taskinstance.py:880} INFO - 
--------------------------------------------------------------------------------
[2020-07-18 15:56:57,336] {taskinstance.py:881} INFO - Starting attempt 1 of 2
[2020-07-18 15:56:57,336] {taskinstance.py:882} INFO - 
--------------------------------------------------------------------------------
[2020-07-18 15:56:57,341] {taskinstance.py:901} INFO - Executing <Task(BashOperator): task_2> on 2016-04-20T00:00:00+00:00
[2020-07-18 15:56:57,343] {standard_task_runner.py:54} INFO - Started process 38368 to run task
[2020-07-18 15:56:57,364] {standard_task_runner.py:77} INFO - Running: ['airflow', 'run', 'Helloworld', 'task_2', '2016-04-20T00:00:00+00:00', '--job_id', '29', '--pool', 'default_pool', '--raw', '-sd', 'DAGS_FOLDER/helloworld.py', '--cfg_path', '/var/folders/00/80wjhvv115lcj4bckmhhb8x40000gn/T/tmpvdi3sdqq']
[2020-07-18 15:56:57,366] {standard_task_runner.py:78} INFO - Job 29: Subtask task_2
[2020-07-18 15:56:57,390] {logging_mixin.py:112} INFO - Running %s on host %s <TaskInstance: Helloworld.task_2 2016-04-20T00:00:00+00:00 [running]> 1.0.0.0.0.0.0.0.0.0.0.0.0.0.0.0.0.0.0.0.0.0.0.0.0.0.0.0.0.0.0.0.ip6.arpa
[2020-07-18 15:56:57,405] {bash_operator.py:113} INFO - Tmp dir root location: 
 /var/folders/00/80wjhvv115lcj4bckmhhb8x40000gn/T
[2020-07-18 15:56:57,406] {bash_operator.py:136} INFO - Temporary script location: /var/folders/00/80wjhvv115lcj4bckmhhb8x40000gn/T/airflowtmp6q6oayue/task_2na747nkn
[2020-07-18 15:56:57,406] {bash_operator.py:146} INFO - Running command: echo "Hello World from Task 2"
[2020-07-18 15:56:57,411] {bash_operator.py:153} INFO - Output:
[2020-07-18 15:56:57,413] {bash_operator.py:157} INFO - Hello World from Task 2
[2020-07-18 15:56:57,413] {bash_operator.py:161} INFO - Command exited with return code 0
[2020-07-18 15:56:57,421] {taskinstance.py:1070} INFO - Marking task as SUCCESS.dag_id=Helloworld, task_id=task_2, execution_date=20160420T000000, start_date=20200718T195657, end_date=20200718T195657
[2020-07-18 15:57:02,321] {local_task_job.py:102} INFO - Task exited with return code 0
