[2020-07-18 15:51:28,497] {taskinstance.py:670} INFO - Dependencies all met for <TaskInstance: Helloworld.task_2 2016-04-16T00:00:00+00:00 [queued]>
[2020-07-18 15:51:28,507] {taskinstance.py:670} INFO - Dependencies all met for <TaskInstance: Helloworld.task_2 2016-04-16T00:00:00+00:00 [queued]>
[2020-07-18 15:51:28,507] {taskinstance.py:880} INFO - 
--------------------------------------------------------------------------------
[2020-07-18 15:51:28,508] {taskinstance.py:881} INFO - Starting attempt 1 of 2
[2020-07-18 15:51:28,508] {taskinstance.py:882} INFO - 
--------------------------------------------------------------------------------
[2020-07-18 15:51:28,514] {taskinstance.py:901} INFO - Executing <Task(BashOperator): task_2> on 2016-04-16T00:00:00+00:00
[2020-07-18 15:51:28,516] {standard_task_runner.py:54} INFO - Started process 37912 to run task
[2020-07-18 15:51:28,538] {standard_task_runner.py:77} INFO - Running: ['airflow', 'run', 'Helloworld', 'task_2', '2016-04-16T00:00:00+00:00', '--job_id', '11', '--pool', 'default_pool', '--raw', '-sd', 'DAGS_FOLDER/helloworld.py', '--cfg_path', '/var/folders/00/80wjhvv115lcj4bckmhhb8x40000gn/T/tmpuyw4wb6a']
[2020-07-18 15:51:28,539] {standard_task_runner.py:78} INFO - Job 11: Subtask task_2
[2020-07-18 15:51:28,564] {logging_mixin.py:112} INFO - Running %s on host %s <TaskInstance: Helloworld.task_2 2016-04-16T00:00:00+00:00 [running]> 1.0.0.0.0.0.0.0.0.0.0.0.0.0.0.0.0.0.0.0.0.0.0.0.0.0.0.0.0.0.0.0.ip6.arpa
[2020-07-18 15:51:28,579] {bash_operator.py:113} INFO - Tmp dir root location: 
 /var/folders/00/80wjhvv115lcj4bckmhhb8x40000gn/T
[2020-07-18 15:51:28,580] {bash_operator.py:136} INFO - Temporary script location: /var/folders/00/80wjhvv115lcj4bckmhhb8x40000gn/T/airflowtmp7dg70xou/task_2wot5kadw
[2020-07-18 15:51:28,580] {bash_operator.py:146} INFO - Running command: echo "Hello World from Task 2"
[2020-07-18 15:51:28,586] {bash_operator.py:153} INFO - Output:
[2020-07-18 15:51:28,588] {bash_operator.py:157} INFO - Hello World from Task 2
[2020-07-18 15:51:28,588] {bash_operator.py:161} INFO - Command exited with return code 0
[2020-07-18 15:51:28,595] {taskinstance.py:1070} INFO - Marking task as SUCCESS.dag_id=Helloworld, task_id=task_2, execution_date=20160416T000000, start_date=20200718T195128, end_date=20200718T195128
[2020-07-18 15:51:33,494] {local_task_job.py:102} INFO - Task exited with return code 0
