[2020-07-18 17:39:57,847] {taskinstance.py:670} INFO - Dependencies all met for <TaskInstance: etl_preprocessing.feature_selection_web 2020-07-18T21:38:16.305020+00:00 [queued]>
[2020-07-18 17:39:57,856] {taskinstance.py:670} INFO - Dependencies all met for <TaskInstance: etl_preprocessing.feature_selection_web 2020-07-18T21:38:16.305020+00:00 [queued]>
[2020-07-18 17:39:57,856] {taskinstance.py:880} INFO - 
--------------------------------------------------------------------------------
[2020-07-18 17:39:57,856] {taskinstance.py:881} INFO - Starting attempt 1 of 1
[2020-07-18 17:39:57,856] {taskinstance.py:882} INFO - 
--------------------------------------------------------------------------------
[2020-07-18 17:39:57,861] {taskinstance.py:901} INFO - Executing <Task(DockerOperator): feature_selection_web> on 2020-07-18T21:38:16.305020+00:00
[2020-07-18 17:39:57,863] {standard_task_runner.py:54} INFO - Started process 47401 to run task
[2020-07-18 17:39:57,888] {standard_task_runner.py:77} INFO - Running: ['airflow', 'run', 'etl_preprocessing', 'feature_selection_web', '2020-07-18T21:38:16.305020+00:00', '--job_id', '72', '--pool', 'default_pool', '--raw', '-sd', 'DAGS_FOLDER/elt_preprocessing.py', '--cfg_path', '/var/folders/00/80wjhvv115lcj4bckmhhb8x40000gn/T/tmpn1b59_e3']
[2020-07-18 17:39:57,889] {standard_task_runner.py:78} INFO - Job 72: Subtask feature_selection_web
[2020-07-18 17:39:57,913] {logging_mixin.py:112} INFO - Running %s on host %s <TaskInstance: etl_preprocessing.feature_selection_web 2020-07-18T21:38:16.305020+00:00 [running]> 1.0.0.0.0.0.0.0.0.0.0.0.0.0.0.0.0.0.0.0.0.0.0.0.0.0.0.0.0.0.0.0.ip6.arpa
[2020-07-18 17:39:58,039] {docker_operator.py:210} INFO - Starting docker container from image feature_selection_web:latest
[2020-07-18 17:39:58,607] {docker_operator.py:243} INFO - Input Notebook:  notebooks/feature_selection.ipynb
Output Notebook: notebooks/output/code_exec_111111.ipynb
[2020-07-18 17:39:59,524] {docker_operator.py:243} INFO - Executing notebook with kernel: venv-kensho-feature-selection
Executing Cell 1---------------------------------------
[2020-07-18 17:39:59,548] {docker_operator.py:243} INFO - Ending Cell 1------------------------------------------
[2020-07-18 17:39:59,559] {docker_operator.py:243} INFO - Executing Cell 2---------------------------------------
[2020-07-18 17:39:59,578] {docker_operator.py:243} INFO - name of the variable:docker.for.mac.host.internal
[2020-07-18 17:39:59,580] {docker_operator.py:243} INFO - Ending Cell 2------------------------------------------
[2020-07-18 17:39:59,593] {docker_operator.py:243} INFO - Executing Cell 3---------------------------------------
[2020-07-18 17:39:59,605] {docker_operator.py:243} INFO - Ending Cell 3------------------------------------------
[2020-07-18 17:39:59,618] {docker_operator.py:243} INFO - Executing Cell 4---------------------------------------
[2020-07-18 17:39:59,641] {docker_operator.py:243} INFO - '/'
[2020-07-18 17:39:59,645] {docker_operator.py:243} INFO - Ending Cell 4------------------------------------------
[2020-07-18 17:39:59,657] {docker_operator.py:243} INFO - Executing Cell 5---------------------------------------
[2020-07-18 17:39:59,670] {docker_operator.py:243} INFO - Ending Cell 5------------------------------------------
[2020-07-18 17:39:59,683] {docker_operator.py:243} INFO - Executing Cell 6---------------------------------------
[2020-07-18 17:39:59,695] {docker_operator.py:243} INFO - Ending Cell 6------------------------------------------
[2020-07-18 17:39:59,708] {docker_operator.py:243} INFO - Executing Cell 7---------------------------------------
[2020-07-18 17:40:00,389] {docker_operator.py:243} INFO - Ending Cell 7------------------------------------------
[2020-07-18 17:40:00,402] {docker_operator.py:243} INFO - Executing Cell 8---------------------------------------
[2020-07-18 17:40:00,416] {docker_operator.py:243} INFO - Ending Cell 8------------------------------------------
[2020-07-18 17:40:00,428] {docker_operator.py:243} INFO - Executing Cell 9---------------------------------------
[2020-07-18 17:40:00,454] {docker_operator.py:243} INFO - Ending Cell 9------------------------------------------
[2020-07-18 17:40:00,467] {docker_operator.py:243} INFO - Executing Cell 10--------------------------------------
[2020-07-18 17:40:00,479] {docker_operator.py:243} INFO - Ending Cell 10-----------------------------------------
[2020-07-18 17:40:00,492] {docker_operator.py:243} INFO - Executing Cell 11--------------------------------------
[2020-07-18 17:40:01,009] {docker_operator.py:243} INFO - docker.for.mac.host.internal
[2020-07-18 17:40:01,115] {docker_operator.py:243} INFO - Ending Cell 11-----------------------------------------
[2020-07-18 17:40:01,128] {docker_operator.py:243} INFO - Executing Cell 12--------------------------------------
[2020-07-18 17:40:01,141] {docker_operator.py:243} INFO - Ending Cell 12-----------------------------------------
[2020-07-18 17:40:01,154] {docker_operator.py:243} INFO - Executing Cell 13--------------------------------------
[2020-07-18 17:40:01,196] {docker_operator.py:243} INFO - name of the variable inside function:docker.for.mac.host.internal
[2020-07-18 17:40:01,199] {docker_operator.py:243} INFO - Ending Cell 13-----------------------------------------
[2020-07-18 17:40:01,212] {docker_operator.py:243} INFO - Executing Cell 14--------------------------------------
[2020-07-18 17:40:01,226] {docker_operator.py:243} INFO - Ending Cell 14-----------------------------------------
[2020-07-18 17:40:01,240] {docker_operator.py:243} INFO - Executing Cell 15--------------------------------------
[2020-07-18 17:40:01,325] {docker_operator.py:243} INFO - Ending Cell 15-----------------------------------------
[2020-07-18 17:40:01,340] {docker_operator.py:243} INFO - Executing Cell 16--------------------------------------
[2020-07-18 17:40:01,367] {docker_operator.py:243} INFO - Ending Cell 16-----------------------------------------
[2020-07-18 17:40:01,382] {docker_operator.py:243} INFO - Executing Cell 17--------------------------------------
[2020-07-18 17:40:01,407] {docker_operator.py:243} INFO - THIS IS THE://notebooks/
[2020-07-18 17:40:01,410] {docker_operator.py:243} INFO - Ending Cell 17-----------------------------------------
[2020-07-18 17:40:01,424] {docker_operator.py:243} INFO - Executing Cell 18--------------------------------------
[2020-07-18 17:40:01,947] {docker_operator.py:243} INFO - feature_selection.ipynb  label_encoder.p  [0m[01;34moutput[0m/
[2020-07-18 17:40:02,052] {docker_operator.py:243} INFO - Ending Cell 18-----------------------------------------
[2020-07-18 17:40:02,068] {docker_operator.py:243} INFO - Executing Cell 19--------------------------------------
[2020-07-18 17:40:02,192] {docker_operator.py:243} INFO - Ending Cell 19-----------------------------------------
[2020-07-18 17:40:02,208] {docker_operator.py:243} INFO - Executing Cell 20--------------------------------------
[2020-07-18 17:40:02,232] {docker_operator.py:243} INFO - worked feature selection using . train
[2020-07-18 17:40:02,234] {docker_operator.py:243} INFO - Ending Cell 20-----------------------------------------
[2020-07-18 17:40:02,251] {docker_operator.py:243} INFO - Executing Cell 21--------------------------------------
[2020-07-18 17:40:02,267] {docker_operator.py:243} INFO - Ending Cell 21-----------------------------------------
[2020-07-18 17:40:02,873] {taskinstance.py:1070} INFO - Marking task as SUCCESS.dag_id=etl_preprocessing, task_id=feature_selection_web, execution_date=20200718T213816, start_date=20200718T213957, end_date=20200718T214002
[2020-07-18 17:40:07,848] {local_task_job.py:102} INFO - Task exited with return code 0
