[2020-07-18 15:54:11,100] {taskinstance.py:670} INFO - Dependencies all met for <TaskInstance: Helloworld.task_2 2016-04-18T00:00:00+00:00 [queued]>
[2020-07-18 15:54:11,111] {taskinstance.py:670} INFO - Dependencies all met for <TaskInstance: Helloworld.task_2 2016-04-18T00:00:00+00:00 [queued]>
[2020-07-18 15:54:11,111] {taskinstance.py:880} INFO - 
--------------------------------------------------------------------------------
[2020-07-18 15:54:11,111] {taskinstance.py:881} INFO - Starting attempt 1 of 2
[2020-07-18 15:54:11,111] {taskinstance.py:882} INFO - 
--------------------------------------------------------------------------------
[2020-07-18 15:54:11,116] {taskinstance.py:901} INFO - Executing <Task(BashOperator): task_2> on 2016-04-18T00:00:00+00:00
[2020-07-18 15:54:11,118] {standard_task_runner.py:54} INFO - Started process 38147 to run task
[2020-07-18 15:54:11,138] {standard_task_runner.py:77} INFO - Running: ['airflow', 'run', 'Helloworld', 'task_2', '2016-04-18T00:00:00+00:00', '--job_id', '20', '--pool', 'default_pool', '--raw', '-sd', 'DAGS_FOLDER/helloworld.py', '--cfg_path', '/var/folders/00/80wjhvv115lcj4bckmhhb8x40000gn/T/tmpql6hejta']
[2020-07-18 15:54:11,140] {standard_task_runner.py:78} INFO - Job 20: Subtask task_2
[2020-07-18 15:54:11,164] {logging_mixin.py:112} INFO - Running %s on host %s <TaskInstance: Helloworld.task_2 2016-04-18T00:00:00+00:00 [running]> 1.0.0.0.0.0.0.0.0.0.0.0.0.0.0.0.0.0.0.0.0.0.0.0.0.0.0.0.0.0.0.0.ip6.arpa
[2020-07-18 15:54:11,178] {bash_operator.py:113} INFO - Tmp dir root location: 
 /var/folders/00/80wjhvv115lcj4bckmhhb8x40000gn/T
[2020-07-18 15:54:11,179] {bash_operator.py:136} INFO - Temporary script location: /var/folders/00/80wjhvv115lcj4bckmhhb8x40000gn/T/airflowtmp8rec3hh1/task_2fbjjn24x
[2020-07-18 15:54:11,180] {bash_operator.py:146} INFO - Running command: echo "Hello World from Task 2"
[2020-07-18 15:54:11,185] {bash_operator.py:153} INFO - Output:
[2020-07-18 15:54:11,187] {bash_operator.py:157} INFO - Hello World from Task 2
[2020-07-18 15:54:11,188] {bash_operator.py:161} INFO - Command exited with return code 0
[2020-07-18 15:54:11,194] {taskinstance.py:1070} INFO - Marking task as SUCCESS.dag_id=Helloworld, task_id=task_2, execution_date=20160418T000000, start_date=20200718T195411, end_date=20200718T195411
[2020-07-18 15:54:16,100] {local_task_job.py:102} INFO - Task exited with return code 0
