[2020-07-18 16:02:14,696] {taskinstance.py:670} INFO - Dependencies all met for <TaskInstance: Helloworld.task_2 2016-04-24T00:00:00+00:00 [queued]>
[2020-07-18 16:02:14,707] {taskinstance.py:670} INFO - Dependencies all met for <TaskInstance: Helloworld.task_2 2016-04-24T00:00:00+00:00 [queued]>
[2020-07-18 16:02:14,707] {taskinstance.py:880} INFO - 
--------------------------------------------------------------------------------
[2020-07-18 16:02:14,707] {taskinstance.py:881} INFO - Starting attempt 1 of 2
[2020-07-18 16:02:14,707] {taskinstance.py:882} INFO - 
--------------------------------------------------------------------------------
[2020-07-18 16:02:14,712] {taskinstance.py:901} INFO - Executing <Task(BashOperator): task_2> on 2016-04-24T00:00:00+00:00
[2020-07-18 16:02:14,714] {standard_task_runner.py:54} INFO - Started process 38830 to run task
[2020-07-18 16:02:14,735] {standard_task_runner.py:77} INFO - Running: ['airflow', 'run', 'Helloworld', 'task_2', '2016-04-24T00:00:00+00:00', '--job_id', '46', '--pool', 'default_pool', '--raw', '-sd', 'DAGS_FOLDER/helloworld.py', '--cfg_path', '/var/folders/00/80wjhvv115lcj4bckmhhb8x40000gn/T/tmpckcq_w56']
[2020-07-18 16:02:14,737] {standard_task_runner.py:78} INFO - Job 46: Subtask task_2
[2020-07-18 16:02:14,760] {logging_mixin.py:112} INFO - Running %s on host %s <TaskInstance: Helloworld.task_2 2016-04-24T00:00:00+00:00 [running]> 1.0.0.0.0.0.0.0.0.0.0.0.0.0.0.0.0.0.0.0.0.0.0.0.0.0.0.0.0.0.0.0.ip6.arpa
[2020-07-18 16:02:14,776] {bash_operator.py:113} INFO - Tmp dir root location: 
 /var/folders/00/80wjhvv115lcj4bckmhhb8x40000gn/T
[2020-07-18 16:02:14,777] {bash_operator.py:136} INFO - Temporary script location: /var/folders/00/80wjhvv115lcj4bckmhhb8x40000gn/T/airflowtmp5h_k5wuh/task_2a5tkmhjp
[2020-07-18 16:02:14,777] {bash_operator.py:146} INFO - Running command: echo "Hello World from Task 2"
[2020-07-18 16:02:14,782] {bash_operator.py:153} INFO - Output:
[2020-07-18 16:02:14,785] {bash_operator.py:157} INFO - Hello World from Task 2
[2020-07-18 16:02:14,785] {bash_operator.py:161} INFO - Command exited with return code 0
[2020-07-18 16:02:14,792] {taskinstance.py:1070} INFO - Marking task as SUCCESS.dag_id=Helloworld, task_id=task_2, execution_date=20160424T000000, start_date=20200718T200214, end_date=20200718T200214
[2020-07-18 16:02:19,697] {local_task_job.py:102} INFO - Task exited with return code 0
