[2020-07-18 16:58:00,287] {taskinstance.py:670} INFO - Dependencies all met for <TaskInstance: etl_preprocessing.split-data_web 2020-07-18T20:55:22.285237+00:00 [queued]>
[2020-07-18 16:58:00,296] {taskinstance.py:670} INFO - Dependencies all met for <TaskInstance: etl_preprocessing.split-data_web 2020-07-18T20:55:22.285237+00:00 [queued]>
[2020-07-18 16:58:00,296] {taskinstance.py:880} INFO - 
--------------------------------------------------------------------------------
[2020-07-18 16:58:00,296] {taskinstance.py:881} INFO - Starting attempt 1 of 1
[2020-07-18 16:58:00,296] {taskinstance.py:882} INFO - 
--------------------------------------------------------------------------------
[2020-07-18 16:58:00,300] {taskinstance.py:901} INFO - Executing <Task(DockerOperator): split-data_web> on 2020-07-18T20:55:22.285237+00:00
[2020-07-18 16:58:00,302] {standard_task_runner.py:54} INFO - Started process 43137 to run task
[2020-07-18 16:58:00,327] {standard_task_runner.py:77} INFO - Running: ['airflow', 'run', 'etl_preprocessing', 'split-data_web', '2020-07-18T20:55:22.285237+00:00', '--job_id', '57', '--pool', 'default_pool', '--raw', '-sd', 'DAGS_FOLDER/elt_preprocessing.py', '--cfg_path', '/var/folders/00/80wjhvv115lcj4bckmhhb8x40000gn/T/tmpnudihhxe']
[2020-07-18 16:58:00,328] {standard_task_runner.py:78} INFO - Job 57: Subtask split-data_web
[2020-07-18 16:58:00,352] {logging_mixin.py:112} INFO - Running %s on host %s <TaskInstance: etl_preprocessing.split-data_web 2020-07-18T20:55:22.285237+00:00 [running]> 1.0.0.0.0.0.0.0.0.0.0.0.0.0.0.0.0.0.0.0.0.0.0.0.0.0.0.0.0.0.0.0.ip6.arpa
[2020-07-18 16:58:00,465] {docker_operator.py:210} INFO - Starting docker container from image split_data_web:latest
[2020-07-18 16:58:01,018] {docker_operator.py:243} INFO - Input Notebook:  notebooks/split_data.ipynb
[2020-07-18 16:58:01,018] {docker_operator.py:243} INFO - Output Notebook: notebooks/output/code_exec_111111.ipynb
[2020-07-18 16:58:01,904] {docker_operator.py:243} INFO - Executing notebook with kernel: venv-kensho-split-data
[2020-07-18 16:58:01,904] {docker_operator.py:243} INFO - Executing Cell 1---------------------------------------
[2020-07-18 16:58:01,915] {docker_operator.py:243} INFO - Ending Cell 1------------------------------------------
[2020-07-18 16:58:01,924] {docker_operator.py:243} INFO - Executing Cell 2---------------------------------------
[2020-07-18 16:58:01,931] {docker_operator.py:243} INFO - Ending Cell 2------------------------------------------
[2020-07-18 16:58:01,940] {docker_operator.py:243} INFO - Executing Cell 3---------------------------------------
[2020-07-18 16:58:01,949] {docker_operator.py:243} INFO - Ending Cell 3------------------------------------------
[2020-07-18 16:58:01,957] {docker_operator.py:243} INFO - Executing Cell 4---------------------------------------
[2020-07-18 16:58:02,321] {docker_operator.py:243} INFO - Ending Cell 4------------------------------------------
[2020-07-18 16:58:02,329] {docker_operator.py:243} INFO - Executing Cell 5---------------------------------------
[2020-07-18 16:58:02,338] {docker_operator.py:243} INFO - Ending Cell 5------------------------------------------
[2020-07-18 16:58:02,347] {docker_operator.py:243} INFO - Executing Cell 6---------------------------------------
[2020-07-18 16:58:02,355] {docker_operator.py:243} INFO - Ending Cell 6------------------------------------------
[2020-07-18 16:58:02,363] {docker_operator.py:243} INFO - Executing Cell 7---------------------------------------
[2020-07-18 16:58:02,371] {docker_operator.py:243} INFO - Ending Cell 7------------------------------------------
[2020-07-18 16:58:02,380] {docker_operator.py:243} INFO - Executing Cell 8---------------------------------------
[2020-07-18 16:58:02,388] {docker_operator.py:243} INFO - Ending Cell 8------------------------------------------
[2020-07-18 16:58:02,396] {docker_operator.py:243} INFO - Executing Cell 9---------------------------------------
[2020-07-18 16:58:02,405] {docker_operator.py:243} INFO - Ending Cell 9------------------------------------------
[2020-07-18 16:58:02,415] {docker_operator.py:243} INFO - Executing Cell 10--------------------------------------
[2020-07-18 16:58:02,423] {docker_operator.py:243} INFO - Ending Cell 10-----------------------------------------
[2020-07-18 16:58:02,431] {docker_operator.py:243} INFO - Executing Cell 11--------------------------------------
[2020-07-18 16:58:02,473] {docker_operator.py:243} INFO - Ending Cell 11-----------------------------------------
[2020-07-18 16:58:02,483] {docker_operator.py:243} INFO - Executing Cell 12--------------------------------------
[2020-07-18 16:58:02,493] {docker_operator.py:243} INFO - Ending Cell 12-----------------------------------------
[2020-07-18 16:58:02,501] {docker_operator.py:243} INFO - Executing Cell 13--------------------------------------
[2020-07-18 16:58:02,567] {docker_operator.py:243} INFO - Ending Cell 13-----------------------------------------
[2020-07-18 16:58:02,577] {docker_operator.py:243} INFO - Executing Cell 14--------------------------------------
[2020-07-18 16:58:02,594] {docker_operator.py:243} INFO - worked sql_data
[2020-07-18 16:58:02,597] {docker_operator.py:243} INFO - Ending Cell 14-----------------------------------------
[2020-07-18 16:58:02,606] {docker_operator.py:243} INFO - Executing Cell 15--------------------------------------
[2020-07-18 16:58:02,616] {docker_operator.py:243} INFO - Ending Cell 15-----------------------------------------
[2020-07-18 16:58:03,213] {taskinstance.py:1070} INFO - Marking task as SUCCESS.dag_id=etl_preprocessing, task_id=split-data_web, execution_date=20200718T205522, start_date=20200718T205800, end_date=20200718T205803
[2020-07-18 16:58:05,284] {local_task_job.py:102} INFO - Task exited with return code 0
