[2020-07-18 17:11:52,979] {taskinstance.py:670} INFO - Dependencies all met for <TaskInstance: etl_preprocessing.raw-to-db_web 2020-07-18T21:11:11.389980+00:00 [queued]>
[2020-07-18 17:11:52,985] {taskinstance.py:670} INFO - Dependencies all met for <TaskInstance: etl_preprocessing.raw-to-db_web 2020-07-18T21:11:11.389980+00:00 [queued]>
[2020-07-18 17:11:52,985] {taskinstance.py:880} INFO - 
--------------------------------------------------------------------------------
[2020-07-18 17:11:52,985] {taskinstance.py:881} INFO - Starting attempt 1 of 1
[2020-07-18 17:11:52,985] {taskinstance.py:882} INFO - 
--------------------------------------------------------------------------------
[2020-07-18 17:11:52,991] {taskinstance.py:901} INFO - Executing <Task(DockerOperator): raw-to-db_web> on 2020-07-18T21:11:11.389980+00:00
[2020-07-18 17:11:52,993] {standard_task_runner.py:54} INFO - Started process 44240 to run task
[2020-07-18 17:11:53,017] {standard_task_runner.py:77} INFO - Running: ['airflow', 'run', 'etl_preprocessing', 'raw-to-db_web', '2020-07-18T21:11:11.389980+00:00', '--job_id', '61', '--pool', 'default_pool', '--raw', '-sd', 'DAGS_FOLDER/elt_preprocessing.py', '--cfg_path', '/var/folders/00/80wjhvv115lcj4bckmhhb8x40000gn/T/tmpjeyrxdia']
[2020-07-18 17:11:53,018] {standard_task_runner.py:78} INFO - Job 61: Subtask raw-to-db_web
[2020-07-18 17:11:53,042] {logging_mixin.py:112} INFO - Running %s on host %s <TaskInstance: etl_preprocessing.raw-to-db_web 2020-07-18T21:11:11.389980+00:00 [running]> 1.0.0.0.0.0.0.0.0.0.0.0.0.0.0.0.0.0.0.0.0.0.0.0.0.0.0.0.0.0.0.0.ip6.arpa
[2020-07-18 17:11:53,161] {docker_operator.py:210} INFO - Starting docker container from image raw_to_db_web:latest
[2020-07-18 17:11:53,741] {docker_operator.py:243} INFO - Input Notebook:  notebooks/raw_to_sql.ipynb
Output Notebook: notebooks/output/raw_to_sql_exec_111111.ipynb
[2020-07-18 17:11:54,626] {docker_operator.py:243} INFO - Executing notebook with kernel: venv-kensho-raw-to-db
[2020-07-18 17:11:54,627] {docker_operator.py:243} INFO - Executing Cell 1---------------------------------------
[2020-07-18 17:11:54,639] {docker_operator.py:243} INFO - Ending Cell 1------------------------------------------
[2020-07-18 17:11:54,650] {docker_operator.py:243} INFO - Executing Cell 2---------------------------------------
[2020-07-18 17:11:54,661] {docker_operator.py:243} INFO - Ending Cell 2------------------------------------------
[2020-07-18 17:11:54,671] {docker_operator.py:243} INFO - Executing Cell 3---------------------------------------
[2020-07-18 17:11:54,681] {docker_operator.py:243} INFO - Ending Cell 3------------------------------------------
[2020-07-18 17:11:54,692] {docker_operator.py:243} INFO - Executing Cell 4---------------------------------------
[2020-07-18 17:11:54,990] {docker_operator.py:243} INFO - Ending Cell 4------------------------------------------
[2020-07-18 17:11:55,002] {docker_operator.py:243} INFO - Executing Cell 5---------------------------------------
[2020-07-18 17:11:55,013] {docker_operator.py:243} INFO - Ending Cell 5------------------------------------------
[2020-07-18 17:11:55,024] {docker_operator.py:243} INFO - Executing Cell 6---------------------------------------
[2020-07-18 17:11:55,034] {docker_operator.py:243} INFO - Ending Cell 6------------------------------------------
[2020-07-18 17:11:55,045] {docker_operator.py:243} INFO - Executing Cell 7---------------------------------------
[2020-07-18 17:11:55,055] {docker_operator.py:243} INFO - Ending Cell 7------------------------------------------
[2020-07-18 17:11:55,066] {docker_operator.py:243} INFO - Executing Cell 8---------------------------------------
[2020-07-18 17:11:55,084] {docker_operator.py:243} INFO - Ending Cell 8------------------------------------------
[2020-07-18 17:11:55,095] {docker_operator.py:243} INFO - Executing Cell 9---------------------------------------
[2020-07-18 17:11:55,106] {docker_operator.py:243} INFO - Ending Cell 9------------------------------------------
[2020-07-18 17:11:55,117] {docker_operator.py:243} INFO - Executing Cell 10--------------------------------------
[2020-07-18 17:11:55,158] {docker_operator.py:243} INFO - sepal_length  sepal_width  petal_length  petal_width species  \
0           5.1          3.5           1.4          0.2  setosa   
1           4.9          3.0           1.4          0.2  setosa   
2           4.7          3.2           1.3          0.2  setosa   
3           4.6          3.1           1.5          0.2  setosa   
4           5.0          3.6           1.4          0.2  setosa   

                   timestamp  
0 2020-07-18 21:11:55.138361  
1 2020-07-18 21:11:55.138361  
2 2020-07-18 21:11:55.138361  
3 2020-07-18 21:11:55.138361  
4 2020-07-18 21:11:55.138361
[2020-07-18 17:11:55,162] {docker_operator.py:243} INFO - Ending Cell 10-----------------------------------------
[2020-07-18 17:11:55,173] {docker_operator.py:243} INFO - Executing Cell 11--------------------------------------
[2020-07-18 17:11:55,184] {docker_operator.py:243} INFO - Ending Cell 11-----------------------------------------
[2020-07-18 17:11:55,196] {docker_operator.py:243} INFO - Executing Cell 12--------------------------------------
[2020-07-18 17:11:55,207] {docker_operator.py:243} INFO - Ending Cell 12-----------------------------------------
[2020-07-18 17:11:55,218] {docker_operator.py:243} INFO - Executing Cell 13--------------------------------------
[2020-07-18 17:11:55,239] {docker_operator.py:243} INFO - Ending Cell 13-----------------------------------------
[2020-07-18 17:11:55,250] {docker_operator.py:243} INFO - Executing Cell 14--------------------------------------
[2020-07-18 17:11:55,268] {docker_operator.py:243} INFO - docker.for.mac.host.internal
[2020-07-18 17:11:55,272] {docker_operator.py:243} INFO - Ending Cell 14-----------------------------------------
[2020-07-18 17:11:55,284] {docker_operator.py:243} INFO - Executing Cell 15--------------------------------------
[2020-07-18 17:11:55,401] {docker_operator.py:243} INFO - Ending Cell 15-----------------------------------------
[2020-07-18 17:11:55,412] {docker_operator.py:243} INFO - Executing Cell 16--------------------------------------
[2020-07-18 17:11:55,431] {docker_operator.py:243} INFO - docker.for.mac.host.internal
[2020-07-18 17:11:55,434] {docker_operator.py:243} INFO - Ending Cell 16-----------------------------------------
[2020-07-18 17:11:55,447] {docker_operator.py:243} INFO - Executing Cell 17--------------------------------------
[2020-07-18 17:11:55,460] {docker_operator.py:243} INFO - Ending Cell 17-----------------------------------------
[2020-07-18 17:11:55,472] {docker_operator.py:243} INFO - Executing Cell 18--------------------------------------
[2020-07-18 17:11:55,574] {docker_operator.py:243} INFO - worked on run 3
[2020-07-18 17:11:55,577] {docker_operator.py:243} INFO - Ending Cell 18-----------------------------------------
[2020-07-18 17:11:55,591] {docker_operator.py:243} INFO - Executing Cell 19--------------------------------------
[2020-07-18 17:11:55,610] {docker_operator.py:243} INFO - {'host': 'docker.for.mac.host.internal',
 'port': 3306,
 'user': 'mendes',
 'password': 'test',
 'database': 'test_db'}
[2020-07-18 17:11:55,613] {docker_operator.py:243} INFO - Ending Cell 19-----------------------------------------
[2020-07-18 17:11:55,628] {docker_operator.py:243} INFO - Executing Cell 20--------------------------------------
[2020-07-18 17:11:55,642] {docker_operator.py:243} INFO - Ending Cell 20-----------------------------------------
[2020-07-18 17:11:56,235] {taskinstance.py:1070} INFO - Marking task as SUCCESS.dag_id=etl_preprocessing, task_id=raw-to-db_web, execution_date=20200718T211111, start_date=20200718T211152, end_date=20200718T211156
[2020-07-18 17:11:57,980] {local_task_job.py:102} INFO - Task exited with return code 0
