[2020-07-18 18:42:03,972] {taskinstance.py:670} INFO - Dependencies all met for <TaskInstance: etl_preprocessing.preprocess_train 2020-07-18T22:38:27.479628+00:00 [queued]>
[2020-07-18 18:42:03,980] {taskinstance.py:670} INFO - Dependencies all met for <TaskInstance: etl_preprocessing.preprocess_train 2020-07-18T22:38:27.479628+00:00 [queued]>
[2020-07-18 18:42:03,980] {taskinstance.py:880} INFO - 
--------------------------------------------------------------------------------
[2020-07-18 18:42:03,980] {taskinstance.py:881} INFO - Starting attempt 1 of 1
[2020-07-18 18:42:03,980] {taskinstance.py:882} INFO - 
--------------------------------------------------------------------------------
[2020-07-18 18:42:03,985] {taskinstance.py:901} INFO - Executing <Task(DockerOperator): preprocess_train> on 2020-07-18T22:38:27.479628+00:00
[2020-07-18 18:42:03,987] {standard_task_runner.py:54} INFO - Started process 52171 to run task
[2020-07-18 18:42:04,012] {standard_task_runner.py:77} INFO - Running: ['airflow', 'run', 'etl_preprocessing', 'preprocess_train', '2020-07-18T22:38:27.479628+00:00', '--job_id', '78', '--pool', 'default_pool', '--raw', '-sd', 'DAGS_FOLDER/elt_preprocessing.py', '--cfg_path', '/var/folders/00/80wjhvv115lcj4bckmhhb8x40000gn/T/tmps563z080']
[2020-07-18 18:42:04,014] {standard_task_runner.py:78} INFO - Job 78: Subtask preprocess_train
[2020-07-18 18:42:04,036] {logging_mixin.py:112} INFO - Running %s on host %s <TaskInstance: etl_preprocessing.preprocess_train 2020-07-18T22:38:27.479628+00:00 [running]> 1.0.0.0.0.0.0.0.0.0.0.0.0.0.0.0.0.0.0.0.0.0.0.0.0.0.0.0.0.0.0.0.ip6.arpa
[2020-07-18 18:42:04,164] {docker_operator.py:210} INFO - Starting docker container from image feature_selection_web:latest
[2020-07-18 18:42:04,742] {docker_operator.py:243} INFO - Input Notebook:  notebooks/feature_selection.ipynb
Output Notebook: notebooks/output/code_exec_111111.ipynb
[2020-07-18 18:42:05,640] {docker_operator.py:243} INFO - Executing notebook with kernel: venv-kensho-feature-selection
Executing Cell 1---------------------------------------
[2020-07-18 18:42:05,663] {docker_operator.py:243} INFO - Ending Cell 1------------------------------------------
[2020-07-18 18:42:05,675] {docker_operator.py:243} INFO - Executing Cell 2---------------------------------------
[2020-07-18 18:42:05,694] {docker_operator.py:243} INFO - name of the variable:docker.for.mac.host.internal
[2020-07-18 18:42:05,698] {docker_operator.py:243} INFO - Ending Cell 2------------------------------------------
[2020-07-18 18:42:05,711] {docker_operator.py:243} INFO - Executing Cell 3---------------------------------------
[2020-07-18 18:42:05,723] {docker_operator.py:243} INFO - Ending Cell 3------------------------------------------
[2020-07-18 18:42:05,736] {docker_operator.py:243} INFO - Executing Cell 4---------------------------------------
[2020-07-18 18:42:05,761] {docker_operator.py:243} INFO - '/'
[2020-07-18 18:42:05,766] {docker_operator.py:243} INFO - Ending Cell 4------------------------------------------
[2020-07-18 18:42:05,779] {docker_operator.py:243} INFO - Executing Cell 5---------------------------------------
[2020-07-18 18:42:05,792] {docker_operator.py:243} INFO - Ending Cell 5------------------------------------------
[2020-07-18 18:42:05,805] {docker_operator.py:243} INFO - Executing Cell 6---------------------------------------
[2020-07-18 18:42:05,819] {docker_operator.py:243} INFO - Ending Cell 6------------------------------------------
[2020-07-18 18:42:05,833] {docker_operator.py:243} INFO - Executing Cell 7---------------------------------------
[2020-07-18 18:42:06,477] {docker_operator.py:243} INFO - Ending Cell 7------------------------------------------
[2020-07-18 18:42:06,490] {docker_operator.py:243} INFO - Executing Cell 8---------------------------------------
[2020-07-18 18:42:06,504] {docker_operator.py:243} INFO - Ending Cell 8------------------------------------------
[2020-07-18 18:42:06,517] {docker_operator.py:243} INFO - Executing Cell 9---------------------------------------
[2020-07-18 18:42:06,543] {docker_operator.py:243} INFO - Ending Cell 9------------------------------------------
[2020-07-18 18:42:06,556] {docker_operator.py:243} INFO - Executing Cell 10--------------------------------------
[2020-07-18 18:42:06,570] {docker_operator.py:243} INFO - Ending Cell 10-----------------------------------------
[2020-07-18 18:42:06,583] {docker_operator.py:243} INFO - Executing Cell 11--------------------------------------
[2020-07-18 18:42:07,096] {docker_operator.py:243} INFO - docker.for.mac.host.internal
[2020-07-18 18:42:07,202] {docker_operator.py:243} INFO - Ending Cell 11-----------------------------------------
[2020-07-18 18:42:07,216] {docker_operator.py:243} INFO - Executing Cell 12--------------------------------------
[2020-07-18 18:42:07,231] {docker_operator.py:243} INFO - Ending Cell 12-----------------------------------------
[2020-07-18 18:42:07,245] {docker_operator.py:243} INFO - Executing Cell 13--------------------------------------
[2020-07-18 18:42:07,287] {docker_operator.py:243} INFO - name of the variable inside function:docker.for.mac.host.internal
[2020-07-18 18:42:07,291] {docker_operator.py:243} INFO - Ending Cell 13-----------------------------------------
[2020-07-18 18:42:07,306] {docker_operator.py:243} INFO - Executing Cell 14--------------------------------------
[2020-07-18 18:42:07,321] {docker_operator.py:243} INFO - Ending Cell 14-----------------------------------------
[2020-07-18 18:42:07,336] {docker_operator.py:243} INFO - Executing Cell 15--------------------------------------
[2020-07-18 18:42:07,440] {docker_operator.py:243} INFO - Ending Cell 15-----------------------------------------
[2020-07-18 18:42:07,454] {docker_operator.py:243} INFO - Executing Cell 16--------------------------------------
[2020-07-18 18:42:07,480] {docker_operator.py:243} INFO - Ending Cell 16-----------------------------------------
[2020-07-18 18:42:07,494] {docker_operator.py:243} INFO - Executing Cell 17--------------------------------------
[2020-07-18 18:42:07,519] {docker_operator.py:243} INFO - THIS IS THE:///notebooks/
[2020-07-18 18:42:07,522] {docker_operator.py:243} INFO - Ending Cell 17-----------------------------------------
[2020-07-18 18:42:07,538] {docker_operator.py:243} INFO - Executing Cell 18--------------------------------------
[2020-07-18 18:42:07,560] {docker_operator.py:243} INFO - '///notebooks/'
[2020-07-18 18:42:07,564] {docker_operator.py:243} INFO - Ending Cell 18-----------------------------------------
[2020-07-18 18:42:07,579] {docker_operator.py:243} INFO - Executing Cell 19--------------------------------------
[2020-07-18 18:42:08,094] {docker_operator.py:243} INFO - feature_selection.ipynb  label_encoder.p  [0m[01;34moutput[0m/
[2020-07-18 18:42:08,200] {docker_operator.py:243} INFO - Ending Cell 19-----------------------------------------
[2020-07-18 18:42:08,216] {docker_operator.py:243} INFO - Executing Cell 20--------------------------------------
[2020-07-18 18:42:08,409] {docker_operator.py:243} INFO - Ending Cell 20-----------------------------------------
[2020-07-18 18:42:08,425] {docker_operator.py:243} INFO - Executing Cell 21--------------------------------------
[2020-07-18 18:42:08,448] {docker_operator.py:243} INFO - worked feature selection using . test
[2020-07-18 18:42:08,451] {docker_operator.py:243} INFO - Ending Cell 21-----------------------------------------
[2020-07-18 18:42:08,469] {docker_operator.py:243} INFO - Executing Cell 22--------------------------------------
[2020-07-18 18:42:08,504] {docker_operator.py:243} INFO - sepal_length  sepal_width  petal_length  petal_width  label
0              5.1          3.5           1.4          0.2      0
1              4.9          3.0           1.4          0.2      0
2              4.7          3.2           1.3          0.2      0
3              4.6          3.1           1.5          0.2      0
4              5.0          3.6           1.4          0.2      0
...            ...          ...           ...          ...    ...
1345           6.7          3.0           5.2          2.3      2
1346           6.3          2.5           5.0          1.9      2
1347           6.5          3.0           5.2          2.0      2
1348           6.2          3.4           5.4          2.3      2
1349           5.9          3.0           5.1          1.8      2

[1350 rows x 5 columns]
[2020-07-18 18:42:08,507] {docker_operator.py:243} INFO - Ending Cell 22-----------------------------------------
[2020-07-18 18:42:08,524] {docker_operator.py:243} INFO - Executing Cell 23--------------------------------------
[2020-07-18 18:42:08,541] {docker_operator.py:243} INFO - Ending Cell 23-----------------------------------------
[2020-07-18 18:42:09,142] {taskinstance.py:1070} INFO - Marking task as SUCCESS.dag_id=etl_preprocessing, task_id=preprocess_train, execution_date=20200718T223827, start_date=20200718T224203, end_date=20200718T224209
[2020-07-18 18:42:13,971] {local_task_job.py:102} INFO - Task exited with return code 0
