[2020-07-18 16:00:56,811] {taskinstance.py:670} INFO - Dependencies all met for <TaskInstance: Helloworld.task_2 2016-04-23T00:00:00+00:00 [queued]>
[2020-07-18 16:00:56,822] {taskinstance.py:670} INFO - Dependencies all met for <TaskInstance: Helloworld.task_2 2016-04-23T00:00:00+00:00 [queued]>
[2020-07-18 16:00:56,822] {taskinstance.py:880} INFO - 
--------------------------------------------------------------------------------
[2020-07-18 16:00:56,822] {taskinstance.py:881} INFO - Starting attempt 1 of 2
[2020-07-18 16:00:56,822] {taskinstance.py:882} INFO - 
--------------------------------------------------------------------------------
[2020-07-18 16:00:56,827] {taskinstance.py:901} INFO - Executing <Task(BashOperator): task_2> on 2016-04-23T00:00:00+00:00
[2020-07-18 16:00:56,829] {standard_task_runner.py:54} INFO - Started process 38690 to run task
[2020-07-18 16:00:56,852] {standard_task_runner.py:77} INFO - Running: ['airflow', 'run', 'Helloworld', 'task_2', '2016-04-23T00:00:00+00:00', '--job_id', '42', '--pool', 'default_pool', '--raw', '-sd', 'DAGS_FOLDER/helloworld.py', '--cfg_path', '/var/folders/00/80wjhvv115lcj4bckmhhb8x40000gn/T/tmpn21mfur9']
[2020-07-18 16:00:56,854] {standard_task_runner.py:78} INFO - Job 42: Subtask task_2
[2020-07-18 16:00:56,878] {logging_mixin.py:112} INFO - Running %s on host %s <TaskInstance: Helloworld.task_2 2016-04-23T00:00:00+00:00 [running]> 1.0.0.0.0.0.0.0.0.0.0.0.0.0.0.0.0.0.0.0.0.0.0.0.0.0.0.0.0.0.0.0.ip6.arpa
[2020-07-18 16:00:56,893] {bash_operator.py:113} INFO - Tmp dir root location: 
 /var/folders/00/80wjhvv115lcj4bckmhhb8x40000gn/T
[2020-07-18 16:00:56,894] {bash_operator.py:136} INFO - Temporary script location: /var/folders/00/80wjhvv115lcj4bckmhhb8x40000gn/T/airflowtmp3ft20ik_/task_23w1cj6dx
[2020-07-18 16:00:56,895] {bash_operator.py:146} INFO - Running command: echo "Hello World from Task 2"
[2020-07-18 16:00:56,899] {bash_operator.py:153} INFO - Output:
[2020-07-18 16:00:56,902] {bash_operator.py:157} INFO - Hello World from Task 2
[2020-07-18 16:00:56,902] {bash_operator.py:161} INFO - Command exited with return code 0
[2020-07-18 16:00:56,909] {taskinstance.py:1070} INFO - Marking task as SUCCESS.dag_id=Helloworld, task_id=task_2, execution_date=20160423T000000, start_date=20200718T200056, end_date=20200718T200056
[2020-07-18 16:01:01,812] {local_task_job.py:102} INFO - Task exited with return code 0
