[2020-07-18 15:51:40,915] {taskinstance.py:670} INFO - Dependencies all met for <TaskInstance: Helloworld.task_4 2020-07-18T19:48:44.349772+00:00 [queued]>
[2020-07-18 15:51:40,924] {taskinstance.py:670} INFO - Dependencies all met for <TaskInstance: Helloworld.task_4 2020-07-18T19:48:44.349772+00:00 [queued]>
[2020-07-18 15:51:40,924] {taskinstance.py:880} INFO - 
--------------------------------------------------------------------------------
[2020-07-18 15:51:40,924] {taskinstance.py:881} INFO - Starting attempt 1 of 2
[2020-07-18 15:51:40,924] {taskinstance.py:882} INFO - 
--------------------------------------------------------------------------------
[2020-07-18 15:51:40,930] {taskinstance.py:901} INFO - Executing <Task(BashOperator): task_4> on 2020-07-18T19:48:44.349772+00:00
[2020-07-18 15:51:40,932] {standard_task_runner.py:54} INFO - Started process 37932 to run task
[2020-07-18 15:51:40,954] {standard_task_runner.py:77} INFO - Running: ['airflow', 'run', 'Helloworld', 'task_4', '2020-07-18T19:48:44.349772+00:00', '--job_id', '13', '--pool', 'default_pool', '--raw', '-sd', 'DAGS_FOLDER/helloworld.py', '--cfg_path', '/var/folders/00/80wjhvv115lcj4bckmhhb8x40000gn/T/tmpdm5ri6c9']
[2020-07-18 15:51:40,955] {standard_task_runner.py:78} INFO - Job 13: Subtask task_4
[2020-07-18 15:51:40,979] {logging_mixin.py:112} INFO - Running %s on host %s <TaskInstance: Helloworld.task_4 2020-07-18T19:48:44.349772+00:00 [running]> 1.0.0.0.0.0.0.0.0.0.0.0.0.0.0.0.0.0.0.0.0.0.0.0.0.0.0.0.0.0.0.0.ip6.arpa
[2020-07-18 15:51:40,992] {bash_operator.py:113} INFO - Tmp dir root location: 
 /var/folders/00/80wjhvv115lcj4bckmhhb8x40000gn/T
[2020-07-18 15:51:40,993] {bash_operator.py:136} INFO - Temporary script location: /var/folders/00/80wjhvv115lcj4bckmhhb8x40000gn/T/airflowtmp0ip3418w/task_4k9bf2npb
[2020-07-18 15:51:40,994] {bash_operator.py:146} INFO - Running command: echo "Hello World from Task 4"
[2020-07-18 15:51:40,998] {bash_operator.py:153} INFO - Output:
[2020-07-18 15:51:41,001] {bash_operator.py:157} INFO - Hello World from Task 4
[2020-07-18 15:51:41,001] {bash_operator.py:161} INFO - Command exited with return code 0
[2020-07-18 15:51:41,010] {taskinstance.py:1070} INFO - Marking task as SUCCESS.dag_id=Helloworld, task_id=task_4, execution_date=20200718T194844, start_date=20200718T195140, end_date=20200718T195141
[2020-07-18 15:51:45,913] {local_task_job.py:102} INFO - Task exited with return code 0
