[2020-07-18 18:41:04,587] {taskinstance.py:670} INFO - Dependencies all met for <TaskInstance: etl_preprocessing.split-data_web 2020-07-18T22:38:27.479628+00:00 [queued]>
[2020-07-18 18:41:04,596] {taskinstance.py:670} INFO - Dependencies all met for <TaskInstance: etl_preprocessing.split-data_web 2020-07-18T22:38:27.479628+00:00 [queued]>
[2020-07-18 18:41:04,596] {taskinstance.py:880} INFO - 
--------------------------------------------------------------------------------
[2020-07-18 18:41:04,596] {taskinstance.py:881} INFO - Starting attempt 1 of 1
[2020-07-18 18:41:04,596] {taskinstance.py:882} INFO - 
--------------------------------------------------------------------------------
[2020-07-18 18:41:04,601] {taskinstance.py:901} INFO - Executing <Task(DockerOperator): split-data_web> on 2020-07-18T22:38:27.479628+00:00
[2020-07-18 18:41:04,603] {standard_task_runner.py:54} INFO - Started process 52089 to run task
[2020-07-18 18:41:04,628] {standard_task_runner.py:77} INFO - Running: ['airflow', 'run', 'etl_preprocessing', 'split-data_web', '2020-07-18T22:38:27.479628+00:00', '--job_id', '77', '--pool', 'default_pool', '--raw', '-sd', 'DAGS_FOLDER/elt_preprocessing.py', '--cfg_path', '/var/folders/00/80wjhvv115lcj4bckmhhb8x40000gn/T/tmpefdni9w1']
[2020-07-18 18:41:04,629] {standard_task_runner.py:78} INFO - Job 77: Subtask split-data_web
[2020-07-18 18:41:04,652] {logging_mixin.py:112} INFO - Running %s on host %s <TaskInstance: etl_preprocessing.split-data_web 2020-07-18T22:38:27.479628+00:00 [running]> 1.0.0.0.0.0.0.0.0.0.0.0.0.0.0.0.0.0.0.0.0.0.0.0.0.0.0.0.0.0.0.0.ip6.arpa
[2020-07-18 18:41:04,778] {docker_operator.py:210} INFO - Starting docker container from image split_data_web:latest
[2020-07-18 18:41:05,331] {docker_operator.py:243} INFO - Input Notebook:  notebooks/split_data.ipynb
Output Notebook: notebooks/output/code_exec_111111.ipynb
[2020-07-18 18:41:06,207] {docker_operator.py:243} INFO - Executing notebook with kernel: venv-kensho-split-data
[2020-07-18 18:41:06,209] {docker_operator.py:243} INFO - Executing Cell 1---------------------------------------
[2020-07-18 18:41:06,218] {docker_operator.py:243} INFO - Ending Cell 1------------------------------------------
[2020-07-18 18:41:06,227] {docker_operator.py:243} INFO - Executing Cell 2---------------------------------------
[2020-07-18 18:41:06,236] {docker_operator.py:243} INFO - Ending Cell 2------------------------------------------
[2020-07-18 18:41:06,244] {docker_operator.py:243} INFO - Executing Cell 3---------------------------------------
[2020-07-18 18:41:06,253] {docker_operator.py:243} INFO - Ending Cell 3------------------------------------------
[2020-07-18 18:41:06,262] {docker_operator.py:243} INFO - Executing Cell 4---------------------------------------
[2020-07-18 18:41:06,635] {docker_operator.py:243} INFO - Ending Cell 4------------------------------------------
[2020-07-18 18:41:06,644] {docker_operator.py:243} INFO - Executing Cell 5---------------------------------------
[2020-07-18 18:41:06,652] {docker_operator.py:243} INFO - Ending Cell 5------------------------------------------
[2020-07-18 18:41:06,662] {docker_operator.py:243} INFO - Executing Cell 6---------------------------------------
[2020-07-18 18:41:06,670] {docker_operator.py:243} INFO - Ending Cell 6------------------------------------------
[2020-07-18 18:41:06,679] {docker_operator.py:243} INFO - Executing Cell 7---------------------------------------
[2020-07-18 18:41:06,687] {docker_operator.py:243} INFO - Ending Cell 7------------------------------------------
[2020-07-18 18:41:06,697] {docker_operator.py:243} INFO - Executing Cell 8---------------------------------------
[2020-07-18 18:41:06,705] {docker_operator.py:243} INFO - Ending Cell 8------------------------------------------
[2020-07-18 18:41:06,714] {docker_operator.py:243} INFO - Executing Cell 9---------------------------------------
[2020-07-18 18:41:06,722] {docker_operator.py:243} INFO - Ending Cell 9------------------------------------------
[2020-07-18 18:41:06,732] {docker_operator.py:243} INFO - Executing Cell 10--------------------------------------
[2020-07-18 18:41:06,740] {docker_operator.py:243} INFO - Ending Cell 10-----------------------------------------
[2020-07-18 18:41:06,749] {docker_operator.py:243} INFO - Executing Cell 11--------------------------------------
[2020-07-18 18:41:06,789] {docker_operator.py:243} INFO - Ending Cell 11-----------------------------------------
[2020-07-18 18:41:06,799] {docker_operator.py:243} INFO - Executing Cell 12--------------------------------------
[2020-07-18 18:41:06,808] {docker_operator.py:243} INFO - Ending Cell 12-----------------------------------------
[2020-07-18 18:41:06,817] {docker_operator.py:243} INFO - Executing Cell 13--------------------------------------
[2020-07-18 18:41:06,888] {docker_operator.py:243} INFO - Ending Cell 13-----------------------------------------
[2020-07-18 18:41:06,898] {docker_operator.py:243} INFO - Executing Cell 14--------------------------------------
[2020-07-18 18:41:06,912] {docker_operator.py:243} INFO - worked sql_data
[2020-07-18 18:41:06,915] {docker_operator.py:243} INFO - Ending Cell 14-----------------------------------------
[2020-07-18 18:41:06,925] {docker_operator.py:243} INFO - Executing Cell 15--------------------------------------
[2020-07-18 18:41:06,935] {docker_operator.py:243} INFO - Ending Cell 15-----------------------------------------
[2020-07-18 18:41:07,520] {taskinstance.py:1070} INFO - Marking task as SUCCESS.dag_id=etl_preprocessing, task_id=split-data_web, execution_date=20200718T223827, start_date=20200718T224104, end_date=20200718T224107
[2020-07-18 18:41:09,585] {local_task_job.py:102} INFO - Task exited with return code 0
