[2020-07-18 20:05:07,673] {taskinstance.py:670} INFO - Dependencies all met for <TaskInstance: etl_preprocessing.train 2020-07-18T00:00:00+00:00 [queued]>
[2020-07-18 20:05:07,681] {taskinstance.py:670} INFO - Dependencies all met for <TaskInstance: etl_preprocessing.train 2020-07-18T00:00:00+00:00 [queued]>
[2020-07-18 20:05:07,681] {taskinstance.py:880} INFO - 
--------------------------------------------------------------------------------
[2020-07-18 20:05:07,681] {taskinstance.py:881} INFO - Starting attempt 1 of 1
[2020-07-18 20:05:07,681] {taskinstance.py:882} INFO - 
--------------------------------------------------------------------------------
[2020-07-18 20:05:07,686] {taskinstance.py:901} INFO - Executing <Task(DockerOperator): train> on 2020-07-18T00:00:00+00:00
[2020-07-18 20:05:07,688] {standard_task_runner.py:54} INFO - Started process 58745 to run task
[2020-07-18 20:05:07,712] {standard_task_runner.py:77} INFO - Running: ['airflow', 'run', 'etl_preprocessing', 'train', '2020-07-18T00:00:00+00:00', '--job_id', '85', '--pool', 'default_pool', '--raw', '-sd', 'DAGS_FOLDER/elt_preprocessing.py', '--cfg_path', '/var/folders/00/80wjhvv115lcj4bckmhhb8x40000gn/T/tmpxk726w6y']
[2020-07-18 20:05:07,714] {standard_task_runner.py:78} INFO - Job 85: Subtask train
[2020-07-18 20:05:07,738] {logging_mixin.py:112} INFO - Running %s on host %s <TaskInstance: etl_preprocessing.train 2020-07-18T00:00:00+00:00 [running]> 1.0.0.0.0.0.0.0.0.0.0.0.0.0.0.0.0.0.0.0.0.0.0.0.0.0.0.0.0.0.0.0.ip6.arpa
[2020-07-18 20:05:07,875] {docker_operator.py:210} INFO - Starting docker container from image train_web:latest
[2020-07-18 20:05:08,478] {docker_operator.py:243} INFO - Input Notebook:  notebooks/train.ipynb
Output Notebook: notebooks/output/code_exec_111111.ipynb
[2020-07-18 20:05:09,392] {docker_operator.py:243} INFO - Executing notebook with kernel: venv-kensho-train
Executing Cell 1---------------------------------------
[2020-07-18 20:05:09,403] {docker_operator.py:243} INFO - Ending Cell 1------------------------------------------
[2020-07-18 20:05:09,413] {docker_operator.py:243} INFO - Executing Cell 2---------------------------------------
[2020-07-18 20:05:09,423] {docker_operator.py:243} INFO - Ending Cell 2------------------------------------------
[2020-07-18 20:05:09,433] {docker_operator.py:243} INFO - Executing Cell 3---------------------------------------
[2020-07-18 20:05:09,443] {docker_operator.py:243} INFO - Ending Cell 3------------------------------------------
[2020-07-18 20:05:09,454] {docker_operator.py:243} INFO - Executing Cell 4---------------------------------------
[2020-07-18 20:05:10,254] {docker_operator.py:243} INFO - Ending Cell 4------------------------------------------
[2020-07-18 20:05:10,263] {docker_operator.py:243} INFO - Executing Cell 5---------------------------------------
[2020-07-18 20:05:10,273] {docker_operator.py:243} INFO - Ending Cell 5------------------------------------------
[2020-07-18 20:05:10,283] {docker_operator.py:243} INFO - Executing Cell 6---------------------------------------
[2020-07-18 20:05:10,305] {docker_operator.py:243} INFO - Ending Cell 6------------------------------------------
[2020-07-18 20:05:10,316] {docker_operator.py:243} INFO - Executing Cell 7---------------------------------------
[2020-07-18 20:05:10,326] {docker_operator.py:243} INFO - Ending Cell 7------------------------------------------
[2020-07-18 20:05:10,335] {docker_operator.py:243} INFO - Executing Cell 8---------------------------------------
[2020-07-18 20:05:10,346] {docker_operator.py:243} INFO - Ending Cell 8------------------------------------------
[2020-07-18 20:05:10,356] {docker_operator.py:243} INFO - Executing Cell 9---------------------------------------
[2020-07-18 20:05:10,365] {docker_operator.py:243} INFO - Ending Cell 9------------------------------------------
[2020-07-18 20:05:10,375] {docker_operator.py:243} INFO - Executing Cell 10--------------------------------------
[2020-07-18 20:05:10,410] {docker_operator.py:243} INFO - docker.for.mac.host.internal
[2020-07-18 20:05:10,413] {docker_operator.py:243} INFO - Ending Cell 10-----------------------------------------
[2020-07-18 20:05:10,423] {docker_operator.py:243} INFO - Executing Cell 11--------------------------------------
[2020-07-18 20:05:10,434] {docker_operator.py:243} INFO - Ending Cell 11-----------------------------------------
[2020-07-18 20:05:10,444] {docker_operator.py:243} INFO - Executing Cell 12--------------------------------------
[2020-07-18 20:05:10,552] {docker_operator.py:243} INFO - Ending Cell 12-----------------------------------------
[2020-07-18 20:05:10,563] {docker_operator.py:243} INFO - Executing Cell 13--------------------------------------
[2020-07-18 20:05:10,585] {docker_operator.py:243} INFO - Ending Cell 13-----------------------------------------
[2020-07-18 20:05:10,596] {docker_operator.py:243} INFO - Executing Cell 14--------------------------------------
[2020-07-18 20:05:10,785] {docker_operator.py:243} INFO - THIS IS THE:///notebooks/
[2020-07-18 20:05:10,788] {docker_operator.py:243} INFO - Ending Cell 14-----------------------------------------
[2020-07-18 20:05:10,799] {docker_operator.py:243} INFO - Executing Cell 15--------------------------------------
[2020-07-18 20:05:10,842] {docker_operator.py:243} INFO - 1.0
[2020-07-18 20:05:10,844] {docker_operator.py:243} INFO - Ending Cell 15-----------------------------------------
[2020-07-18 20:05:10,856] {docker_operator.py:243} INFO - Executing Cell 16--------------------------------------
[2020-07-18 20:05:11,010] {docker_operator.py:243} INFO - precision    recall  f1-score   support

           0       1.00      1.00      1.00       450
           1       1.00      1.00      1.00       450
           2       1.00      1.00      1.00       450

    accuracy                           1.00      1350
   macro avg       1.00      1.00      1.00      1350
weighted avg       1.00      1.00      1.00      1350
[2020-07-18 20:05:11,013] {docker_operator.py:243} INFO - Ending Cell 16-----------------------------------------
[2020-07-18 20:05:11,025] {docker_operator.py:243} INFO - Executing Cell 17--------------------------------------
[2020-07-18 20:05:11,037] {docker_operator.py:243} INFO - Ending Cell 17-----------------------------------------
[2020-07-18 20:05:11,653] {taskinstance.py:1070} INFO - Marking task as SUCCESS.dag_id=etl_preprocessing, task_id=train, execution_date=20200718T000000, start_date=20200719T000507, end_date=20200719T000511
[2020-07-18 20:05:12,671] {local_task_job.py:102} INFO - Task exited with return code 0
