[2020-07-18 17:11:59,205] {taskinstance.py:670} INFO - Dependencies all met for <TaskInstance: etl_preprocessing.split-data_web 2020-07-18T21:11:11.389980+00:00 [queued]>
[2020-07-18 17:11:59,211] {taskinstance.py:670} INFO - Dependencies all met for <TaskInstance: etl_preprocessing.split-data_web 2020-07-18T21:11:11.389980+00:00 [queued]>
[2020-07-18 17:11:59,211] {taskinstance.py:880} INFO - 
--------------------------------------------------------------------------------
[2020-07-18 17:11:59,211] {taskinstance.py:881} INFO - Starting attempt 1 of 1
[2020-07-18 17:11:59,211] {taskinstance.py:882} INFO - 
--------------------------------------------------------------------------------
[2020-07-18 17:11:59,216] {taskinstance.py:901} INFO - Executing <Task(DockerOperator): split-data_web> on 2020-07-18T21:11:11.389980+00:00
[2020-07-18 17:11:59,218] {standard_task_runner.py:54} INFO - Started process 44245 to run task
[2020-07-18 17:11:59,244] {standard_task_runner.py:77} INFO - Running: ['airflow', 'run', 'etl_preprocessing', 'split-data_web', '2020-07-18T21:11:11.389980+00:00', '--job_id', '62', '--pool', 'default_pool', '--raw', '-sd', 'DAGS_FOLDER/elt_preprocessing.py', '--cfg_path', '/var/folders/00/80wjhvv115lcj4bckmhhb8x40000gn/T/tmp9ts9xw0r']
[2020-07-18 17:11:59,246] {standard_task_runner.py:78} INFO - Job 62: Subtask split-data_web
[2020-07-18 17:11:59,269] {logging_mixin.py:112} INFO - Running %s on host %s <TaskInstance: etl_preprocessing.split-data_web 2020-07-18T21:11:11.389980+00:00 [running]> 1.0.0.0.0.0.0.0.0.0.0.0.0.0.0.0.0.0.0.0.0.0.0.0.0.0.0.0.0.0.0.0.ip6.arpa
[2020-07-18 17:11:59,388] {docker_operator.py:210} INFO - Starting docker container from image split_data_web:latest
[2020-07-18 17:11:59,949] {docker_operator.py:243} INFO - Input Notebook:  notebooks/split_data.ipynb
Output Notebook: notebooks/output/code_exec_111111.ipynb
[2020-07-18 17:12:00,829] {docker_operator.py:243} INFO - Executing notebook with kernel: venv-kensho-split-data
Executing Cell 1---------------------------------------
[2020-07-18 17:12:00,839] {docker_operator.py:243} INFO - Ending Cell 1------------------------------------------
[2020-07-18 17:12:00,850] {docker_operator.py:243} INFO - Executing Cell 2---------------------------------------
[2020-07-18 17:12:00,859] {docker_operator.py:243} INFO - Ending Cell 2------------------------------------------
[2020-07-18 17:12:00,867] {docker_operator.py:243} INFO - Executing Cell 3---------------------------------------
[2020-07-18 17:12:00,875] {docker_operator.py:243} INFO - Ending Cell 3------------------------------------------
[2020-07-18 17:12:00,883] {docker_operator.py:243} INFO - Executing Cell 4---------------------------------------
[2020-07-18 17:12:01,237] {docker_operator.py:243} INFO - Ending Cell 4------------------------------------------
[2020-07-18 17:12:01,246] {docker_operator.py:243} INFO - Executing Cell 5---------------------------------------
[2020-07-18 17:12:01,255] {docker_operator.py:243} INFO - Ending Cell 5------------------------------------------
[2020-07-18 17:12:01,264] {docker_operator.py:243} INFO - Executing Cell 6---------------------------------------
[2020-07-18 17:12:01,272] {docker_operator.py:243} INFO - Ending Cell 6------------------------------------------
[2020-07-18 17:12:01,280] {docker_operator.py:243} INFO - Executing Cell 7---------------------------------------
[2020-07-18 17:12:01,288] {docker_operator.py:243} INFO - Ending Cell 7------------------------------------------
[2020-07-18 17:12:01,296] {docker_operator.py:243} INFO - Executing Cell 8---------------------------------------
[2020-07-18 17:12:01,305] {docker_operator.py:243} INFO - Ending Cell 8------------------------------------------
[2020-07-18 17:12:01,313] {docker_operator.py:243} INFO - Executing Cell 9---------------------------------------
[2020-07-18 17:12:01,321] {docker_operator.py:243} INFO - Ending Cell 9------------------------------------------
[2020-07-18 17:12:01,329] {docker_operator.py:243} INFO - Executing Cell 10--------------------------------------
[2020-07-18 17:12:01,337] {docker_operator.py:243} INFO - Ending Cell 10-----------------------------------------
[2020-07-18 17:12:01,345] {docker_operator.py:243} INFO - Executing Cell 11--------------------------------------
[2020-07-18 17:12:01,389] {docker_operator.py:243} INFO - Ending Cell 11-----------------------------------------
[2020-07-18 17:12:01,397] {docker_operator.py:243} INFO - Executing Cell 12--------------------------------------
[2020-07-18 17:12:01,405] {docker_operator.py:243} INFO - Ending Cell 12-----------------------------------------
[2020-07-18 17:12:01,413] {docker_operator.py:243} INFO - Executing Cell 13--------------------------------------
[2020-07-18 17:12:01,476] {docker_operator.py:243} INFO - Ending Cell 13-----------------------------------------
[2020-07-18 17:12:01,485] {docker_operator.py:243} INFO - Executing Cell 14--------------------------------------
[2020-07-18 17:12:01,501] {docker_operator.py:243} INFO - worked sql_data
[2020-07-18 17:12:01,505] {docker_operator.py:243} INFO - Ending Cell 14-----------------------------------------
[2020-07-18 17:12:01,513] {docker_operator.py:243} INFO - Executing Cell 15--------------------------------------
[2020-07-18 17:12:01,523] {docker_operator.py:243} INFO - Ending Cell 15-----------------------------------------
[2020-07-18 17:12:02,092] {taskinstance.py:1070} INFO - Marking task as SUCCESS.dag_id=etl_preprocessing, task_id=split-data_web, execution_date=20200718T211111, start_date=20200718T211159, end_date=20200718T211202
[2020-07-18 17:12:04,203] {local_task_job.py:102} INFO - Task exited with return code 0
