[2020-07-18 16:02:08,532] {taskinstance.py:670} INFO - Dependencies all met for <TaskInstance: Helloworld.task_1 2016-04-25T00:00:00+00:00 [queued]>
[2020-07-18 16:02:08,537] {taskinstance.py:670} INFO - Dependencies all met for <TaskInstance: Helloworld.task_1 2016-04-25T00:00:00+00:00 [queued]>
[2020-07-18 16:02:08,538] {taskinstance.py:880} INFO - 
--------------------------------------------------------------------------------
[2020-07-18 16:02:08,538] {taskinstance.py:881} INFO - Starting attempt 1 of 2
[2020-07-18 16:02:08,538] {taskinstance.py:882} INFO - 
--------------------------------------------------------------------------------
[2020-07-18 16:02:08,543] {taskinstance.py:901} INFO - Executing <Task(BashOperator): task_1> on 2016-04-25T00:00:00+00:00
[2020-07-18 16:02:08,544] {standard_task_runner.py:54} INFO - Started process 38824 to run task
[2020-07-18 16:02:08,569] {standard_task_runner.py:77} INFO - Running: ['airflow', 'run', 'Helloworld', 'task_1', '2016-04-25T00:00:00+00:00', '--job_id', '45', '--pool', 'default_pool', '--raw', '-sd', 'DAGS_FOLDER/helloworld.py', '--cfg_path', '/var/folders/00/80wjhvv115lcj4bckmhhb8x40000gn/T/tmpnx2odg18']
[2020-07-18 16:02:08,571] {standard_task_runner.py:78} INFO - Job 45: Subtask task_1
[2020-07-18 16:02:08,594] {logging_mixin.py:112} INFO - Running %s on host %s <TaskInstance: Helloworld.task_1 2016-04-25T00:00:00+00:00 [running]> 1.0.0.0.0.0.0.0.0.0.0.0.0.0.0.0.0.0.0.0.0.0.0.0.0.0.0.0.0.0.0.0.ip6.arpa
[2020-07-18 16:02:08,607] {bash_operator.py:113} INFO - Tmp dir root location: 
 /var/folders/00/80wjhvv115lcj4bckmhhb8x40000gn/T
[2020-07-18 16:02:08,608] {bash_operator.py:136} INFO - Temporary script location: /var/folders/00/80wjhvv115lcj4bckmhhb8x40000gn/T/airflowtmp6vwcx727/task_1q0g0otkd
[2020-07-18 16:02:08,609] {bash_operator.py:146} INFO - Running command: echo "Hello World from Task 1"
[2020-07-18 16:02:08,614] {bash_operator.py:153} INFO - Output:
[2020-07-18 16:02:08,617] {bash_operator.py:157} INFO - Hello World from Task 1
[2020-07-18 16:02:08,618] {bash_operator.py:161} INFO - Command exited with return code 0
[2020-07-18 16:02:08,624] {taskinstance.py:1070} INFO - Marking task as SUCCESS.dag_id=Helloworld, task_id=task_1, execution_date=20160425T000000, start_date=20200718T200208, end_date=20200718T200208
[2020-07-18 16:02:13,536] {local_task_job.py:102} INFO - Task exited with return code 0
