[2020-07-18 15:50:04,131] {taskinstance.py:670} INFO - Dependencies all met for <TaskInstance: Helloworld.task_2 2020-07-18T19:48:44.349772+00:00 [queued]>
[2020-07-18 15:50:04,139] {taskinstance.py:670} INFO - Dependencies all met for <TaskInstance: Helloworld.task_2 2020-07-18T19:48:44.349772+00:00 [queued]>
[2020-07-18 15:50:04,139] {taskinstance.py:880} INFO - 
--------------------------------------------------------------------------------
[2020-07-18 15:50:04,139] {taskinstance.py:881} INFO - Starting attempt 1 of 2
[2020-07-18 15:50:04,139] {taskinstance.py:882} INFO - 
--------------------------------------------------------------------------------
[2020-07-18 15:50:04,148] {taskinstance.py:901} INFO - Executing <Task(BashOperator): task_2> on 2020-07-18T19:48:44.349772+00:00
[2020-07-18 15:50:04,150] {standard_task_runner.py:54} INFO - Started process 37791 to run task
[2020-07-18 15:50:04,171] {standard_task_runner.py:77} INFO - Running: ['airflow', 'run', 'Helloworld', 'task_2', '2020-07-18T19:48:44.349772+00:00', '--job_id', '6', '--pool', 'default_pool', '--raw', '-sd', 'DAGS_FOLDER/helloworld.py', '--cfg_path', '/var/folders/00/80wjhvv115lcj4bckmhhb8x40000gn/T/tmpl6nhupkv']
[2020-07-18 15:50:04,172] {standard_task_runner.py:78} INFO - Job 6: Subtask task_2
[2020-07-18 15:50:04,196] {logging_mixin.py:112} INFO - Running %s on host %s <TaskInstance: Helloworld.task_2 2020-07-18T19:48:44.349772+00:00 [running]> 1.0.0.0.0.0.0.0.0.0.0.0.0.0.0.0.0.0.0.0.0.0.0.0.0.0.0.0.0.0.0.0.ip6.arpa
[2020-07-18 15:50:04,210] {bash_operator.py:113} INFO - Tmp dir root location: 
 /var/folders/00/80wjhvv115lcj4bckmhhb8x40000gn/T
[2020-07-18 15:50:04,211] {bash_operator.py:136} INFO - Temporary script location: /var/folders/00/80wjhvv115lcj4bckmhhb8x40000gn/T/airflowtmphd12a3id/task_2t7lnbk8l
[2020-07-18 15:50:04,211] {bash_operator.py:146} INFO - Running command: echo "Hello World from Task 2"
[2020-07-18 15:50:04,216] {bash_operator.py:153} INFO - Output:
[2020-07-18 15:50:04,219] {bash_operator.py:157} INFO - Hello World from Task 2
[2020-07-18 15:50:04,219] {bash_operator.py:161} INFO - Command exited with return code 0
[2020-07-18 15:50:04,228] {taskinstance.py:1070} INFO - Marking task as SUCCESS.dag_id=Helloworld, task_id=task_2, execution_date=20200718T194844, start_date=20200718T195004, end_date=20200718T195004
[2020-07-18 15:50:09,123] {local_task_job.py:102} INFO - Task exited with return code 0
