[2020-07-18 15:48:58,498] {taskinstance.py:670} INFO - Dependencies all met for <TaskInstance: Helloworld.task_1 2020-07-18T19:48:44.349772+00:00 [queued]>
[2020-07-18 15:48:58,504] {taskinstance.py:670} INFO - Dependencies all met for <TaskInstance: Helloworld.task_1 2020-07-18T19:48:44.349772+00:00 [queued]>
[2020-07-18 15:48:58,504] {taskinstance.py:880} INFO - 
--------------------------------------------------------------------------------
[2020-07-18 15:48:58,504] {taskinstance.py:881} INFO - Starting attempt 1 of 2
[2020-07-18 15:48:58,504] {taskinstance.py:882} INFO - 
--------------------------------------------------------------------------------
[2020-07-18 15:48:58,510] {taskinstance.py:901} INFO - Executing <Task(BashOperator): task_1> on 2020-07-18T19:48:44.349772+00:00
[2020-07-18 15:48:58,512] {standard_task_runner.py:54} INFO - Started process 37709 to run task
[2020-07-18 15:48:58,536] {standard_task_runner.py:77} INFO - Running: ['airflow', 'run', 'Helloworld', 'task_1', '2020-07-18T19:48:44.349772+00:00', '--job_id', '4', '--pool', 'default_pool', '--raw', '-sd', 'DAGS_FOLDER/helloworld.py', '--cfg_path', '/var/folders/00/80wjhvv115lcj4bckmhhb8x40000gn/T/tmpobjqmass']
[2020-07-18 15:48:58,537] {standard_task_runner.py:78} INFO - Job 4: Subtask task_1
[2020-07-18 15:48:58,560] {logging_mixin.py:112} INFO - Running %s on host %s <TaskInstance: Helloworld.task_1 2020-07-18T19:48:44.349772+00:00 [running]> 1.0.0.0.0.0.0.0.0.0.0.0.0.0.0.0.0.0.0.0.0.0.0.0.0.0.0.0.0.0.0.0.ip6.arpa
[2020-07-18 15:48:58,573] {bash_operator.py:113} INFO - Tmp dir root location: 
 /var/folders/00/80wjhvv115lcj4bckmhhb8x40000gn/T
[2020-07-18 15:48:58,574] {bash_operator.py:136} INFO - Temporary script location: /var/folders/00/80wjhvv115lcj4bckmhhb8x40000gn/T/airflowtmp0458cjha/task_1mihjx6w_
[2020-07-18 15:48:58,574] {bash_operator.py:146} INFO - Running command: echo "Hello World from Task 1"
[2020-07-18 15:48:58,579] {bash_operator.py:153} INFO - Output:
[2020-07-18 15:48:58,582] {bash_operator.py:157} INFO - Hello World from Task 1
[2020-07-18 15:48:58,582] {bash_operator.py:161} INFO - Command exited with return code 0
[2020-07-18 15:48:58,588] {taskinstance.py:1070} INFO - Marking task as SUCCESS.dag_id=Helloworld, task_id=task_1, execution_date=20200718T194844, start_date=20200718T194858, end_date=20200718T194858
[2020-07-18 15:49:03,503] {local_task_job.py:102} INFO - Task exited with return code 0
