[2020-07-18 15:50:16,582] {taskinstance.py:670} INFO - Dependencies all met for <TaskInstance: Helloworld.task_2 2016-04-15T00:00:00+00:00 [queued]>
[2020-07-18 15:50:16,591] {taskinstance.py:670} INFO - Dependencies all met for <TaskInstance: Helloworld.task_2 2016-04-15T00:00:00+00:00 [queued]>
[2020-07-18 15:50:16,591] {taskinstance.py:880} INFO - 
--------------------------------------------------------------------------------
[2020-07-18 15:50:16,591] {taskinstance.py:881} INFO - Starting attempt 1 of 2
[2020-07-18 15:50:16,591] {taskinstance.py:882} INFO - 
--------------------------------------------------------------------------------
[2020-07-18 15:50:16,597] {taskinstance.py:901} INFO - Executing <Task(BashOperator): task_2> on 2016-04-15T00:00:00+00:00
[2020-07-18 15:50:16,600] {standard_task_runner.py:54} INFO - Started process 37810 to run task
[2020-07-18 15:50:16,621] {standard_task_runner.py:77} INFO - Running: ['airflow', 'run', 'Helloworld', 'task_2', '2016-04-15T00:00:00+00:00', '--job_id', '8', '--pool', 'default_pool', '--raw', '-sd', 'DAGS_FOLDER/helloworld.py', '--cfg_path', '/var/folders/00/80wjhvv115lcj4bckmhhb8x40000gn/T/tmpj39bft41']
[2020-07-18 15:50:16,623] {standard_task_runner.py:78} INFO - Job 8: Subtask task_2
[2020-07-18 15:50:16,646] {logging_mixin.py:112} INFO - Running %s on host %s <TaskInstance: Helloworld.task_2 2016-04-15T00:00:00+00:00 [running]> 1.0.0.0.0.0.0.0.0.0.0.0.0.0.0.0.0.0.0.0.0.0.0.0.0.0.0.0.0.0.0.0.ip6.arpa
[2020-07-18 15:50:16,661] {bash_operator.py:113} INFO - Tmp dir root location: 
 /var/folders/00/80wjhvv115lcj4bckmhhb8x40000gn/T
[2020-07-18 15:50:16,662] {bash_operator.py:136} INFO - Temporary script location: /var/folders/00/80wjhvv115lcj4bckmhhb8x40000gn/T/airflowtmpbfx3gkvw/task_2bdhno_az
[2020-07-18 15:50:16,662] {bash_operator.py:146} INFO - Running command: echo "Hello World from Task 2"
[2020-07-18 15:50:16,667] {bash_operator.py:153} INFO - Output:
[2020-07-18 15:50:16,670] {bash_operator.py:157} INFO - Hello World from Task 2
[2020-07-18 15:50:16,671] {bash_operator.py:161} INFO - Command exited with return code 0
[2020-07-18 15:50:16,677] {taskinstance.py:1070} INFO - Marking task as SUCCESS.dag_id=Helloworld, task_id=task_2, execution_date=20160415T000000, start_date=20200718T195016, end_date=20200718T195016
[2020-07-18 15:50:21,582] {local_task_job.py:102} INFO - Task exited with return code 0
