[2020-07-18 15:59:33,591] {taskinstance.py:670} INFO - Dependencies all met for <TaskInstance: Helloworld.task_2 2016-04-22T00:00:00+00:00 [queued]>
[2020-07-18 15:59:33,601] {taskinstance.py:670} INFO - Dependencies all met for <TaskInstance: Helloworld.task_2 2016-04-22T00:00:00+00:00 [queued]>
[2020-07-18 15:59:33,601] {taskinstance.py:880} INFO - 
--------------------------------------------------------------------------------
[2020-07-18 15:59:33,601] {taskinstance.py:881} INFO - Starting attempt 1 of 2
[2020-07-18 15:59:33,602] {taskinstance.py:882} INFO - 
--------------------------------------------------------------------------------
[2020-07-18 15:59:33,607] {taskinstance.py:901} INFO - Executing <Task(BashOperator): task_2> on 2016-04-22T00:00:00+00:00
[2020-07-18 15:59:33,609] {standard_task_runner.py:54} INFO - Started process 38577 to run task
[2020-07-18 15:59:33,629] {standard_task_runner.py:77} INFO - Running: ['airflow', 'run', 'Helloworld', 'task_2', '2016-04-22T00:00:00+00:00', '--job_id', '37', '--pool', 'default_pool', '--raw', '-sd', 'DAGS_FOLDER/helloworld.py', '--cfg_path', '/var/folders/00/80wjhvv115lcj4bckmhhb8x40000gn/T/tmp6uutlzso']
[2020-07-18 15:59:33,631] {standard_task_runner.py:78} INFO - Job 37: Subtask task_2
[2020-07-18 15:59:33,655] {logging_mixin.py:112} INFO - Running %s on host %s <TaskInstance: Helloworld.task_2 2016-04-22T00:00:00+00:00 [running]> 1.0.0.0.0.0.0.0.0.0.0.0.0.0.0.0.0.0.0.0.0.0.0.0.0.0.0.0.0.0.0.0.ip6.arpa
[2020-07-18 15:59:33,670] {bash_operator.py:113} INFO - Tmp dir root location: 
 /var/folders/00/80wjhvv115lcj4bckmhhb8x40000gn/T
[2020-07-18 15:59:33,671] {bash_operator.py:136} INFO - Temporary script location: /var/folders/00/80wjhvv115lcj4bckmhhb8x40000gn/T/airflowtmpfjb1o0wj/task_221nopltt
[2020-07-18 15:59:33,671] {bash_operator.py:146} INFO - Running command: echo "Hello World from Task 2"
[2020-07-18 15:59:33,676] {bash_operator.py:153} INFO - Output:
[2020-07-18 15:59:33,678] {bash_operator.py:157} INFO - Hello World from Task 2
[2020-07-18 15:59:33,679] {bash_operator.py:161} INFO - Command exited with return code 0
[2020-07-18 15:59:33,686] {taskinstance.py:1070} INFO - Marking task as SUCCESS.dag_id=Helloworld, task_id=task_2, execution_date=20160422T000000, start_date=20200718T195933, end_date=20200718T195933
[2020-07-18 15:59:38,590] {local_task_job.py:102} INFO - Task exited with return code 0
