[2020-07-18 17:05:18,460] {taskinstance.py:670} INFO - Dependencies all met for <TaskInstance: etl_preprocessing.raw-to-db_web 2020-07-18T21:03:34.935930+00:00 [queued]>
[2020-07-18 17:05:18,469] {taskinstance.py:670} INFO - Dependencies all met for <TaskInstance: etl_preprocessing.raw-to-db_web 2020-07-18T21:03:34.935930+00:00 [queued]>
[2020-07-18 17:05:18,469] {taskinstance.py:880} INFO - 
--------------------------------------------------------------------------------
[2020-07-18 17:05:18,469] {taskinstance.py:881} INFO - Starting attempt 1 of 1
[2020-07-18 17:05:18,469] {taskinstance.py:882} INFO - 
--------------------------------------------------------------------------------
[2020-07-18 17:05:18,474] {taskinstance.py:901} INFO - Executing <Task(DockerOperator): raw-to-db_web> on 2020-07-18T21:03:34.935930+00:00
[2020-07-18 17:05:18,476] {standard_task_runner.py:54} INFO - Started process 43687 to run task
[2020-07-18 17:05:18,502] {standard_task_runner.py:77} INFO - Running: ['airflow', 'run', 'etl_preprocessing', 'raw-to-db_web', '2020-07-18T21:03:34.935930+00:00', '--job_id', '58', '--pool', 'default_pool', '--raw', '-sd', 'DAGS_FOLDER/elt_preprocessing.py', '--cfg_path', '/var/folders/00/80wjhvv115lcj4bckmhhb8x40000gn/T/tmpulg625gs']
[2020-07-18 17:05:18,503] {standard_task_runner.py:78} INFO - Job 58: Subtask raw-to-db_web
[2020-07-18 17:05:18,527] {logging_mixin.py:112} INFO - Running %s on host %s <TaskInstance: etl_preprocessing.raw-to-db_web 2020-07-18T21:03:34.935930+00:00 [running]> 1.0.0.0.0.0.0.0.0.0.0.0.0.0.0.0.0.0.0.0.0.0.0.0.0.0.0.0.0.0.0.0.ip6.arpa
[2020-07-18 17:05:18,651] {docker_operator.py:210} INFO - Starting docker container from image raw_to_db_web:latest
[2020-07-18 17:05:19,331] {docker_operator.py:243} INFO - Input Notebook:  notebooks/raw_to_sql.ipynb
Output Notebook: notebooks/output/raw_to_sql_exec_111111.ipynb
[2020-07-18 17:05:20,318] {docker_operator.py:243} INFO - Executing notebook with kernel: venv-kensho-raw-to-db
Executing Cell 1---------------------------------------
[2020-07-18 17:05:20,330] {docker_operator.py:243} INFO - Ending Cell 1------------------------------------------
[2020-07-18 17:05:20,341] {docker_operator.py:243} INFO - Executing Cell 2---------------------------------------
[2020-07-18 17:05:20,352] {docker_operator.py:243} INFO - Ending Cell 2------------------------------------------
[2020-07-18 17:05:20,363] {docker_operator.py:243} INFO - Executing Cell 3---------------------------------------
[2020-07-18 17:05:20,374] {docker_operator.py:243} INFO - Ending Cell 3------------------------------------------
[2020-07-18 17:05:20,384] {docker_operator.py:243} INFO - Executing Cell 4---------------------------------------
[2020-07-18 17:05:20,826] {docker_operator.py:243} INFO - Ending Cell 4------------------------------------------
[2020-07-18 17:05:20,837] {docker_operator.py:243} INFO - Executing Cell 5---------------------------------------
[2020-07-18 17:05:20,847] {docker_operator.py:243} INFO - Ending Cell 5------------------------------------------
[2020-07-18 17:05:20,859] {docker_operator.py:243} INFO - Executing Cell 6---------------------------------------
[2020-07-18 17:05:20,870] {docker_operator.py:243} INFO - Ending Cell 6------------------------------------------
[2020-07-18 17:05:20,880] {docker_operator.py:243} INFO - Executing Cell 7---------------------------------------
[2020-07-18 17:05:20,892] {docker_operator.py:243} INFO - Ending Cell 7------------------------------------------
[2020-07-18 17:05:20,903] {docker_operator.py:243} INFO - Executing Cell 8---------------------------------------
[2020-07-18 17:05:20,922] {docker_operator.py:243} INFO - Ending Cell 8------------------------------------------
[2020-07-18 17:05:20,933] {docker_operator.py:243} INFO - Executing Cell 9---------------------------------------
[2020-07-18 17:05:20,943] {docker_operator.py:243} INFO - Ending Cell 9------------------------------------------
[2020-07-18 17:05:20,955] {docker_operator.py:243} INFO - Executing Cell 10--------------------------------------
[2020-07-18 17:05:21,003] {docker_operator.py:243} INFO - sepal_length  sepal_width  petal_length  petal_width species  \
0           5.1          3.5           1.4          0.2  setosa   
1           4.9          3.0           1.4          0.2  setosa   
2           4.7          3.2           1.3          0.2  setosa   
3           4.6          3.1           1.5          0.2  setosa   
4           5.0          3.6           1.4          0.2  setosa   

                   timestamp  
0 2020-07-18 21:05:20.998456  
1 2020-07-18 21:05:20.998456  
2 2020-07-18 21:05:20.998456  
3 2020-07-18 21:05:20.998456  
4 2020-07-18 21:05:20.998456
[2020-07-18 17:05:21,005] {docker_operator.py:243} INFO - Ending Cell 10-----------------------------------------
[2020-07-18 17:05:21,017] {docker_operator.py:243} INFO - Executing Cell 11--------------------------------------
[2020-07-18 17:05:21,029] {docker_operator.py:243} INFO - Ending Cell 11-----------------------------------------
[2020-07-18 17:05:21,040] {docker_operator.py:243} INFO - Executing Cell 12--------------------------------------
[2020-07-18 17:05:21,052] {docker_operator.py:243} INFO - Ending Cell 12-----------------------------------------
[2020-07-18 17:05:21,064] {docker_operator.py:243} INFO - Executing Cell 13--------------------------------------
[2020-07-18 17:05:21,084] {docker_operator.py:243} INFO - Ending Cell 13-----------------------------------------
[2020-07-18 17:05:21,096] {docker_operator.py:243} INFO - Executing Cell 14--------------------------------------
[2020-07-18 17:05:21,115] {docker_operator.py:243} INFO - docker.for.mac.host.internal
[2020-07-18 17:05:21,119] {docker_operator.py:243} INFO - Ending Cell 14-----------------------------------------
[2020-07-18 17:05:21,131] {docker_operator.py:243} INFO - Executing Cell 15--------------------------------------
[2020-07-18 17:05:21,285] {docker_operator.py:243} INFO - Ending Cell 15-----------------------------------------
[2020-07-18 17:05:21,298] {docker_operator.py:243} INFO - Executing Cell 16--------------------------------------
[2020-07-18 17:05:21,318] {docker_operator.py:243} INFO - docker.for.mac.host.internal
[2020-07-18 17:05:21,322] {docker_operator.py:243} INFO - Ending Cell 16-----------------------------------------
[2020-07-18 17:05:21,334] {docker_operator.py:243} INFO - Executing Cell 17--------------------------------------
[2020-07-18 17:05:21,347] {docker_operator.py:243} INFO - Ending Cell 17-----------------------------------------
[2020-07-18 17:05:21,360] {docker_operator.py:243} INFO - Executing Cell 18--------------------------------------
[2020-07-18 17:05:21,468] {docker_operator.py:243} INFO - worked on run 3
[2020-07-18 17:05:21,472] {docker_operator.py:243} INFO - Ending Cell 18-----------------------------------------
[2020-07-18 17:05:21,486] {docker_operator.py:243} INFO - Executing Cell 19--------------------------------------
[2020-07-18 17:05:21,507] {docker_operator.py:243} INFO - {'host': 'docker.for.mac.host.internal',
 'port': 3306,
 'user': 'mendes',
 'password': 'test',
 'database': 'test_db'}
[2020-07-18 17:05:21,510] {docker_operator.py:243} INFO - Ending Cell 19-----------------------------------------
[2020-07-18 17:05:21,525] {docker_operator.py:243} INFO - Executing Cell 20--------------------------------------
[2020-07-18 17:05:21,538] {docker_operator.py:243} INFO - Ending Cell 20-----------------------------------------
[2020-07-18 17:05:22,124] {taskinstance.py:1070} INFO - Marking task as SUCCESS.dag_id=etl_preprocessing, task_id=raw-to-db_web, execution_date=20200718T210334, start_date=20200718T210518, end_date=20200718T210522
[2020-07-18 17:05:23,458] {local_task_job.py:102} INFO - Task exited with return code 0
